    0	[Log for <nrutils.core.nrsc.scentry instance at 0x1024182d0>] The file is "/Users/book/MOUNT/tmp/gluster/hogshead/NR_data/GT-MAYA/SS-series/LZ/LZ_D6.2_a0.6_th034_ph000_M77/LZ_D6.2_a0.6_th034_ph000_M77.par". This entry's metadata file is valid.
    1	[Log for <nrutils.core.nrsc.scentry instance at 0x10d2d0e10>] The file is "/Users/book/MOUNT/tmp/gluster/hogshead/NR_data/GT-MAYA/SS-series/LZ/LZ_D6.2_a0.6_th034_ph060_M77/LZ_D6.2_a0.6_th034_ph060_M77.par". This entry's metadata file is valid.
    2	[Log for <nrutils.core.nrsc.scentry instance at 0x10d2d29b0>] The file is "/Users/book/MOUNT/tmp/gluster/hogshead/NR_data/GT-MAYA/SS-series/LZ/LZ_D6.2_a0.6_th034_ph180_M77/LZ_D6.2_a0.6_th034_ph180_M77.par". This entry's metadata file is valid.
    3	[Log for <nrutils.core.nrsc.scentry instance at 0x10d3f2050>] The file is "/Users/book/MOUNT/tmp/gluster/hogshead/NR_data/GT-MAYA/SS-series/LZ/LZ_D6.2_a0.6_th034_ph210_M77/LZ_D6.2_a0.6_th034_ph210_M77.par". This entry's metadata file is valid.
    4	[Log for <nrutils.core.nrsc.scentry instance at 0x10d3f2a00>] The file is "/Users/book/MOUNT/tmp/gluster/hogshead/NR_data/GT-MAYA/SS-series/LZ/LZ_D6.2_a0.6_th034_ph270_M77/LZ_D6.2_a0.6_th034_ph270_M77.par". This entry's metadata file is valid.
    5	[Log for <nrutils.core.nrsc.scentry instance at 0x10d401f50>] The file is "/Users/book/MOUNT/tmp/gluster/hogshead/NR_data/GT-MAYA/SS-series/LZ/LZ_D6.2_a0.6_th034_ph300_M77/LZ_D6.2_a0.6_th034_ph300_M77.par". This entry's metadata file is valid.
    6	[Log for <nrutils.core.nrsc.scentry instance at 0x10d401640>] The file is "/Users/book/MOUNT/tmp/gluster/hogshead/NR_data/GT-MAYA/SS-series/LZ/LZ_D6.2_a0.6_th034_ph030_M77/LZ_D6.2_a0.6_th034_ph030_M77.par". This entry's metadata file is valid.
    7	[Log for <nrutils.core.nrsc.scentry instance at 0x10d3da7d0>] The file is "/Users/book/MOUNT/tmp/gluster/hogshead/NR_data/GT-MAYA/SS-series/LZ/LZ_D6.2_a0.6_th034_ph045_M77/LZ_D6.2_a0.6_th034_ph045_M77.par". This entry's metadata file is valid.
    8	[Log for <nrutils.core.nrsc.scentry instance at 0x10d4140f0>] The file is "/Users/book/MOUNT/tmp/gluster/hogshead/NR_data/GT-MAYA/SS-series/LZ/LZ_D6.2_a0.6_th034_ph090_M77/LZ_D6.2_a0.6_th034_ph090_M77.par". This entry's metadata file is valid.
    9	[Log for <nrutils.core.nrsc.scentry instance at 0x10d4145a0>] The file is "/Users/book/MOUNT/tmp/gluster/hogshead/NR_data/GT-MAYA/SS-series/LZ/LZ_D6.2_a0.6_th034_ph150_M77/LZ_D6.2_a0.6_th034_ph150_M77.par". This entry's metadata file is valid.
   10	[Log for <nrutils.core.nrsc.scentry instance at 0x10d4156e0>] The file is "/Users/book/MOUNT/tmp/gluster/hogshead/NR_data/GT-MAYA/SS-series/LZ/LZ_D6.2_a0.6_th034_ph120_M77/LZ_D6.2_a0.6_th034_ph120_M77.par". This entry's metadata file is valid.
   11	[Log for <nrutils.core.nrsc.scentry instance at 0x10d3db230>] The file is "/Users/book/MOUNT/tmp/gluster/hogshead/NR_data/GT-MAYA/SS-series/LZ/LZ_D6.2_a0.6_th034_ph240_M77/LZ_D6.2_a0.6_th034_ph240_M77.par". This entry's metadata file is valid.
   12	[Log for <nrutils.core.nrsc.scentry instance at 0x10d495e10>] The file is "/Users/book/MOUNT/tmp/gluster/hogshead/NR_data/GT-MAYA/SS-series/LZ/LZ_D6.2_a0.6_th034_ph330_M77/LZ_D6.2_a0.6_th034_ph330_M77.par". This entry's metadata file is valid.
   13	[Log for <nrutils.core.nrsc.scentry instance at 0x10d4872d0>] The file is "/Users/book/MOUNT/tmp/gluster/hogshead/NR_data/GT-MAYA/SS-series/SSaroundPhi/SSaP_D6.2_a0.6_th066_ph000_M77/SSaP_D6.2_a0.6_th066_ph000_M77.par". This entry's metadata file is valid.
   14	[Log for <nrutils.core.nrsc.scentry instance at 0x10d477550>] The file is "/Users/book/MOUNT/tmp/gluster/hogshead/NR_data/GT-MAYA/SS-series/SSaroundPhi/SSaP_D6.2_a0.6_th066_ph090_M77/SSaP_D6.2_a0.6_th066_ph090_M77.par". This entry's metadata file is valid.
   15	[Log for <nrutils.core.nrsc.scentry instance at 0x10d477230>] The file is "/Users/book/MOUNT/tmp/gluster/hogshead/NR_data/GT-MAYA/SS-series/SSaroundPhi/SSaP_D6.2_a0.6_th066_ph120_M77/SSaP_D6.2_a0.6_th066_ph120_M77.par". This entry's metadata file is valid.
   16	[Log for <nrutils.core.nrsc.scentry instance at 0x10d490aa0>] The file is "/Users/book/MOUNT/tmp/gluster/hogshead/NR_data/GT-MAYA/SS-series/SSaroundPhi/SSaP_D6.2_a0.6_th066_ph150_M77/SSaP_D6.2_a0.6_th066_ph150_M77.par". This entry's metadata file is valid.
   17	[Log for <nrutils.core.nrsc.scentry instance at 0x10d490af0>] The file is "/Users/book/MOUNT/tmp/gluster/hogshead/NR_data/GT-MAYA/SS-series/SSaroundPhi/SSaP_D6.2_a0.6_th066_ph060_M77/SSaP_D6.2_a0.6_th066_ph060_M77.par". This entry's metadata file is valid.
   18	[Log for <nrutils.core.nrsc.scentry instance at 0x10d47d780>] The file is "/Users/book/MOUNT/tmp/gluster/hogshead/NR_data/GT-MAYA/SS-series/SSaroundPhi/SSaP_D6.2_a0.6_th066_ph030_M77/SSaP_D6.2_a0.6_th066_ph030_M77.par". This entry's metadata file is valid.
   19	[Log for <nrutils.core.nrsc.scentry instance at 0x10d45ea50>] The file is "/Users/book/MOUNT/tmp/gluster/hogshead/NR_data/GT-MAYA/SS-series/EK/EK_D6.2_a0.6_th045_M77/EK_D6.2_a0.6_th045_M77.par". This entry's metadata file is valid.
   20	[Log for <nrutils.core.nrsc.scentry instance at 0x10d4887d0>] The file is "/Users/book/MOUNT/tmp/gluster/hogshead/NR_data/GT-MAYA/SS-series/EK/EK_D6.2_a0.6_th060_M77/EK_D6.2_a0.6_th060_M77.par". This entry's metadata file is valid.
   21	[Log for <nrutils.core.nrsc.scentry instance at 0x10d465960>] The file is "/Users/book/MOUNT/tmp/gluster/hogshead/NR_data/GT-MAYA/SS-series/EK/EK_D6.2_a0.6_th090_M77/EK_D6.2_a0.6_th090_M77.par". This entry's metadata file is valid.
   22	[Log for <nrutils.core.nrsc.scentry instance at 0x10d468640>] The file is "/Users/book/MOUNT/tmp/gluster/hogshead/NR_data/GT-MAYA/SS-series/EK/EK_D6.2_a0.6_th240_M77/EK_D6.2_a0.6_th240_M77.par". This entry's metadata file is valid.
   23	[Log for <nrutils.core.nrsc.scentry instance at 0x10d425690>] The file is "/Users/book/MOUNT/tmp/gluster/hogshead/NR_data/GT-MAYA/SS-series/EK/EK_D6.2_a0.6_th330_M77/EK_D6.2_a0.6_th330_M77.par". This entry's metadata file is valid.
   24	[Log for <nrutils.core.nrsc.scentry instance at 0x10d430d70>] The file is "/Users/book/MOUNT/tmp/gluster/hogshead/NR_data/GT-MAYA/SS-series/EK/EK_D6.2_a0.6_th120_M77/EK_D6.2_a0.6_th120_M77.par". This entry's metadata file is valid.
   25	[Log for <nrutils.core.nrsc.scentry instance at 0x10d4235a0>] The file is "/Users/book/MOUNT/tmp/gluster/hogshead/NR_data/GT-MAYA/SS-series/EK/EK_D6.2_a0.6_th180_M77/EK_D6.2_a0.6_th180_M77.par". This entry's metadata file is valid.
   26	[Log for <nrutils.core.nrsc.scentry instance at 0x10d437960>] The file is "/Users/book/MOUNT/tmp/gluster/hogshead/NR_data/GT-MAYA/SS-series/EK/EK_D6.2_a0.6_th210_M77/EK_D6.2_a0.6_th210_M77.par". This entry's metadata file is valid.
   27	[Log for <nrutils.core.nrsc.scentry instance at 0x10d43e690>] The file is "/Users/book/MOUNT/tmp/gluster/hogshead/NR_data/GT-MAYA/SS-series/EK/EK_D6.2_a0.6_th270_M77/EK_D6.2_a0.6_th270_M77.par". This entry's metadata file is valid.
   28	[Log for <nrutils.core.nrsc.scentry instance at 0x10d43c9b0>] The file is "/Users/book/MOUNT/tmp/gluster/hogshead/NR_data/GT-MAYA/SS-series/EK/EK_D6.2_a0.6_th000_M77/EK_D6.2_a0.6_th000_M77.par". This entry's metadata file is valid.
   29	[Log for <nrutils.core.nrsc.scentry instance at 0x10d43fb90>] The file is "/Users/book/MOUNT/tmp/gluster/hogshead/NR_data/GT-MAYA/SS-series/EK/EK_D6.2_a0.6_th030_M77/EK_D6.2_a0.6_th030_M77.par". This entry's metadata file is valid.
   30	[Log for <nrutils.core.nrsc.scentry instance at 0x10d4475f0>] The file is "/Users/book/MOUNT/tmp/gluster/hogshead/NR_data/GT-MAYA/SS-series/EK/EK_D6.2_a0.6_th150_M77/EK_D6.2_a0.6_th150_M77.par". This entry's metadata file is valid.
   31	[Log for <nrutils.core.nrsc.scentry instance at 0x10d44b8c0>] The file is "/Users/book/MOUNT/tmp/gluster/hogshead/NR_data/GT-MAYA/SS-series/EK/EK_D6.2_a0.6_th300_M77/EK_D6.2_a0.6_th300_M77.par". This entry's metadata file is valid.
   32	[Log for <nrutils.core.nrsc.scentry instance at 0x10d44e690>] The file is "/Users/book/MOUNT/tmp/gluster/hogshead/NR_data/GT-MAYA/SS-series/EKspin/EK_D6.2_a0.6_th030_spins_M77/EK_D6.2_a0.6_th030_spins_M77.par". This entry's metadata file is valid.
   33	[Log for <nrutils.core.nrsc.scentry instance at 0x10d60a460>] The file is "/Users/book/MOUNT/tmp/gluster/hogshead/NR_data/GT-MAYA/SS-series/EKspin/EK_D6.2_a0.6_th090_spins_M77/EK_D6.2_a0.6_th090_spins_M77.par". This entry's metadata file is valid.
   34	[Log for <nrutils.core.nrsc.scentry instance at 0x10d613550>] The file is "/Users/book/MOUNT/tmp/gluster/hogshead/NR_data/GT-MAYA/SS-series/EKspin/EK_D6.2_a0.6_th150_spins_M77/EK_D6.2_a0.6_th150_spins_M77.par". This entry's metadata file is valid.
   35	[Log for <nrutils.core.nrsc.scentry instance at 0x10d619870>] The file is "/Users/book/MOUNT/tmp/gluster/hogshead/NR_data/GT-MAYA/SS-series/EKspin/EK_D6.2_a0.6_th060_spins_M77/EK_D6.2_a0.6_th060_spins_M77.par". This entry's metadata file is valid.
   36	[Log for <nrutils.core.nrsc.scentry instance at 0x10d623a50>] The file is "/Users/book/MOUNT/tmp/gluster/hogshead/NR_data/GT-MAYA/SS-series/EKspin/EK_D6.2_a0.6_th000_spins_M77/EK_D6.2_a0.6_th000_spins_M77.par". This entry's metadata file is valid.
   37	[Log for <nrutils.core.nrsc.scentry instance at 0x10d6259b0>] The file is "/Users/book/MOUNT/tmp/gluster/hogshead/NR_data/GT-MAYA/SS-series/EKspin/EK_D6.2_a0.6_th120_spins_M77/EK_D6.2_a0.6_th120_spins_M77.par". This entry's metadata file is valid.
   38	[Log for <nrutils.core.nrsc.scentry instance at 0x10d62f8c0>] The file is "/Users/book/MOUNT/tmp/gluster/hogshead/NR_data/GT-MAYA/SS-series/SS/SS_D6.2_a0.6_th090_M103/SS_D6.2_a0.6_th090_M103.par". This entry's metadata file is valid.
   39	[Log for <nrutils.core.nrsc.scentry instance at 0x10d62d6e0>] The file is "/Users/book/MOUNT/tmp/gluster/hogshead/NR_data/GT-MAYA/SS-series/SS/SS_D6.2_a0.6_th210_M103/SS_D6.2_a0.6_th210_M103.par". This entry's metadata file is valid.
   40	[Log for <nrutils.core.nrsc.scentry instance at 0x10d632500>] The file is "/Users/book/MOUNT/tmp/gluster/hogshead/NR_data/GT-MAYA/SS-series/SS/SS_D6.2_a0.6_th240_M103/SS_D6.2_a0.6_th240_M103.par". This entry's metadata file is valid.
   41	[Log for <nrutils.core.nrsc.scentry instance at 0x10d643a00>] The file is "/Users/book/MOUNT/tmp/gluster/hogshead/NR_data/GT-MAYA/SS-series/SS/SS_D6.2_a0.6_th315_M103/SS_D6.2_a0.6_th315_M103.par". This entry's metadata file is valid.
   42	[Log for <nrutils.core.nrsc.scentry instance at 0x10d644a50>] The file is "/Users/book/MOUNT/tmp/gluster/hogshead/NR_data/GT-MAYA/SS-series/SS/SS_D6.2_a0.6_th345_M103/SS_D6.2_a0.6_th345_M103.par". This entry's metadata file is valid.
   43	[Log for <nrutils.core.nrsc.scentry instance at 0x10d6e5eb0>] The file is "/Users/book/MOUNT/tmp/gluster/hogshead/NR_data/GT-MAYA/SS-series/SS/SS_D6.2_a0.6_th000_M103/SS_D6.2_a0.6_th000_M103.par". This entry's metadata file is valid.
   44	[Log for <nrutils.core.nrsc.scentry instance at 0x10d6e0910>] The file is "/Users/book/MOUNT/tmp/gluster/hogshead/NR_data/GT-MAYA/SS-series/SS/SS_D6.2_a0.6_th015_M103/SS_D6.2_a0.6_th015_M103.par". This entry's metadata file is valid.
   45	[Log for <nrutils.core.nrsc.scentry instance at 0x10d6e66e0>] The file is "/Users/book/MOUNT/tmp/gluster/hogshead/NR_data/GT-MAYA/SS-series/SS/SS_D6.2_a0.6_th030_M103/SS_D6.2_a0.6_th030_M103.par". This entry's metadata file is valid.
   46	[Log for <nrutils.core.nrsc.scentry instance at 0x10d6ed9b0>] The file is "/Users/book/MOUNT/tmp/gluster/hogshead/NR_data/GT-MAYA/SS-series/SS/SS_D6.2_a0.6_th060_M103/SS_D6.2_a0.6_th060_M103.par". This entry's metadata file is valid.
   47	[Log for <nrutils.core.nrsc.scentry instance at 0x10d701eb0>] The file is "/Users/book/MOUNT/tmp/gluster/hogshead/NR_data/GT-MAYA/SS-series/SS/SS_D6.2_a0.6_th075_M103/SS_D6.2_a0.6_th075_M103.par". This entry's metadata file is valid.
   48	[Log for <nrutils.core.nrsc.scentry instance at 0x10d700370>] The file is "/Users/book/MOUNT/tmp/gluster/hogshead/NR_data/GT-MAYA/SS-series/SS/SS_D6.2_a0.6_th165_M103/SS_D6.2_a0.6_th165_M103.par". This entry's metadata file is valid.
   49	[Log for <nrutils.core.nrsc.scentry instance at 0x10d704910>] The file is "/Users/book/MOUNT/tmp/gluster/hogshead/NR_data/GT-MAYA/SS-series/SS/SS_D6.2_a0.6_th180_M103/SS_D6.2_a0.6_th180_M103.par". This entry's metadata file is valid.
   50	[Log for <nrutils.core.nrsc.scentry instance at 0x10d70eb90>] The file is "/Users/book/MOUNT/tmp/gluster/hogshead/NR_data/GT-MAYA/SS-series/SS/SS_D6.2_a0.6_th225_M103/SS_D6.2_a0.6_th225_M103.par". This entry's metadata file is valid.
   51	[Log for <nrutils.core.nrsc.scentry instance at 0x10d713b90>] The file is "/Users/book/MOUNT/tmp/gluster/hogshead/NR_data/GT-MAYA/SS-series/SS/SS_D6.2_a0.6_th270_M103/SS_D6.2_a0.6_th270_M103.par". This entry's metadata file is valid.
   52	[Log for <nrutils.core.nrsc.scentry instance at 0x10d7b9b90>] The file is "/Users/book/MOUNT/tmp/gluster/hogshead/NR_data/GT-MAYA/SS-series/SS/SS_D6.2_a0.6_th330_M103/SS_D6.2_a0.6_th330_M103.par". This entry's metadata file is valid.
   53	[Log for <nrutils.core.nrsc.scentry instance at 0x10d7bfdc0>] The file is "/Users/book/MOUNT/tmp/gluster/hogshead/NR_data/GT-MAYA/SS-series/SS/SS_D6.2_a0.6_th045_M103/SS_D6.2_a0.6_th045_M103.par". This entry's metadata file is valid.
   54	[Log for <nrutils.core.nrsc.scentry instance at 0x10d7c99b0>] The file is "/Users/book/MOUNT/tmp/gluster/hogshead/NR_data/GT-MAYA/SS-series/SS/SS_D6.2_a0.6_th105_M103/SS_D6.2_a0.6_th105_M103.par". This entry's metadata file is valid.
   55	[Log for <nrutils.core.nrsc.scentry instance at 0x10d7cab90>] The file is "/Users/book/MOUNT/tmp/gluster/hogshead/NR_data/GT-MAYA/SS-series/SS/SS_D6.2_a0.6_th120_M103/SS_D6.2_a0.6_th120_M103.par". This entry's metadata file is valid.
   56	[Log for <nrutils.core.nrsc.scentry instance at 0x10d7d0b90>] The file is "/Users/book/MOUNT/tmp/gluster/hogshead/NR_data/GT-MAYA/SS-series/SS/SS_D6.2_a0.6_th135_M103/SS_D6.2_a0.6_th135_M103.par". This entry's metadata file is valid.
   57	[Log for <nrutils.core.nrsc.scentry instance at 0x10d7d2b90>] The file is "/Users/book/MOUNT/tmp/gluster/hogshead/NR_data/GT-MAYA/SS-series/SS/SS_D6.2_a0.6_th150_M103/SS_D6.2_a0.6_th150_M103.par". This entry's metadata file is valid.
   58	[Log for <nrutils.core.nrsc.scentry instance at 0x10d7df690>] The file is "/Users/book/MOUNT/tmp/gluster/hogshead/NR_data/GT-MAYA/SS-series/SS/SS_D6.2_a0.6_th195_M103/SS_D6.2_a0.6_th195_M103.par". This entry's metadata file is valid.
   59	[Log for <nrutils.core.nrsc.scentry instance at 0x10d7e2460>] The file is "/Users/book/MOUNT/tmp/gluster/hogshead/NR_data/GT-MAYA/SS-series/SS/SS_D6.2_a0.6_th255_M103/SS_D6.2_a0.6_th255_M103.par". This entry's metadata file is valid.
   60	[Log for <nrutils.core.nrsc.scentry instance at 0x10d7e89b0>] The file is "/Users/book/MOUNT/tmp/gluster/hogshead/NR_data/GT-MAYA/SS-series/SS/SS_D6.2_a0.6_th285_M103/SS_D6.2_a0.6_th285_M103.par". This entry's metadata file is valid.
   61	[Log for <nrutils.core.nrsc.scentry instance at 0x10d7f2460>] The file is "/Users/book/MOUNT/tmp/gluster/hogshead/NR_data/GT-MAYA/SS-series/SS/SS_D6.2_a0.6_th300_M103/SS_D6.2_a0.6_th300_M103.par". This entry's metadata file is valid.
   62	[Log for <nrutils.core.nrsc.scentry instance at 0x10d89b9b0>] The file is "/Users/book/MOUNT/tmp/gluster/hogshead/NR_data/GT-MAYA/NG-series/D09_q1.00_a0.35_Q24/D09_q1.00_a0.35_Q24.par". This entry's metadata file is valid.
   63	[Log for <nrutils.core.nrsc.scentry instance at 0x10d89e7d0>] The file is "/Users/book/MOUNT/tmp/gluster/hogshead/NR_data/GT-MAYA/NG-series/D10_q4.00_a0.8_th174_Q20/D10_q4.00_a0.8_th174_Q20.par". This entry's metadata file is valid.
   64	[Log for <nrutils.core.nrsc.scentry instance at 0x10d8a75a0>] The file is "/Users/book/MOUNT/tmp/gluster/hogshead/NR_data/GT-MAYA/NG-series/D10_q7.00_a0.8_th168_Q20/D10_q7.00_a0.8_th168_Q20.par". This entry's metadata file is valid.
   65	[Log for <nrutils.core.nrsc.scentry instance at 0x10d8aa500>] The file is "/Users/book/MOUNT/tmp/gluster/hogshead/NR_data/GT-MAYA/NG-series/D9_q5.5_a0.0_Q20/D9_q5.5_a0.0_Q20.par". This entry's metadata file is valid.
   66	[Log for <nrutils.core.nrsc.scentry instance at 0x10d8b2910>] The file is "/Users/book/MOUNT/tmp/gluster/hogshead/NR_data/GT-MAYA/NG-series/D09_q1.00_a0.35_Q20/D09_q1.00_a0.35_Q20.par". This entry's metadata file is valid.
   67	[Log for <nrutils.core.nrsc.scentry instance at 0x10d8bc730>] The file is "/Users/book/MOUNT/tmp/gluster/hogshead/NR_data/GT-MAYA/NG-series/D09_q1.00_a0.35_Q28/D09_q1.00_a0.35_Q28.par". This entry's metadata file is valid.
   68	[Log for <nrutils.core.nrsc.scentry instance at 0x10d8bbd70>] The file is "/Users/book/MOUNT/tmp/gluster/hogshead/NR_data/GT-MAYA/NG-series/D9_q5.0_a0.0_Q24/D9_q5.0_a0.0_Q24.par". This entry's metadata file is valid.
   69	[Log for <nrutils.core.nrsc.scentry instance at 0x10d8c8c30>] The file is "/Users/book/MOUNT/tmp/gluster/hogshead/NR_data/GT-MAYA/NG-series/D9_q5.5_a0.0_Q24/D9_q5.5_a0.0_Q24.par". This entry's metadata file is valid.
   70	[Log for <nrutils.core.nrsc.scentry instance at 0x10d8ccdc0>] The file is "/Users/book/MOUNT/tmp/gluster/hogshead/NR_data/GT-MAYA/NG-series/D9_q5.5_a0.0_Q28/D9_q5.5_a0.0_Q28.par". This entry's metadata file is valid.
   71	[Log for <nrutils.core.nrsc.scentry instance at 0x10d8d5870>] The file is "/Users/book/MOUNT/tmp/gluster/hogshead/NR_data/GT-MAYA/Sq-series/D6.2/q1.5/D6.2_q1.50_S0_m120/D6.2_q1.50_S0_m120.par". This entry's metadata file is valid.
   72	[Log for <nrutils.core.nrsc.scentry instance at 0x10d8d5690>] The file is "/Users/book/MOUNT/tmp/gluster/hogshead/NR_data/GT-MAYA/Sq-series/D6.2/q2.5/Sq_D6.2_q2.50_a0.6_th000_m140/Sq_D6.2_q2.50_a0.6_th000_m140.par". This entry's metadata file is valid.
   73	[Log for <nrutils.core.nrsc.scentry instance at 0x10d987140>] The file is "/Users/book/MOUNT/tmp/gluster/hogshead/NR_data/GT-MAYA/Sq-series/D6.2/q2.5/Sq_D6.2_q2.50_a0.6_th030_m140/Sq_D6.2_q2.50_a0.6_th030_m140.par". This entry's metadata file is valid.
   74	[Log for <nrutils.core.nrsc.scentry instance at 0x10d9975a0>] The file is "/Users/book/MOUNT/tmp/gluster/hogshead/NR_data/GT-MAYA/Sq-series/D6.2/q2.5/Sq_D6.2_q2.50_a0.6_th045_m140/Sq_D6.2_q2.50_a0.6_th045_m140.par". This entry's metadata file is valid.
   75	[Log for <nrutils.core.nrsc.scentry instance at 0x10d991dc0>] The file is "/Users/book/MOUNT/tmp/gluster/hogshead/NR_data/GT-MAYA/Sq-series/D6.2/q2.5/Sq_D6.2_q2.50_a0.6_th075_m140/Sq_D6.2_q2.50_a0.6_th075_m140.par". This entry's metadata file is valid.
   76	[Log for <nrutils.core.nrsc.scentry instance at 0x10d8d60f0>] The file is "/Users/book/MOUNT/tmp/gluster/hogshead/NR_data/GT-MAYA/Sq-series/D6.2/q2.5/Sq_D6.2_q2.50_a0.6_th120_m140/Sq_D6.2_q2.50_a0.6_th120_m140.par". This entry's metadata file is valid.
   77	[Log for <nrutils.core.nrsc.scentry instance at 0x10d99ea00>] The file is "/Users/book/MOUNT/tmp/gluster/hogshead/NR_data/GT-MAYA/Sq-series/D6.2/q2.5/Sq_D6.2_q2.50_a0.6_th270_m140/Sq_D6.2_q2.50_a0.6_th270_m140.par". This entry's metadata file is valid.
   78	[Log for <nrutils.core.nrsc.scentry instance at 0x10d9a89b0>] The file is "/Users/book/MOUNT/tmp/gluster/hogshead/NR_data/GT-MAYA/Sq-series/D6.2/q2.5/Sq_D6.2_q2.50_a0.6_th315_m140/Sq_D6.2_q2.50_a0.6_th315_m140.par". This entry's metadata file is valid.
   79	[Log for <nrutils.core.nrsc.scentry instance at 0x10d9a8500>] The file is "/Users/book/MOUNT/tmp/gluster/hogshead/NR_data/GT-MAYA/Sq-series/D6.2/q2.5/Sq_D6.2_q2.50_a0.6_th330_m140/Sq_D6.2_q2.50_a0.6_th330_m140.par". This entry's metadata file is valid.
   80	[Log for <nrutils.core.nrsc.scentry instance at 0x10d7f7960>] The file is "/Users/book/MOUNT/tmp/gluster/hogshead/NR_data/GT-MAYA/Sq-series/D6.2/q2.5/Sq_D6.2_q2.50_a0.6_th015_m140/Sq_D6.2_q2.50_a0.6_th015_m140.par". This entry's metadata file is valid.
   81	[Log for <nrutils.core.nrsc.scentry instance at 0x10d9f85f0>] The file is "/Users/book/MOUNT/tmp/gluster/hogshead/NR_data/GT-MAYA/Sq-series/D6.2/q2.5/Sq_D6.2_q2.50_a0.6_th060_m140/Sq_D6.2_q2.50_a0.6_th060_m140.par". This entry's metadata file is valid.
   82	[Log for <nrutils.core.nrsc.scentry instance at 0x10da05820>] The file is "/Users/book/MOUNT/tmp/gluster/hogshead/NR_data/GT-MAYA/Sq-series/D6.2/q2.5/Sq_D6.2_q2.50_a0.6_th150_m140/Sq_D6.2_q2.50_a0.6_th150_m140.par". This entry's metadata file is valid.
   83	[Log for <nrutils.core.nrsc.scentry instance at 0x10da1da50>] The file is "/Users/book/MOUNT/tmp/gluster/hogshead/NR_data/GT-MAYA/Sq-series/D6.2/q2.5/Sq_D6.2_q2.50_a0.6_th180_m140/Sq_D6.2_q2.50_a0.6_th180_m140.par". This entry's metadata file is valid.
   84	[Log for <nrutils.core.nrsc.scentry instance at 0x10da23b90>] The file is "/Users/book/MOUNT/tmp/gluster/hogshead/NR_data/GT-MAYA/Sq-series/D6.2/q2.5/Sq_D6.2_q2.50_a0.6_th240_m140/Sq_D6.2_q2.50_a0.6_th240_m140.par". This entry's metadata file is valid.
   85	[Log for <nrutils.core.nrsc.scentry instance at 0x10da06fa0>] The file is "/Users/book/MOUNT/tmp/gluster/hogshead/NR_data/GT-MAYA/Sq-series/D6.2/q2.5/Sq_D6.2_q2.50_a0.6_th300_m140/Sq_D6.2_q2.50_a0.6_th300_m140.par". This entry's metadata file is valid.
   86	[Log for <nrutils.core.nrsc.scentry instance at 0x10da16c30>] The file is "/Users/book/MOUNT/tmp/gluster/hogshead/NR_data/GT-MAYA/Sq-series/D6.2/q2.5/Sq_D6.2_q2.50_a0.6_th345_m140/Sq_D6.2_q2.50_a0.6_th345_m140.par". This entry's metadata file is valid.
   87	[Log for <nrutils.core.nrsc.scentry instance at 0x10da142d0>] The file is "/Users/book/MOUNT/tmp/gluster/hogshead/NR_data/GT-MAYA/Sq-series/D6.2/q2.5/Sq_D6.2_q2.50_a0.6_th090_m140/Sq_D6.2_q2.50_a0.6_th090_m140.par". This entry's metadata file is valid.
   88	[Log for <nrutils.core.nrsc.scentry instance at 0x10da2bb90>] The file is "/Users/book/MOUNT/tmp/gluster/hogshead/NR_data/GT-MAYA/Sq-series/D6.2/q2.5/Sq_D6.2_q2.50_a0.6_th210_m140/Sq_D6.2_q2.50_a0.6_th210_m140.par". This entry's metadata file is valid.
   89	[Log for <nrutils.core.nrsc.scentry instance at 0x10da26c30>] The file is "/Users/book/MOUNT/tmp/gluster/hogshead/NR_data/GT-MAYA/Sq-series/D6.2/q3.0/Sq_D6.2_q3.00_a0.6_th000_m140/Sq_D6.2_q3.00_a0.6_th000_m140.par". This entry's metadata file is valid.
   90	[Log for <nrutils.core.nrsc.scentry instance at 0x10da301e0>] The file is "/Users/book/MOUNT/tmp/gluster/hogshead/NR_data/GT-MAYA/Sq-series/D6.2/q3.0/Sq_D6.2_q3.00_a0.6_th015_m140/Sq_D6.2_q3.00_a0.6_th015_m140.par". This entry's metadata file is valid.
   91	[Log for <nrutils.core.nrsc.scentry instance at 0x10dadf230>] The file is "/Users/book/MOUNT/tmp/gluster/hogshead/NR_data/GT-MAYA/Sq-series/D6.2/q3.0/Sq_D6.2_q3.00_a0.6_th045_m140/Sq_D6.2_q3.00_a0.6_th045_m140.par". This entry's metadata file is valid.
   92	[Log for <nrutils.core.nrsc.scentry instance at 0x10dae31e0>] The file is "/Users/book/MOUNT/tmp/gluster/hogshead/NR_data/GT-MAYA/Sq-series/D6.2/q3.0/Sq_D6.2_q3.00_a0.6_th030_m140/Sq_D6.2_q3.00_a0.6_th030_m140.par". This entry's metadata file is valid.
   93	[Log for <nrutils.core.nrsc.scentry instance at 0x10daff1e0>] The file is "/Users/book/MOUNT/tmp/gluster/hogshead/NR_data/GT-MAYA/Sq-series/D6.2/q3.0/Sq_D6.2_q3.00_a0.6_th060_m140/Sq_D6.2_q3.00_a0.6_th060_m140.par". This entry's metadata file is valid.
   94	[Log for <nrutils.core.nrsc.scentry instance at 0x10dadd230>] The file is "/Users/book/MOUNT/tmp/gluster/hogshead/NR_data/GT-MAYA/Sq-series/D6.2/q3.0/Sq_D6.2_q3.00_a0.6_th090_m140/Sq_D6.2_q3.00_a0.6_th090_m140.par". This entry's metadata file is valid.
   95	[Log for <nrutils.core.nrsc.scentry instance at 0x10db112d0>] The file is "/Users/book/MOUNT/tmp/gluster/hogshead/NR_data/GT-MAYA/Sq-series/D6.2/q3.0/Sq_D6.2_q3.00_a0.6_th150_m140/Sq_D6.2_q3.00_a0.6_th150_m140.par". This entry's metadata file is valid.
   96	[Log for <nrutils.core.nrsc.scentry instance at 0x10daf10a0>] The file is "/Users/book/MOUNT/tmp/gluster/hogshead/NR_data/GT-MAYA/Sq-series/D6.2/q3.0/Sq_D6.2_q3.00_a0.6_th210_m140/Sq_D6.2_q3.00_a0.6_th210_m140.par". This entry's metadata file is valid.
   97	[Log for <nrutils.core.nrsc.scentry instance at 0x10daf9410>] The file is "/Users/book/MOUNT/tmp/gluster/hogshead/NR_data/GT-MAYA/Sq-series/D6.2/q3.0/Sq_D6.2_q3.00_a0.6_th270_m140/Sq_D6.2_q3.00_a0.6_th270_m140.par". This entry's metadata file is valid.
   98	[Log for <nrutils.core.nrsc.scentry instance at 0x10daf5230>] The file is "/Users/book/MOUNT/tmp/gluster/hogshead/NR_data/GT-MAYA/Sq-series/D6.2/q3.0/Sq_D6.2_q3.00_a0.6_th315_m140/Sq_D6.2_q3.00_a0.6_th315_m140.par". This entry's metadata file is valid.
   99	[Log for <nrutils.core.nrsc.scentry instance at 0x10dafe370>] The file is "/Users/book/MOUNT/tmp/gluster/hogshead/NR_data/GT-MAYA/Sq-series/D6.2/q3.0/Sq_D6.2_q3.00_a0.6_th345_m140/Sq_D6.2_q3.00_a0.6_th345_m140.par". This entry's metadata file is valid.
  100	[Log for <nrutils.core.nrsc.scentry instance at 0x10db165a0>] The file is "/Users/book/MOUNT/tmp/gluster/hogshead/NR_data/GT-MAYA/Sq-series/D6.2/q3.0/Sq_D6.2_q3.00_a0.6_th075_m140/Sq_D6.2_q3.00_a0.6_th075_m140.par". This entry's metadata file is valid.
  101	[Log for <nrutils.core.nrsc.scentry instance at 0x10dbad730>] The file is "/Users/book/MOUNT/tmp/gluster/hogshead/NR_data/GT-MAYA/Sq-series/D6.2/q3.0/Sq_D6.2_q3.00_a0.6_th120_m140/Sq_D6.2_q3.00_a0.6_th120_m140.par". This entry's metadata file is valid.
  102	[Log for <nrutils.core.nrsc.scentry instance at 0x10dbbf550>] The file is "/Users/book/MOUNT/tmp/gluster/hogshead/NR_data/GT-MAYA/Sq-series/D6.2/q3.0/Sq_D6.2_q3.00_a0.6_th180_m140/Sq_D6.2_q3.00_a0.6_th180_m140.par". This entry's metadata file is valid.
  103	[Log for <nrutils.core.nrsc.scentry instance at 0x10dbcf7d0>] The file is "/Users/book/MOUNT/tmp/gluster/hogshead/NR_data/GT-MAYA/Sq-series/D6.2/q3.0/Sq_D6.2_q3.00_a0.6_th240_m140/Sq_D6.2_q3.00_a0.6_th240_m140.par". This entry's metadata file is valid.
  104	[Log for <nrutils.core.nrsc.scentry instance at 0x10dbbd820>] The file is "/Users/book/MOUNT/tmp/gluster/hogshead/NR_data/GT-MAYA/Sq-series/D6.2/q3.0/Sq_D6.2_q3.00_a0.6_th300_m140/Sq_D6.2_q3.00_a0.6_th300_m140.par". This entry's metadata file is valid.
  105	[Log for <nrutils.core.nrsc.scentry instance at 0x10dbc1640>] The file is "/Users/book/MOUNT/tmp/gluster/hogshead/NR_data/GT-MAYA/Sq-series/D6.2/q3.0/Sq_D6.2_q3.00_a0.6_th330_m140/Sq_D6.2_q3.00_a0.6_th330_m140.par". This entry's metadata file is valid.
  106	[Log for <nrutils.core.nrsc.scentry instance at 0x10dbb98c0>] The file is "/Users/book/MOUNT/tmp/gluster/hogshead/NR_data/GT-MAYA/Sq-series/D6.2/q2/Sq2_d6.2_a0.6_oth.030_rr_M140/Sq2_d6.2_a0.6_oth.030_rr_M140.par". This entry's metadata file is valid.
  107	[Log for <nrutils.core.nrsc.scentry instance at 0x10dbcd5f0>] The file is "/Users/book/MOUNT/tmp/gluster/hogshead/NR_data/GT-MAYA/Sq-series/D6.2/q2/Sq2_d6.2_a0.6_oth.180_rr_M140/Sq2_d6.2_a0.6_oth.180_rr_M140.par". This entry's metadata file is valid.
  108	[Log for <nrutils.core.nrsc.scentry instance at 0x10dbb6820>] The file is "/Users/book/MOUNT/tmp/gluster/hogshead/NR_data/GT-MAYA/Sq-series/D6.2/q2/Sq2_d6.2_a0.6_oth.000_rr_M140/Sq2_d6.2_a0.6_oth.000_rr_M140.par". This entry's metadata file is valid.
  109	[Log for <nrutils.core.nrsc.scentry instance at 0x10dbd3500>] The file is "/Users/book/MOUNT/tmp/gluster/hogshead/NR_data/GT-MAYA/Sq-series/D6.2/q2/Sq2_d6.2_a0.6_oth.090_rr_M140/Sq2_d6.2_a0.6_oth.090_rr_M140.par". This entry's metadata file is valid.
  110	[Log for <nrutils.core.nrsc.scentry instance at 0x10dc798c0>] The file is "/Users/book/MOUNT/tmp/gluster/hogshead/NR_data/GT-MAYA/Sq-series/D6.2/q2/Sq2_d6.2_a0.6_oth.150_rr_M140/Sq2_d6.2_a0.6_oth.150_rr_M140.par". This entry's metadata file is valid.
  111	[Log for <nrutils.core.nrsc.scentry instance at 0x10dc7da50>] The file is "/Users/book/MOUNT/tmp/gluster/hogshead/NR_data/GT-MAYA/Sq-series/D6.2/q2/Sq2_d6.2_a0.6_oth.270_rr_M140/Sq2_d6.2_a0.6_oth.270_rr_M140.par". This entry's metadata file is valid.
  112	[Log for <nrutils.core.nrsc.scentry instance at 0x10dc81aa0>] The file is "/Users/book/MOUNT/tmp/gluster/hogshead/NR_data/GT-MAYA/Sq-series/D6.2/q4/Sq4_d6.2_a0.6_oth.270_rr_M140/Sq4_d6.2_a0.6_oth.270_rr_M140.par". This entry's metadata file is valid.
  113	[Log for <nrutils.core.nrsc.scentry instance at 0x10dcacaf0>] The file is "/Users/book/MOUNT/tmp/gluster/hogshead/NR_data/GT-MAYA/Sq-series/D6.2/q4/Sq4_d6.2_a0.6_oth.000_rr_M140/Sq4_d6.2_a0.6_oth.000_rr_M140.par". This entry's metadata file is valid.
  114	[Log for <nrutils.core.nrsc.scentry instance at 0x10dcb0780>] The file is "/Users/book/MOUNT/tmp/gluster/hogshead/NR_data/GT-MAYA/Sq-series/D6.2/q4/Sq4_d6.2_a0.6_oth.090_rr_M140/Sq4_d6.2_a0.6_oth.090_rr_M140.par". This entry's metadata file is valid.
  115	[Log for <nrutils.core.nrsc.scentry instance at 0x10dcb0820>] The file is "/Users/book/MOUNT/tmp/gluster/hogshead/NR_data/GT-MAYA/Sq-series/D6.2/q4/Sq4_d6.2_a0.6_oth.150_rr_M140/Sq4_d6.2_a0.6_oth.150_rr_M140.par". This entry's metadata file is valid.
  116	[Log for <nrutils.core.nrsc.scentry instance at 0x10dcb6190>] The file is "/Users/book/MOUNT/tmp/gluster/hogshead/NR_data/GT-MAYA/Sq-series/D6.2/q4/Sq4_d6.2_a0.6_oth.180_rr_M140/Sq4_d6.2_a0.6_oth.180_rr_M140.par". This entry's metadata file is valid.
  117	[Log for <nrutils.core.nrsc.scentry instance at 0x10dcb2af0>] The file is "/Users/book/MOUNT/tmp/gluster/hogshead/NR_data/GT-MAYA/Sq-series/D6.2/q4/Sq4_d6.2_a0.6_oth.030_rr_M140/Sq4_d6.2_a0.6_oth.030_rr_M140.par". This entry's metadata file is valid.
  118	[Log for <nrutils.core.nrsc.scentry instance at 0x10dd5a1e0>] The file is "/Users/book/MOUNT/tmp/gluster/hogshead/NR_data/GT-MAYA/Sq-series/D9/q4/Sq4_d9_a0.0_0.6_oth.090_rr_M140/Sq4_d9_a0.0_0.6_oth.090_rr_M140.par". This entry's metadata file is valid.
  119	[Log for <nrutils.core.nrsc.scentry instance at 0x10dd6c550>] The file is "/Users/book/MOUNT/tmp/gluster/hogshead/NR_data/GT-MAYA/Sq-series/D9/q4/Sq4_d9_a0.6_oth.000_rr_M140/Sq4_d9_a0.6_oth.000_rr_M140.par". This entry's metadata file is valid.
  120	[Log for <nrutils.core.nrsc.scentry instance at 0x10dd5ff50>] The file is "/Users/book/MOUNT/tmp/gluster/hogshead/NR_data/GT-MAYA/Sq-series/D9/q4/Sq4_d9_a0.6_oth.150_rr_M140/Sq4_d9_a0.6_oth.150_rr_M140.par". This entry's metadata file is valid.
  121	[Log for <nrutils.core.nrsc.scentry instance at 0x10dd78c80>] The file is "/Users/book/MOUNT/tmp/gluster/hogshead/NR_data/GT-MAYA/Sq-series/D9/q4/Sq4_d9_a0.6_oth.180_rr_M140/Sq4_d9_a0.6_oth.180_rr_M140.par". This entry's metadata file is valid.
  122	[Log for <nrutils.core.nrsc.scentry instance at 0x10dd6ef00>] The file is "/Users/book/MOUNT/tmp/gluster/hogshead/NR_data/GT-MAYA/Sq-series/D9/q4/Sq4_d9_a0.6_oth.210_rr_M140/Sq4_d9_a0.6_oth.210_rr_M140.par". This entry's metadata file is valid.
  123	[Log for <nrutils.core.nrsc.scentry instance at 0x10dd70500>] The file is "/Users/book/MOUNT/tmp/gluster/hogshead/NR_data/GT-MAYA/Sq-series/D9/q4/Sq4_d9_a0.6_oth.270_rr_M160/Sq4_d9_a0.6_oth.270_rr_M160.par". This entry's metadata file is valid.
  124	[Log for <nrutils.core.nrsc.scentry instance at 0x10dd871e0>] The file is "/Users/book/MOUNT/tmp/gluster/hogshead/NR_data/GT-MAYA/Sq-series/D9/q4/Sq4_d9_a0.6_oth.090_rr_M140/Sq4_d9_a0.6_oth.090_rr_M140.par". This entry's metadata file is valid.
  125	[Log for <nrutils.core.nrsc.scentry instance at 0x10dd87eb0>] The file is "/Users/book/MOUNT/tmp/gluster/hogshead/NR_data/GT-MAYA/Sq-series/D9/q4/Sq4_d9_a0.6_oth.270_rr_M100/Sq4_d9_a0.6_oth.270_rr_M100.par". This entry's metadata file is valid.
  126	[Log for <nrutils.core.nrsc.scentry instance at 0x10dd805a0>] The file is "/Users/book/MOUNT/tmp/gluster/hogshead/NR_data/GT-MAYA/Sq-series/D9/q4/Sq4_d9_a0.6_oth.270_rr_M140/Sq4_d9_a0.6_oth.270_rr_M140.par". This entry's metadata file is valid.
  127	[Log for <nrutils.core.nrsc.scentry instance at 0x10dd96550>] The file is "/Users/book/MOUNT/tmp/gluster/hogshead/NR_data/GT-MAYA/Sq-series/D9/q4/Sq4_d9_a0.6_oth.270_rr_M180/Sq4_d9_a0.6_oth.270_rr_M180.par". This entry's metadata file is valid.
  128	[Log for <nrutils.core.nrsc.scentry instance at 0x10dd924b0>] The file is "/Users/book/MOUNT/tmp/gluster/hogshead/NR_data/GT-MAYA/Sq-series/D9/q4/Sq4_d9_a0.6_oth.270_rr_M120/Sq4_d9_a0.6_oth.270_rr_M120.par". This entry's metadata file is valid.
  129	[Log for <nrutils.core.nrsc.scentry instance at 0x10dc8bc30>] The file is "/Users/book/MOUNT/tmp/gluster/hogshead/NR_data/GT-MAYA/Sq-series/D9/q2.5/Sq_D9.0_q2.50_a0.6_th000_m140/Sq_D9.0_q2.50_a0.6_th000_m140.par". This entry's metadata file is valid.
  130	[Log for <nrutils.core.nrsc.scentry instance at 0x10de6ea00>] The file is "/Users/book/MOUNT/tmp/gluster/hogshead/NR_data/GT-MAYA/Sq-series/D9/q2.5/Sq_D9.0_q2.50_a0.6_th060_m140/Sq_D9.0_q2.50_a0.6_th060_m140.par". This entry's metadata file is valid.
  131	[Log for <nrutils.core.nrsc.scentry instance at 0x10de7db40>] The file is "/Users/book/MOUNT/tmp/gluster/hogshead/NR_data/GT-MAYA/Sq-series/D9/q2.5/Sq_D9.0_q2.50_a0.6_th090_m140/Sq_D9.0_q2.50_a0.6_th090_m140.par". This entry's metadata file is valid.
  132	[Log for <nrutils.core.nrsc.scentry instance at 0x10de82cd0>] The file is "/Users/book/MOUNT/tmp/gluster/hogshead/NR_data/GT-MAYA/Sq-series/D9/q2.5/Sq_D9.0_q2.50_a0.6_th030_m140/Sq_D9.0_q2.50_a0.6_th030_m140.par". This entry's metadata file is valid.
  133	[Log for <nrutils.core.nrsc.scentry instance at 0x10de8a230>] The file is "/Users/book/MOUNT/tmp/gluster/hogshead/NR_data/GT-MAYA/Sq-series/D9/q2.5/Sq_D9.0_q2.50_a0.6_th045_m140/Sq_D9.0_q2.50_a0.6_th045_m140.par". This entry's metadata file is valid.
  134	[Log for <nrutils.core.nrsc.scentry instance at 0x10de91460>] The file is "/Users/book/MOUNT/tmp/gluster/hogshead/NR_data/GT-MAYA/SSq2-series/th_225_SSeq_D9_q2_m140/th_225_SSeq_D9_q2_m140.par". This entry's metadata file is valid.
  135	[Log for <nrutils.core.nrsc.scentry instance at 0x10de98320>] The file is "/Users/book/MOUNT/tmp/gluster/hogshead/NR_data/GT-MAYA/SSq2-series/th_225_SSeq_D9_q2_m140/th_225_SSeq_D9_q2_m140/th_225_SSeq_D9_q2_m140.par". This entry's metadta file is invalid.
  136	[Log for <nrutils.core.nrsc.scentry instance at 0x10de98320>] The file is "/Users/book/MOUNT/tmp/gluster/hogshead/NR_data/GT-MAYA/SSq2-series/th_0_SSeq_D9_q2_m140/th_0_SSeq_D9_q2_m140.par". This entry's metadata file is valid.
  137	[Log for <nrutils.core.nrsc.scentry instance at 0x10de98410>] The file is "/Users/book/MOUNT/tmp/gluster/hogshead/NR_data/GT-MAYA/SSq2-series/th_0_SSeq_D9_q2_m140/th_0_SSeq_D9_q2_m140/th_0_SSeq_D9_q2_m140.par". This entry's metadta file is invalid.
  138	[Log for <nrutils.core.nrsc.scentry instance at 0x10de91a00>] The file is "/Users/book/MOUNT/tmp/gluster/hogshead/NR_data/GT-MAYA/SSq2-series/th_135_SSeq_D9_q2_m140/th_135_SSeq_D9_q2_m140.par". This entry's metadata file is valid.
  139	[Log for <nrutils.core.nrsc.scentry instance at 0x10dea0230>] The file is "/Users/book/MOUNT/tmp/gluster/hogshead/NR_data/GT-MAYA/SSq2-series/th_135_SSeq_D9_q2_m140/th_135_SSeq_D9_q2_m140/th_135_SSeq_D9_q2_m140.par". This entry's metadta file is invalid.
  140	[Log for <nrutils.core.nrsc.scentry instance at 0x10dea0230>] The file is "/Users/book/MOUNT/tmp/gluster/hogshead/NR_data/GT-MAYA/SSq2-series/th_180_SSeq_D9_q2_m140/th_180_SSeq_D9_q2_m140.par". This entry's metadata file is valid.
  141	[Log for <nrutils.core.nrsc.scentry instance at 0x10dea6b90>] The file is "/Users/book/MOUNT/tmp/gluster/hogshead/NR_data/GT-MAYA/SSq2-series/th_180_SSeq_D9_q2_m140/th_180_SSeq_D9_q2_m140/th_180_SSeq_D9_q2_m140.par". This entry's metadta file is invalid.
  142	[Log for <nrutils.core.nrsc.scentry instance at 0x10df79050>] The file is "/Users/book/MOUNT/tmp/gluster/hogshead/NR_data/GT-MAYA/SSq2-series/th_315_SSeq_D9_q2_m140/th_315_SSeq_D9_q2_m140.par". This entry's metadata file is valid.
  143	[Log for <nrutils.core.nrsc.scentry instance at 0x10df79c30>] The file is "/Users/book/MOUNT/tmp/gluster/hogshead/NR_data/GT-MAYA/SSq2-series/th_315_SSeq_D9_q2_m140/th_315_SSeq_D9_q2_m140/th_315_SSeq_D9_q2_m140.par". This entry's metadta file is invalid.
  144	[Log for <nrutils.core.nrsc.scentry instance at 0x10df97af0>] The file is "/Users/book/MOUNT/tmp/gluster/hogshead/NR_data/GT-MAYA/SSq2-series/th_45_SSeq_D9_q2_m140/th_45_SSeq_D9_q2_m140.par". This entry's metadata file is valid.
  145	[Log for <nrutils.core.nrsc.scentry instance at 0x10df97c30>] The file is "/Users/book/MOUNT/tmp/gluster/hogshead/NR_data/GT-MAYA/SSq2-series/th_45_SSeq_D9_q2_m140/th_45_SSeq_D9_q2_m140/th_45_SSeq_D9_q2_m140.par". This entry's metadta file is invalid.
  146	[Log for <nrutils.core.nrsc.scentry instance at 0x10df81320>] The file is "/Users/book/MOUNT/tmp/gluster/hogshead/NR_data/GT-MAYA/LL-series/q1.25_LL_D9_a0.6_th1_45_th2_225_m140/q1.25_LL_D9_a0.6_th1_45_th2_225_m140.par". This entry's metadata file is valid.
  147	[Log for <nrutils.core.nrsc.scentry instance at 0x10df81c80>] The file is "/Users/book/MOUNT/tmp/gluster/hogshead/NR_data/GT-MAYA/LL-series/q1.25_LL_D9_a0.6_th1_45_th2_225_m140/q1.25_LL_D9_a0.6_th1_45_th2_225_m140/q1.25_LL_D9_a0.6_th1_45_th2_225_m140.par". This entry's metadta file is invalid.
  148	[Log for <nrutils.core.nrsc.scentry instance at 0x10df83910>] The file is "/Users/book/MOUNT/tmp/gluster/hogshead/NR_data/GT-MAYA/LL-series/q1_LL_D9_a0.6_th1_45_th2_225_m140/q1_LL_D9_a0.6_th1_45_th2_225_m140.par". This entry's metadata file is valid.
  149	[Log for <nrutils.core.nrsc.scentry instance at 0x10df83050>] The file is "/Users/book/MOUNT/tmp/gluster/hogshead/NR_data/GT-MAYA/LL-series/q1_LL_D9_a0.6_th1_45_th2_225_m140/q1_LL_D9_a0.6_th1_45_th2_225_m140/q1_LL_D9_a0.6_th1_45_th2_225_m140.par". This entry's metadta file is invalid.
  150	[Log for <nrutils.core.nrsc.scentry instance at 0x10df920a0>] The file is "/Users/book/MOUNT/tmp/gluster/hogshead/NR_data/GT-MAYA/LL-series/q2_LL_D9_a0.6_th1_45_th2_225_m140/q2_LL_D9_a0.6_th1_45_th2_225_m140.par". This entry's metadata file is valid.
  151	[Log for <nrutils.core.nrsc.scentry instance at 0x10df922d0>] The file is "/Users/book/MOUNT/tmp/gluster/hogshead/NR_data/GT-MAYA/LL-series/q2_LL_D9_a0.6_th1_45_th2_225_m140/q2_LL_D9_a0.6_th1_45_th2_225_m140/q2_LL_D9_a0.6_th1_45_th2_225_m140.par". This entry's metadta file is invalid.
  152	[Log for <nrutils.core.nrsc.scentry instance at 0x10df930f0>] The file is "/Users/book/MOUNT/tmp/gluster/hogshead/NR_data/GT-MAYA/LL-series/q3.25_LL_D9_a0.6_th1_45_th2_225_m140/q3.25_LL_D9_a0.6_th1_45_th2_225_m140.par". This entry's metadata file is valid.
  153	[Log for <nrutils.core.nrsc.scentry instance at 0x10df93460>] The file is "/Users/book/MOUNT/tmp/gluster/hogshead/NR_data/GT-MAYA/LL-series/q3.25_LL_D9_a0.6_th1_45_th2_225_m140/q3.25_LL_D9_a0.6_th1_45_th2_225_m140/q3.25_LL_D9_a0.6_th1_45_th2_225_m140.par". This entry's metadta file is invalid.
  154	[Log for <nrutils.core.nrsc.scentry instance at 0x10df9b410>] The file is "/Users/book/MOUNT/tmp/gluster/hogshead/NR_data/GT-MAYA/LL-series/q3.5_LL_D9_a0.6_th1_45_th2_225_m140/q3.5_LL_D9_a0.6_th1_45_th2_225_m140.par". This entry's metadata file is valid.
  155	[Log for <nrutils.core.nrsc.scentry instance at 0x10df9b140>] The file is "/Users/book/MOUNT/tmp/gluster/hogshead/NR_data/GT-MAYA/LL-series/q3.5_LL_D9_a0.6_th1_45_th2_225_m140/q3.5_LL_D9_a0.6_th1_45_th2_225_m140/q3.5_LL_D9_a0.6_th1_45_th2_225_m140.par". This entry's metadta file is invalid.
  156	[Log for <nrutils.core.nrsc.scentry instance at 0x10dfa4eb0>] The file is "/Users/book/MOUNT/tmp/gluster/hogshead/NR_data/GT-MAYA/LL-series/q4.5_LL_D9_a0.6_th1_45_th2_225_m186/q4.5_LL_D9_a0.6_th1_45_th2_225_m186.par". This entry's metadata file is valid.
  157	[Log for <nrutils.core.nrsc.scentry instance at 0x10dfa4280>] The file is "/Users/book/MOUNT/tmp/gluster/hogshead/NR_data/GT-MAYA/LL-series/q4.5_LL_D9_a0.6_th1_45_th2_225_m186/q4.5_LL_D9_a0.6_th1_45_th2_225_m186/q4.5_LL_D9_a0.6_th1_45_th2_225_m186.par". This entry's metadta file is invalid.
  158	[Log for <nrutils.core.nrsc.scentry instance at 0x10df86050>] The file is "/Users/book/MOUNT/tmp/gluster/hogshead/NR_data/GT-MAYA/LL-series/q7_LL_D9_a0.6_th1_45_th2_225_m320/q7_LL_D9_a0.6_th1_45_th2_225_m320.par". This entry's metadata file is valid.
  159	[Log for <nrutils.core.nrsc.scentry instance at 0x10df861e0>] The file is "/Users/book/MOUNT/tmp/gluster/hogshead/NR_data/GT-MAYA/LL-series/q7_LL_D9_a0.6_th1_45_th2_225_m320/q7_LL_D9_a0.6_th1_45_th2_225_m320/q7_LL_D9_a0.6_th1_45_th2_225_m320.par". This entry's metadta file is invalid.
  160	[Log for <nrutils.core.nrsc.scentry instance at 0x10dfb1280>] The file is "/Users/book/MOUNT/tmp/gluster/hogshead/NR_data/GT-MAYA/LL-series/q8_LL_D9_a0.6_th1_45_th2_225_m400/q8_LL_D9_a0.6_th1_45_th2_225_m400.par". This entry's metadata file is valid.
  161	[Log for <nrutils.core.nrsc.scentry instance at 0x10dfb1550>] The file is "/Users/book/MOUNT/tmp/gluster/hogshead/NR_data/GT-MAYA/LL-series/q8_LL_D9_a0.6_th1_45_th2_225_m400/q8_LL_D9_a0.6_th1_45_th2_225_m400/q8_LL_D9_a0.6_th1_45_th2_225_m400.par". This entry's metadta file is invalid.
  162	[Log for <nrutils.core.nrsc.scentry instance at 0x10e01efa0>] The file is "/Users/book/MOUNT/tmp/gluster/hogshead/NR_data/GT-MAYA/LL-series/q1.5_LL_D9_a0.6_th1_45_th2_225_m140/q1.5_LL_D9_a0.6_th1_45_th2_225_m140.par". This entry's metadata file is valid.
  163	[Log for <nrutils.core.nrsc.scentry instance at 0x10e01e2d0>] The file is "/Users/book/MOUNT/tmp/gluster/hogshead/NR_data/GT-MAYA/LL-series/q1.5_LL_D9_a0.6_th1_45_th2_225_m140/q1.5_LL_D9_a0.6_th1_45_th2_225_m140/q1.5_LL_D9_a0.6_th1_45_th2_225_m140.par". This entry's metadta file is invalid.
  164	[Log for <nrutils.core.nrsc.scentry instance at 0x10e00e050>] The file is "/Users/book/MOUNT/tmp/gluster/hogshead/NR_data/GT-MAYA/LL-series/q1.75_LL_D9_a0.6_th1_45_th2_225_m140/q1.75_LL_D9_a0.6_th1_45_th2_225_m140.par". This entry's metadata file is valid.
  165	[Log for <nrutils.core.nrsc.scentry instance at 0x10e00e500>] The file is "/Users/book/MOUNT/tmp/gluster/hogshead/NR_data/GT-MAYA/LL-series/q1.75_LL_D9_a0.6_th1_45_th2_225_m140/q1.75_LL_D9_a0.6_th1_45_th2_225_m140/q1.75_LL_D9_a0.6_th1_45_th2_225_m140.par". This entry's metadta file is invalid.
  166	[Log for <nrutils.core.nrsc.scentry instance at 0x10e0140f0>] The file is "/Users/book/MOUNT/tmp/gluster/hogshead/NR_data/GT-MAYA/LL-series/q2.25_LL_D9_a0.6_th1_45_th2_225_m140/q2.25_LL_D9_a0.6_th1_45_th2_225_m140.par". This entry's metadata file is valid.
  167	[Log for <nrutils.core.nrsc.scentry instance at 0x10e014410>] The file is "/Users/book/MOUNT/tmp/gluster/hogshead/NR_data/GT-MAYA/LL-series/q2.25_LL_D9_a0.6_th1_45_th2_225_m140/q2.25_LL_D9_a0.6_th1_45_th2_225_m140/q2.25_LL_D9_a0.6_th1_45_th2_225_m140.par". This entry's metadta file is invalid.
  168	[Log for <nrutils.core.nrsc.scentry instance at 0x10e015f50>] The file is "/Users/book/MOUNT/tmp/gluster/hogshead/NR_data/GT-MAYA/LL-series/q2.5_LL_D9_a0.6_th1_45_th2_225_m140/q2.5_LL_D9_a0.6_th1_45_th2_225_m140.par". This entry's metadata file is valid.
  169	[Log for <nrutils.core.nrsc.scentry instance at 0x10e015370>] The file is "/Users/book/MOUNT/tmp/gluster/hogshead/NR_data/GT-MAYA/LL-series/q2.5_LL_D9_a0.6_th1_45_th2_225_m140/q2.5_LL_D9_a0.6_th1_45_th2_225_m140/q2.5_LL_D9_a0.6_th1_45_th2_225_m140.par". This entry's metadta file is invalid.
  170	[Log for <nrutils.core.nrsc.scentry instance at 0x10e02b280>] The file is "/Users/book/MOUNT/tmp/gluster/hogshead/NR_data/GT-MAYA/LL-series/q2.75_LL_D9_a0.6_th1_45_th2_225_m140/q2.75_LL_D9_a0.6_th1_45_th2_225_m140.par". This entry's metadata file is valid.
  171	[Log for <nrutils.core.nrsc.scentry instance at 0x10e02be10>] The file is "/Users/book/MOUNT/tmp/gluster/hogshead/NR_data/GT-MAYA/LL-series/q2.75_LL_D9_a0.6_th1_45_th2_225_m140/q2.75_LL_D9_a0.6_th1_45_th2_225_m140/q2.75_LL_D9_a0.6_th1_45_th2_225_m140.par". This entry's metadta file is invalid.
  172	[Log for <nrutils.core.nrsc.scentry instance at 0x10e00f1e0>] The file is "/Users/book/MOUNT/tmp/gluster/hogshead/NR_data/GT-MAYA/LL-series/q3.75_LL_D9_a0.6_th1_45_th2_225_m140/q3.75_LL_D9_a0.6_th1_45_th2_225_m140.par". This entry's metadata file is valid.
  173	[Log for <nrutils.core.nrsc.scentry instance at 0x10e00f370>] The file is "/Users/book/MOUNT/tmp/gluster/hogshead/NR_data/GT-MAYA/LL-series/q3.75_LL_D9_a0.6_th1_45_th2_225_m140/q3.75_LL_D9_a0.6_th1_45_th2_225_m140/q3.75_LL_D9_a0.6_th1_45_th2_225_m140.par". This entry's metadta file is invalid.
  174	[Log for <nrutils.core.nrsc.scentry instance at 0x10e01bdc0>] The file is "/Users/book/MOUNT/tmp/gluster/hogshead/NR_data/GT-MAYA/LL-series/q3_LL_D9_a0.6_th1_45_th2_225_m140/q3_LL_D9_a0.6_th1_45_th2_225_m140.par". This entry's metadata file is valid.
  175	[Log for <nrutils.core.nrsc.scentry instance at 0x10e01b5a0>] The file is "/Users/book/MOUNT/tmp/gluster/hogshead/NR_data/GT-MAYA/LL-series/q3_LL_D9_a0.6_th1_45_th2_225_m140/q3_LL_D9_a0.6_th1_45_th2_225_m140/q3_LL_D9_a0.6_th1_45_th2_225_m140.par". This entry's metadta file is invalid.
  176	[Log for <nrutils.core.nrsc.scentry instance at 0x10e021fa0>] The file is "/Users/book/MOUNT/tmp/gluster/hogshead/NR_data/GT-MAYA/LL-series/q4_LL_D9_a0.6_th1_45_th2_225_m166/q4_LL_D9_a0.6_th1_45_th2_225_m166.par". This entry's metadata file is valid.
  177	[Log for <nrutils.core.nrsc.scentry instance at 0x10e0212d0>] The file is "/Users/book/MOUNT/tmp/gluster/hogshead/NR_data/GT-MAYA/LL-series/q4_LL_D9_a0.6_th1_45_th2_225_m166/q4_LL_D9_a0.6_th1_45_th2_225_m166/q4_LL_D9_a0.6_th1_45_th2_225_m166.par". This entry's metadta file is invalid.
  178	[Log for <nrutils.core.nrsc.scentry instance at 0x10e033460>] The file is "/Users/book/MOUNT/tmp/gluster/hogshead/NR_data/GT-MAYA/LL-series/q5_LL_D9_a0.6_th1_45_th2_225_m320/q5_LL_D9_a0.6_th1_45_th2_225_m320.par". This entry's metadata file is valid.
  179	[Log for <nrutils.core.nrsc.scentry instance at 0x10e0332d0>] The file is "/Users/book/MOUNT/tmp/gluster/hogshead/NR_data/GT-MAYA/LL-series/q5_LL_D9_a0.6_th1_45_th2_225_m320/q5_LL_D9_a0.6_th1_45_th2_225_m320/q5_LL_D9_a0.6_th1_45_th2_225_m320.par". This entry's metadta file is invalid.
  180	[Log for <nrutils.core.nrsc.scentry instance at 0x10e19d460>] The file is "/Users/book/MOUNT/tmp/gluster/hogshead/NR_data/GT-MAYA/LL-series/q6_LL_D9_a0.6_th1_45_th2_225_m320/q6_LL_D9_a0.6_th1_45_th2_225_m320.par". This entry's metadata file is valid.
  181	[Log for <nrutils.core.nrsc.scentry instance at 0x10e19d320>] The file is "/Users/book/MOUNT/tmp/gluster/hogshead/NR_data/GT-MAYA/LL-series/q6_LL_D9_a0.6_th1_45_th2_225_m320/q6_LL_D9_a0.6_th1_45_th2_225_m320/q6_LL_D9_a0.6_th1_45_th2_225_m320.par". This entry's metadta file is invalid.
  182	[Log for <nrutils.core.nrsc.scentry instance at 0x10e1b5fa0>] The file is "/Users/book/MOUNT/tmp/gluster/hogshead/NR_data/GT-MAYA/A-series/M103/D11_a0.4_q1.00_m103_As/D11_a0.4_q1.00_m103_As.par". This entry's metadata file is valid.
  183	[Log for <nrutils.core.nrsc.scentry instance at 0x10e1b5410>] The file is "/Users/book/MOUNT/tmp/gluster/hogshead/NR_data/GT-MAYA/A-series/M103/D11_a0.4_q1.00_m103_As/D11_a0.4_q1.00_m103_As/D11_a0.4_q1.00_m103_As.par". This entry's metadta file is invalid.
  184	[Log for <nrutils.core.nrsc.scentry instance at 0x10e1a75f0>] The file is "/Users/book/MOUNT/tmp/gluster/hogshead/NR_data/GT-MAYA/A-series/M103/D11_a0.6_q1.00_m103_As/D11_a0.6_q1.00_m103_As.par". This entry's metadata file is valid.
  185	[Log for <nrutils.core.nrsc.scentry instance at 0x10e1a7d20>] The file is "/Users/book/MOUNT/tmp/gluster/hogshead/NR_data/GT-MAYA/A-series/M103/D11_a0.6_q1.00_m103_As/D11_a0.6_q1.00_m103_As/D11_a0.6_q1.00_m103_As.par". This entry's metadta file is invalid.
  186	[Log for <nrutils.core.nrsc.scentry instance at 0x10e1ac1e0>] The file is "/Users/book/MOUNT/tmp/gluster/hogshead/NR_data/GT-MAYA/A-series/M103/D11_a0.2_q1.00_m103_As/D11_a0.2_q1.00_m103_As.par". This entry's metadata file is valid.
  187	[Log for <nrutils.core.nrsc.scentry instance at 0x10e1acd70>] The file is "/Users/book/MOUNT/tmp/gluster/hogshead/NR_data/GT-MAYA/A-series/M103/D11_a0.2_q1.00_m103_As/D11_a0.2_q1.00_m103_As/D11_a0.2_q1.00_m103_As.par". This entry's metadta file is invalid.
  188	[Log for <nrutils.core.nrsc.scentry instance at 0x10e1cc4b0>] The file is "/Users/book/MOUNT/tmp/gluster/hogshead/NR_data/GT-MAYA/A-series/M103/D11_a0.8_q1.00_m103_As/D11_a0.8_q1.00_m103_As.par". This entry's metadata file is valid.
  189	[Log for <nrutils.core.nrsc.scentry instance at 0x10e1cc280>] The file is "/Users/book/MOUNT/tmp/gluster/hogshead/NR_data/GT-MAYA/A-series/M103/D11_a0.8_q1.00_m103_As/D11_a0.8_q1.00_m103_As/D11_a0.8_q1.00_m103_As.par". This entry's metadta file is invalid.
  190	[Log for <nrutils.core.nrsc.scentry instance at 0x10e1bbf50>] The file is "/Users/book/MOUNT/tmp/gluster/hogshead/NR_data/GT-MAYA/A-series/M103/D11_a0.0_q1.00_m103_As/D11_a0.0_q1.00_m103_As.par". This entry's metadata file is valid.
  191	[Log for <nrutils.core.nrsc.scentry instance at 0x10e1cc3c0>] The file is "/Users/book/MOUNT/tmp/gluster/hogshead/NR_data/GT-MAYA/A-series/M103/D11_a0.0_q1.00_m103_As/D11_a0.0_q1.00_m103_As/D11_a0.0_q1.00_m103_As.par". This entry's metadta file is invalid.
  192	[Log for <nrutils.core.nrsc.scentry instance at 0x10e1cc3c0>] The file is "/Users/book/MOUNT/tmp/gluster/hogshead/NR_data/GT-MAYA/HRq-series/D9_q1.6_a0.0_m160/D9_q1.6_a0.0_m160.par". This entry's metadata file is valid.
  193	[Log for <nrutils.core.nrsc.scentry instance at 0x10e1bb190>] The file is "/Users/book/MOUNT/tmp/gluster/hogshead/NR_data/GT-MAYA/HRq-series/D9_q1.7_a0.0_m160/D9_q1.7_a0.0_m160.par". This entry's metadata file is valid.
  194	[Log for <nrutils.core.nrsc.scentry instance at 0x10e1c1280>] The file is "/Users/book/MOUNT/tmp/gluster/hogshead/NR_data/GT-MAYA/HRq-series/D9_q1.8_a0.0_m160/D9_q1.8_a0.0_m160.par". This entry's metadata file is valid.
  195	[Log for <nrutils.core.nrsc.scentry instance at 0x10e1cd460>] The file is "/Users/book/MOUNT/tmp/gluster/hogshead/NR_data/GT-MAYA/HRq-series/D9_q2.0_a0.0_m160/D9_q2.0_a0.0_m160.par". This entry's metadata file is valid.
  196	[Log for <nrutils.core.nrsc.scentry instance at 0x10e1660a0>] The file is "/Users/book/MOUNT/tmp/gluster/hogshead/NR_data/GT-MAYA/HRq-series/D9_q2.2_a0.0_m160/D9_q2.2_a0.0_m160.par". This entry's metadata file is valid.
  197	[Log for <nrutils.core.nrsc.scentry instance at 0x10e1651e0>] The file is "/Users/book/MOUNT/tmp/gluster/hogshead/NR_data/GT-MAYA/HRq-series/D9_q2.8_a0.0_m160/D9_q2.8_a0.0_m160.par". This entry's metadata file is valid.
  198	[Log for <nrutils.core.nrsc.scentry instance at 0x10e16b050>] The file is "/Users/book/MOUNT/tmp/gluster/hogshead/NR_data/GT-MAYA/HRq-series/D9_q2.9_a0.0_m160/D9_q2.9_a0.0_m160.par". This entry's metadata file is valid.
  199	[Log for <nrutils.core.nrsc.scentry instance at 0x10e173e10>] The file is "/Users/book/MOUNT/tmp/gluster/hogshead/NR_data/GT-MAYA/HRq-series/D9_q3.3_a0.0_m160/D9_q3.3_a0.0_m160.par". This entry's metadata file is valid.
  200	[Log for <nrutils.core.nrsc.scentry instance at 0x10e179f00>] The file is "/Users/book/MOUNT/tmp/gluster/hogshead/NR_data/GT-MAYA/HRq-series/D9_q3.8_a0.0_m160/D9_q3.8_a0.0_m160.par". This entry's metadata file is valid.
  201	[Log for <nrutils.core.nrsc.scentry instance at 0x10e179d20>] The file is "/Users/book/MOUNT/tmp/gluster/hogshead/NR_data/GT-MAYA/HRq-series/D9_q4.3_a0.0_m160/D9_q4.3_a0.0_m160.par". This entry's metadata file is valid.
  202	[Log for <nrutils.core.nrsc.scentry instance at 0x10e18ed20>] The file is "/Users/book/MOUNT/tmp/gluster/hogshead/NR_data/GT-MAYA/HRq-series/D9_q4.5_a0.0_m160/D9_q4.5_a0.0_m160.par". This entry's metadata file is valid.
  203	[Log for <nrutils.core.nrsc.scentry instance at 0x10e187140>] The file is "/Users/book/MOUNT/tmp/gluster/hogshead/NR_data/GT-MAYA/HRq-series/D9_q1.3_a0.0_m160/D9_q1.3_a0.0_m160.par". This entry's metadata file is valid.
  204	[Log for <nrutils.core.nrsc.scentry instance at 0x10e186b90>] The file is "/Users/book/MOUNT/tmp/gluster/hogshead/NR_data/GT-MAYA/HRq-series/D9_q1.4_a0.0_m160/D9_q1.4_a0.0_m160.par". This entry's metadata file is valid.
  205	[Log for <nrutils.core.nrsc.scentry instance at 0x10e1e41e0>] The file is "/Users/book/MOUNT/tmp/gluster/hogshead/NR_data/GT-MAYA/HRq-series/D9_q1.9_a0.0_m160/D9_q1.9_a0.0_m160.par". This entry's metadata file is valid.
  206	[Log for <nrutils.core.nrsc.scentry instance at 0x10e2057d0>] The file is "/Users/book/MOUNT/tmp/gluster/hogshead/NR_data/GT-MAYA/HRq-series/D9_q2.1_a0.0_m160/D9_q2.1_a0.0_m160.par". This entry's metadata file is valid.
  207	[Log for <nrutils.core.nrsc.scentry instance at 0x10e205be0>] The file is "/Users/book/MOUNT/tmp/gluster/hogshead/NR_data/GT-MAYA/HRq-series/D9_q2.4_a0.0_m160/D9_q2.4_a0.0_m160.par". This entry's metadata file is valid.
  208	[Log for <nrutils.core.nrsc.scentry instance at 0x10e1f0410>] The file is "/Users/book/MOUNT/tmp/gluster/hogshead/NR_data/GT-MAYA/HRq-series/D9_q2.5_a0.0_m160/D9_q2.5_a0.0_m160.par". This entry's metadata file is valid.
  209	[Log for <nrutils.core.nrsc.scentry instance at 0x10e1ebc30>] The file is "/Users/book/MOUNT/tmp/gluster/hogshead/NR_data/GT-MAYA/HRq-series/D9_q2.6_a0.0_m160/D9_q2.6_a0.0_m160.par". This entry's metadata file is valid.
  210	[Log for <nrutils.core.nrsc.scentry instance at 0x10e1f1910>] The file is "/Users/book/MOUNT/tmp/gluster/hogshead/NR_data/GT-MAYA/HRq-series/D9_q3.0_a0.0_m160/D9_q3.0_a0.0_m160.par". This entry's metadata file is valid.
  211	[Log for <nrutils.core.nrsc.scentry instance at 0x10e1fa6e0>] The file is "/Users/book/MOUNT/tmp/gluster/hogshead/NR_data/GT-MAYA/HRq-series/D9_q3.1_a0.0_m160/D9_q3.1_a0.0_m160.par". This entry's metadata file is valid.
  212	[Log for <nrutils.core.nrsc.scentry instance at 0x10e1f4d70>] The file is "/Users/book/MOUNT/tmp/gluster/hogshead/NR_data/GT-MAYA/HRq-series/D9_q3.4_a0.0_m160/D9_q3.4_a0.0_m160.par". This entry's metadata file is valid.
  213	[Log for <nrutils.core.nrsc.scentry instance at 0x10e204820>] The file is "/Users/book/MOUNT/tmp/gluster/hogshead/NR_data/GT-MAYA/HRq-series/D9_q4.1_a0.0_m160/D9_q4.1_a0.0_m160.par". This entry's metadata file is valid.
  214	[Log for <nrutils.core.nrsc.scentry instance at 0x10e200c80>] The file is "/Users/book/MOUNT/tmp/gluster/hogshead/NR_data/GT-MAYA/HRq-series/D9_q1.0_a0.0_m160/D9_q1.0_a0.0_m160.par". This entry's metadata file is valid.
  215	[Log for <nrutils.core.nrsc.scentry instance at 0x10e208820>] The file is "/Users/book/MOUNT/tmp/gluster/hogshead/NR_data/GT-MAYA/HRq-series/D9_q1.1_a0.0_m160/D9_q1.1_a0.0_m160.par". This entry's metadata file is valid.
  216	[Log for <nrutils.core.nrsc.scentry instance at 0x10e233780>] The file is "/Users/book/MOUNT/tmp/gluster/hogshead/NR_data/GT-MAYA/HRq-series/D9_q1.2_a0.0_m160/D9_q1.2_a0.0_m160.par". This entry's metadata file is valid.
  217	[Log for <nrutils.core.nrsc.scentry instance at 0x10e23f550>] The file is "/Users/book/MOUNT/tmp/gluster/hogshead/NR_data/GT-MAYA/HRq-series/D9_q1.5_a0.0_m160/D9_q1.5_a0.0_m160.par". This entry's metadata file is valid.
  218	[Log for <nrutils.core.nrsc.scentry instance at 0x10e2472d0>] The file is "/Users/book/MOUNT/tmp/gluster/hogshead/NR_data/GT-MAYA/HRq-series/D9_q2.3_a0.0_m160/D9_q2.3_a0.0_m160.par". This entry's metadata file is valid.
  219	[Log for <nrutils.core.nrsc.scentry instance at 0x10e24b370>] The file is "/Users/book/MOUNT/tmp/gluster/hogshead/NR_data/GT-MAYA/HRq-series/D9_q2.7_a0.0_m160/D9_q2.7_a0.0_m160.par". This entry's metadata file is valid.
  220	[Log for <nrutils.core.nrsc.scentry instance at 0x10e253460>] The file is "/Users/book/MOUNT/tmp/gluster/hogshead/NR_data/GT-MAYA/HRq-series/D9_q3.2_a0.0_m160/D9_q3.2_a0.0_m160.par". This entry's metadata file is valid.
  221	[Log for <nrutils.core.nrsc.scentry instance at 0x10e268870>] The file is "/Users/book/MOUNT/tmp/gluster/hogshead/NR_data/GT-MAYA/HRq-series/D9_q3.5_a0.0_m160/D9_q3.5_a0.0_m160.par". This entry's metadata file is valid.
  222	[Log for <nrutils.core.nrsc.scentry instance at 0x10e26ed70>] The file is "/Users/book/MOUNT/tmp/gluster/hogshead/NR_data/GT-MAYA/HRq-series/D9_q3.6_a0.0_m160/D9_q3.6_a0.0_m160.par". This entry's metadata file is valid.
  223	[Log for <nrutils.core.nrsc.scentry instance at 0x10e235c80>] The file is "/Users/book/MOUNT/tmp/gluster/hogshead/NR_data/GT-MAYA/HRq-series/D9_q3.7_a0.0_m160/D9_q3.7_a0.0_m160.par". This entry's metadata file is valid.
  224	[Log for <nrutils.core.nrsc.scentry instance at 0x10e2577d0>] The file is "/Users/book/MOUNT/tmp/gluster/hogshead/NR_data/GT-MAYA/HRq-series/D9_q3.9_a0.0_m160/D9_q3.9_a0.0_m160.par". This entry's metadata file is valid.
  225	[Log for <nrutils.core.nrsc.scentry instance at 0x10e26f0a0>] The file is "/Users/book/MOUNT/tmp/gluster/hogshead/NR_data/GT-MAYA/HRq-series/D9_q4.0_a0.0_m160/D9_q4.0_a0.0_m160.par". This entry's metadata file is valid.
  226	[Log for <nrutils.core.nrsc.scentry instance at 0x10e28eeb0>] The file is "/Users/book/MOUNT/tmp/gluster/hogshead/NR_data/GT-MAYA/HRq-series/D9_q4.2_a0.0_m160/D9_q4.2_a0.0_m160.par". This entry's metadata file is valid.
  227	[Log for <nrutils.core.nrsc.scentry instance at 0x10e2b1460>] The file is "/Users/book/MOUNT/tmp/gluster/hogshead/NR_data/GT-MAYA/HRq-series/D9_q4.4_a0.0_m160/D9_q4.4_a0.0_m160.par". This entry's metadata file is valid.
  228	[Log for <nrutils.core.nrsc.scentry instance at 0x10e2b1190>] The file is "/Users/book/MOUNT/tmp/gluster/hogshead/NR_data/GT-MAYA/HRq-series/q3CFL/D9_q3.0_a0.0_CFL25_m100/D9_q3.0_a0.0_CFL25_m100.par". This entry's metadata file is valid.
  229	[Log for <nrutils.core.nrsc.scentry instance at 0x10e2b6e60>] The file is "/Users/book/MOUNT/tmp/gluster/hogshead/NR_data/GT-MAYA/HRq-series/q3CFL/D9_q3.0_a0.0_CFL25_m120/D9_q3.0_a0.0_CFL25_m120.par". This entry's metadata file is valid.
  230	[Log for <nrutils.core.nrsc.scentry instance at 0x10e2a2af0>] The file is "/Users/book/MOUNT/tmp/gluster/hogshead/NR_data/GT-MAYA/HRq-series/q3CFL/D9_q3.0_a0.0_m120/D9_q3.0_a0.0_m120.par". This entry's metadata file is valid.
  231	[Log for <nrutils.core.nrsc.scentry instance at 0x10e2bc230>] The file is "/Users/book/MOUNT/tmp/gluster/hogshead/NR_data/GT-MAYA/HRq-series/q3CFL/D9_q3.0_a0.0_m140/D9_q3.0_a0.0_m140.par". This entry's metadata file is valid.
  232	[Log for <nrutils.core.nrsc.scentry instance at 0x10e2a3280>] The file is "/Users/book/MOUNT/tmp/gluster/hogshead/NR_data/GT-MAYA/HRq-series/q3CFL/D9_q3.0_a0.0_m180/D9_q3.0_a0.0_m180.par". This entry's metadata file is valid.
  233	[Log for <nrutils.core.nrsc.scentry instance at 0x10e2897d0>] The file is "/Users/book/MOUNT/tmp/gluster/hogshead/NR_data/GT-MAYA/HRq-series/q3CFL/D9_q3.0_a0.0_CFL125_m100/D9_q3.0_a0.0_CFL125_m100.par". This entry's metadata file is valid.
  234	[Log for <nrutils.core.nrsc.scentry instance at 0x10e29eaa0>] The file is "/Users/book/MOUNT/tmp/gluster/hogshead/NR_data/GT-MAYA/HRq-series/q3CFL/D9_q3.0_a0.0_CFL25_m140/D9_q3.0_a0.0_CFL25_m140.par". This entry's metadata file is valid.
  235	[Log for <nrutils.core.nrsc.scentry instance at 0x10e2ab690>] The file is "/Users/book/MOUNT/tmp/gluster/hogshead/NR_data/GT-MAYA/HRq-series/q3CFL/D9_q3.0_a0.0_CFL25_m160/D9_q3.0_a0.0_CFL25_m160.par". This entry's metadata file is valid.
  236	[Log for <nrutils.core.nrsc.scentry instance at 0x10e6397d0>] The file is "/Users/book/MOUNT/tmp/gluster/hogshead/NR_data/GT-MAYA/HRq-series/q3CFL/D9_q3.0_a0.0_m100/D9_q3.0_a0.0_m100.par". This entry's metadata file is valid.
  237	[Log for <nrutils.core.nrsc.scentry instance at 0x10e6465a0>] The file is "/Users/book/MOUNT/tmp/gluster/hogshead/NR_data/GT-MAYA/HR-series/q1.25/D11_q1.25_a0.0_m200/D11_q1.25_a0.0_m200.par". This entry's metadata file is valid.
  238	[Log for <nrutils.core.nrsc.scentry instance at 0x10e649370>] The file is "/Users/book/MOUNT/tmp/gluster/hogshead/NR_data/GT-MAYA/HR-series/q1.50/D11_q1.50_a-0.4_m200/D11_q1.50_a-0.4_m200.par". This entry's metadata file is valid.
  239	[Log for <nrutils.core.nrsc.scentry instance at 0x10e267820>] The file is "/Users/book/MOUNT/tmp/gluster/hogshead/NR_data/GT-MAYA/HR-series/q1.50/D11_q1.50_a-0.6_m200/D11_q1.50_a-0.6_m200.par". This entry's metadata file is valid.
  240	[Log for <nrutils.core.nrsc.scentry instance at 0x10e6456e0>] The file is "/Users/book/MOUNT/tmp/gluster/hogshead/NR_data/GT-MAYA/HR-series/q1.50/D11_q1.50_a0.2_m200/D11_q1.50_a0.2_m200.par". This entry's metadata file is valid.
  241	[Log for <nrutils.core.nrsc.scentry instance at 0x10e6446e0>] The file is "/Users/book/MOUNT/tmp/gluster/hogshead/NR_data/GT-MAYA/HR-series/q1.50/D11_q1.50_a0.4_m200/D11_q1.50_a0.4_m200.par". This entry's metadata file is valid.
  242	[Log for <nrutils.core.nrsc.scentry instance at 0x10e660b90>] The file is "/Users/book/MOUNT/tmp/gluster/hogshead/NR_data/GT-MAYA/HR-series/q1.50/D11_q1.50_a0.4_m200/D11_q1.50_a0.4_m200/D11_q1.50_a0.4_m200.par". This entry's metadta file is invalid.
  243	[Log for <nrutils.core.nrsc.scentry instance at 0x10e660b90>] The file is "/Users/book/MOUNT/tmp/gluster/hogshead/NR_data/GT-MAYA/HR-series/q1.50/D11_q1.50_a-0.2_m200/D11_q1.50_a-0.2_m200.par". This entry's metadata file is valid.
  244	[Log for <nrutils.core.nrsc.scentry instance at 0x10e6665a0>] The file is "/Users/book/MOUNT/tmp/gluster/hogshead/NR_data/GT-MAYA/HR-series/q1.50/D11_q1.50_a0.0_m200/D11_q1.50_a0.0_m200.par". This entry's metadata file is valid.
  245	[Log for <nrutils.core.nrsc.scentry instance at 0x10e664370>] The file is "/Users/book/MOUNT/tmp/gluster/hogshead/NR_data/GT-MAYA/HR-series/q1.50/D9_q1.50_a0.1_m200/D9_q1.50_a0.1_m200.par". This entry's metadata file is valid.
  246	[Log for <nrutils.core.nrsc.scentry instance at 0x10e6795f0>] The file is "/Users/book/MOUNT/tmp/gluster/hogshead/NR_data/GT-MAYA/HR-series/q1.75/D11_q1.75_a0.0_m200/D11_q1.75_a0.0_m200.par". This entry's metadata file is valid.
  247	[Log for <nrutils.core.nrsc.scentry instance at 0x10e683be0>] The file is "/Users/book/MOUNT/tmp/gluster/hogshead/NR_data/GT-MAYA/HR-series/q15.00/D7.5_q15.00_a0.0_CHgEEB_m800/D7.5_q15.00_a0.0_CHgEEB_m800.par". This entry's metadata file is valid.
  248	[Log for <nrutils.core.nrsc.scentry instance at 0x10e6a5a50>] The file is "/Users/book/MOUNT/tmp/gluster/hogshead/NR_data/GT-MAYA/HR-series/NRAR/D11_q2.00_a0.60_rl12try2_m080/D11_q2.00_a0.60_rl12try2_m080.par". This entry's metadata file is valid.
  249	[Log for <nrutils.core.nrsc.scentry instance at 0x10e68b8c0>] The file is "/Users/book/MOUNT/tmp/gluster/hogshead/NR_data/GT-MAYA/HR-series/NRAR/D12_q1.00_a0.60_m120/D12_q1.00_a0.60_m120.par". This entry's metadata file is valid.
  250	[Log for <nrutils.core.nrsc.scentry instance at 0x10e6a6c30>] The file is "/Users/book/MOUNT/tmp/gluster/hogshead/NR_data/GT-MAYA/HR-series/NRAR/D12_q1.00_a0.60_m160/D12_q1.00_a0.60_m160.par". This entry's metadata file is valid.
  251	[Log for <nrutils.core.nrsc.scentry instance at 0x10e68c9b0>] The file is "/Users/book/MOUNT/tmp/gluster/hogshead/NR_data/GT-MAYA/HR-series/NRAR/D12_q1.00_a0.60_m180/D12_q1.00_a0.60_m180.par". This entry's metadata file is valid.
  252	[Log for <nrutils.core.nrsc.scentry instance at 0x10e6aca00>] The file is "/Users/book/MOUNT/tmp/gluster/hogshead/NR_data/GT-MAYA/HR-series/NRAR/D12_q1.00_a0.60_m200/D12_q1.00_a0.60_m200.par". This entry's metadata file is valid.
  253	[Log for <nrutils.core.nrsc.scentry instance at 0x10e6b30a0>] The file is "/Users/book/MOUNT/tmp/gluster/hogshead/NR_data/GT-MAYA/HR-series/NRAR/D12_q2.00_a0.30_0.00_m180/D12_q2.00_a0.30_0.00_m180.par". This entry's metadata file is valid.
  254	[Log for <nrutils.core.nrsc.scentry instance at 0x10e6af0f0>] The file is "/Users/book/MOUNT/tmp/gluster/hogshead/NR_data/GT-MAYA/HR-series/NRAR/D12_q2.00_a0.30_0.00_m200/D12_q2.00_a0.30_0.00_m200.par". This entry's metadata file is valid.
  255	[Log for <nrutils.core.nrsc.scentry instance at 0x10e6a8960>] The file is "/Users/book/MOUNT/tmp/gluster/hogshead/NR_data/GT-MAYA/HR-series/NRAR/D12_q2.00_a0.15_-0.60_m180/D12_q2.00_a0.15_-0.60_m180.par". This entry's metadata file is valid.
  256	[Log for <nrutils.core.nrsc.scentry instance at 0x100e1db40>] The file is "/Users/book/MOUNT/tmp/gluster/hogshead/NR_data/GT-MAYA/HR-series/NRAR/D12_q2.00_a0.15_-0.60_m200/D12_q2.00_a0.15_-0.60_m200.par". This entry's metadata file is valid.
  257	[Log for <nrutils.core.nrsc.scentry instance at 0x100e30140>] The file is "/Users/book/MOUNT/tmp/gluster/hogshead/NR_data/GT-MAYA/HR-series/NRAR/D12_q2.00_a0.30_0.00_m160/D12_q2.00_a0.30_0.00_m160.par". This entry's metadata file is valid.
  258	[Log for <nrutils.core.nrsc.scentry instance at 0x100e2a820>] The file is "/Users/book/MOUNT/tmp/gluster/hogshead/NR_data/GT-MAYA/HR-series/NRAR/D11_q2.00_a0.60_m200/D11_q2.00_a0.60_m200.par". This entry's metadata file is valid.
  259	[Log for <nrutils.core.nrsc.scentry instance at 0x100e3cbe0>] The file is "/Users/book/MOUNT/tmp/gluster/hogshead/NR_data/GT-MAYA/HR-series/NRAR/D12_q1.00_a0.60_m080/D12_q1.00_a0.60_m080.par". This entry's metadata file is valid.
  260	[Log for <nrutils.core.nrsc.scentry instance at 0x100e39e10>] The file is "/Users/book/MOUNT/tmp/gluster/hogshead/NR_data/GT-MAYA/HR-series/NRAR/D12_q2.00_a0.15_-0.60_m120/D12_q2.00_a0.15_-0.60_m120.par". This entry's metadata file is valid.
  261	[Log for <nrutils.core.nrsc.scentry instance at 0x100e49730>] The file is "/Users/book/MOUNT/tmp/gluster/hogshead/NR_data/GT-MAYA/HR-series/NRAR/D12_q2.00_a0.15_-0.60_m160/D12_q2.00_a0.15_-0.60_m160.par". This entry's metadata file is valid.
  262	[Log for <nrutils.core.nrsc.scentry instance at 0x100e4a8c0>] The file is "/Users/book/MOUNT/tmp/gluster/hogshead/NR_data/GT-MAYA/HR-series/NRAR/D12_q2.00_a0.30_0.00_m120/D12_q2.00_a0.30_0.00_m120.par". This entry's metadata file is valid.
  263	[Log for <nrutils.core.nrsc.scentry instance at 0x100e46690>] The file is "/Users/book/MOUNT/tmp/gluster/hogshead/NR_data/GT-MAYA/HR-series/q2.25/D11_q2.25_a0.0_m200/D11_q2.25_a0.0_m200.par". This entry's metadata file is valid.
  264	[Log for <nrutils.core.nrsc.scentry instance at 0x100e52410>] The file is "/Users/book/MOUNT/tmp/gluster/hogshead/NR_data/GT-MAYA/HR-series/q5.00/D10_q5.00_a-0.68_0.00_m240/D10_q5.00_a-0.68_0.00_m240.par". This entry's metadata file is valid.
  265	[Log for <nrutils.core.nrsc.scentry instance at 0x10ea093c0>] The file is "/Users/book/MOUNT/tmp/gluster/hogshead/NR_data/GT-MAYA/HR-series/q5.00/D10_q5.00_a-0.69273917_0.00_m240/D10_q5.00_a-0.69273917_0.00_m240.par". This entry's metadata file is valid.
  266	[Log for <nrutils.core.nrsc.scentry instance at 0x10ea0faa0>] The file is "/Users/book/MOUNT/tmp/gluster/hogshead/NR_data/GT-MAYA/HR-series/q5.00/D10_q5.00_a-0.69274619_0.00_m240/D10_q5.00_a-0.69274619_0.00_m240.par". This entry's metadata file is valid.
  267	[Log for <nrutils.core.nrsc.scentry instance at 0x10ea11960>] The file is "/Users/book/MOUNT/tmp/gluster/hogshead/NR_data/GT-MAYA/HR-series/q5.00/D10_q5.00_a-0.72_0.00_m240/D10_q5.00_a-0.72_0.00_m240.par". This entry's metadata file is valid.
  268	[Log for <nrutils.core.nrsc.scentry instance at 0x10ea170a0>] The file is "/Users/book/MOUNT/tmp/gluster/hogshead/NR_data/GT-MAYA/HR-series/q5.00/D10_q5.00_a0.0_0.0_m240/D10_q5.00_a0.0_0.0_m240.par". This entry's metadata file is valid.
  269	[Log for <nrutils.core.nrsc.scentry instance at 0x10ea1b230>] The file is "/Users/book/MOUNT/tmp/gluster/hogshead/NR_data/GT-MAYA/HR-series/q5.00/D10_q5.00_a0.4_0.0_m240/D10_q5.00_a0.4_0.0_m240.par". This entry's metadata file is valid.
  270	[Log for <nrutils.core.nrsc.scentry instance at 0x10ea1caa0>] The file is "/Users/book/MOUNT/tmp/gluster/hogshead/NR_data/GT-MAYA/HR-series/q5.00/D10_q5.00_a0.6_0.0_m240/D10_q5.00_a0.6_0.0_m240.par". This entry's metadata file is valid.
  271	[Log for <nrutils.core.nrsc.scentry instance at 0x10ea36910>] The file is "/Users/book/MOUNT/tmp/gluster/hogshead/NR_data/GT-MAYA/HR-series/q5.00/D10_q5.00_a-0.6921_0.00_m240/D10_q5.00_a-0.6921_0.00_m240.par". This entry's metadata file is valid.
  272	[Log for <nrutils.core.nrsc.scentry instance at 0x10ea317d0>] The file is "/Users/book/MOUNT/tmp/gluster/hogshead/NR_data/GT-MAYA/HR-series/q5.00/D10_q5.00_a-0.69273917_0.00_m280/D10_q5.00_a-0.69273917_0.00_m280.par". This entry's metadata file is valid.
  273	[Log for <nrutils.core.nrsc.scentry instance at 0x10ea31550>] The file is "/Users/book/MOUNT/tmp/gluster/hogshead/NR_data/GT-MAYA/HR-series/q5.00/D10_q5.00_a-0.71_0.00_m240/D10_q5.00_a-0.71_0.00_m240.par". This entry's metadata file is valid.
  274	[Log for <nrutils.core.nrsc.scentry instance at 0x10ea398c0>] The file is "/Users/book/MOUNT/tmp/gluster/hogshead/NR_data/GT-MAYA/HR-series/q5.00/D10_q5.00_a-0.73_0.00_m240/D10_q5.00_a-0.73_0.00_m240.par". This entry's metadata file is valid.
  275	[Log for <nrutils.core.nrsc.scentry instance at 0x10ea3bb40>] The file is "/Users/book/MOUNT/tmp/gluster/hogshead/NR_data/GT-MAYA/HR-series/q5.00/D10_q5.00_a0.2_0.0_m240/D10_q5.00_a0.2_0.0_m240.par". This entry's metadata file is valid.
  276	[Log for <nrutils.core.nrsc.scentry instance at 0x10ea456e0>] The file is "/Users/book/MOUNT/tmp/gluster/hogshead/NR_data/GT-MAYA/HR-series/q5.00/D10_q5.00_a-0.69273917_0.00_m200/D10_q5.00_a-0.69273917_0.00_m200.par". This entry's metadata file is valid.
  277	[Log for <nrutils.core.nrsc.scentry instance at 0x10eafd8c0>] The file is "/Users/book/MOUNT/tmp/gluster/hogshead/NR_data/GT-MAYA/HR-series/q5.00/D10_q5.00_a-0.69_0.00_m240/D10_q5.00_a-0.69_0.00_m240.par". This entry's metadata file is valid.
  278	[Log for <nrutils.core.nrsc.scentry instance at 0x10ea470f0>] The file is "/Users/book/MOUNT/tmp/gluster/hogshead/NR_data/GT-MAYA/HR-series/q1/D11_q1.00_a0.00_0.40_m160/D11_q1.00_a0.00_0.40_m160.par". This entry's metadata file is valid.
  279	[Log for <nrutils.core.nrsc.scentry instance at 0x10eb0b780>] The file is "/Users/book/MOUNT/tmp/gluster/hogshead/NR_data/GT-MAYA/HR-series/q1/D11_q1.00_a0.00_0.60_m160/D11_q1.00_a0.00_0.60_m160.par". This entry's metadata file is valid.
  280	[Log for <nrutils.core.nrsc.scentry instance at 0x10eb1b5a0>] The file is "/Users/book/MOUNT/tmp/gluster/hogshead/NR_data/GT-MAYA/HR-series/q1/D11_q1.00_a0.0_m120/D11_q1.00_a0.0_m120.par". This entry's metadata file is valid.
  281	[Log for <nrutils.core.nrsc.scentry instance at 0x10eb1aaa0>] The file is "/Users/book/MOUNT/tmp/gluster/hogshead/NR_data/GT-MAYA/HR-series/q1/D11_q1.00_a0.0_m160/D11_q1.00_a0.0_m160.par". This entry's metadata file is valid.
  282	[Log for <nrutils.core.nrsc.scentry instance at 0x10eb18c80>] The file is "/Users/book/MOUNT/tmp/gluster/hogshead/NR_data/GT-MAYA/HR-series/q1/D11_q1.00_a0.20_0.40_m160/D11_q1.00_a0.20_0.40_m160.par". This entry's metadata file is valid.
  283	[Log for <nrutils.core.nrsc.scentry instance at 0x10eb22910>] The file is "/Users/book/MOUNT/tmp/gluster/hogshead/NR_data/GT-MAYA/HR-series/q1/D11_q1.00_a0.5_m200/D11_q1.00_a0.5_m200.par". This entry's metadata file is valid.
  284	[Log for <nrutils.core.nrsc.scentry instance at 0x10eb2fa50>] The file is "/Users/book/MOUNT/tmp/gluster/hogshead/NR_data/GT-MAYA/HR-series/q1/D11_q1.00_a-0.2_m200/D11_q1.00_a-0.2_m200.par". This entry's metadata file is valid.
  285	[Log for <nrutils.core.nrsc.scentry instance at 0x10eb33910>] The file is "/Users/book/MOUNT/tmp/gluster/hogshead/NR_data/GT-MAYA/HR-series/q1/D11_q1.00_a0.00_0.20_m160/D11_q1.00_a0.00_0.20_m160.par". This entry's metadata file is valid.
  286	[Log for <nrutils.core.nrsc.scentry instance at 0x10ebd2410>] The file is "/Users/book/MOUNT/tmp/gluster/hogshead/NR_data/GT-MAYA/HR-series/q1/D11_q1.00_a0.00_0.80_m160/D11_q1.00_a0.00_0.80_m160.par". This entry's metadata file is valid.
  287	[Log for <nrutils.core.nrsc.scentry instance at 0x10ebd6dc0>] The file is "/Users/book/MOUNT/tmp/gluster/hogshead/NR_data/GT-MAYA/HR-series/q1/D11_q1.00_a0.0_m240/.D11_q1.00_a0.0_m240.par.swp". This entry's metadta file is invalid.
  288	[Log for <nrutils.core.nrsc.scentry instance at 0x10ebd6dc0>] The file is "/Users/book/MOUNT/tmp/gluster/hogshead/NR_data/GT-MAYA/HR-series/q1/D11_q1.00_a0.0_m240/D11_q1.00_a0.0_m240.par". This entry's metadata file is valid.
  289	[Log for <nrutils.core.nrsc.scentry instance at 0x10ebebd20>] The file is "/Users/book/MOUNT/tmp/gluster/hogshead/NR_data/GT-MAYA/HR-series/q1/D11_q1.00_a0.1_m200/D11_q1.00_a0.1_m200.par". This entry's metadata file is valid.
  290	[Log for <nrutils.core.nrsc.scentry instance at 0x10ebf36e0>] The file is "/Users/book/MOUNT/tmp/gluster/hogshead/NR_data/GT-MAYA/HR-series/q1/D11_q1.00_a0.20_0.60_m160/D11_q1.00_a0.20_0.60_m160.par". This entry's metadata file is valid.
  291	[Log for <nrutils.core.nrsc.scentry instance at 0x10ebf75a0>] The file is "/Users/book/MOUNT/tmp/gluster/hogshead/NR_data/GT-MAYA/HR-series/q1/D11_q1.00_a0.20_0.80_m160/D11_q1.00_a0.20_0.80_m160.par". This entry's metadata file is valid.
  292	[Log for <nrutils.core.nrsc.scentry instance at 0x10ebf9fa0>] The file is "/Users/book/MOUNT/tmp/gluster/hogshead/NR_data/GT-MAYA/HR-series/q1/D11_q1.00_a0.3_m200/D11_q1.00_a0.3_m200.par". This entry's metadata file is valid.
  293	[Log for <nrutils.core.nrsc.scentry instance at 0x10ec06d70>] The file is "/Users/book/MOUNT/tmp/gluster/hogshead/NR_data/GT-MAYA/HR-series/q1/D11_q1.00_a0.4_m200/D11_q1.00_a0.4_m200.par". This entry's metadata file is valid.
  294	[Log for <nrutils.core.nrsc.scentry instance at 0x10ec06500>] The file is "/Users/book/MOUNT/tmp/gluster/hogshead/NR_data/GT-MAYA/HR-series/q1/D11_q1.00_a0.6_m200/D11_q1.00_a0.6_m200.par". This entry's metadata file is valid.
  295	[Log for <nrutils.core.nrsc.scentry instance at 0x10ebfeeb0>] The file is "/Users/book/MOUNT/tmp/gluster/hogshead/NR_data/GT-MAYA/HR-series/q1/D11_q1.00_a0.7_m200/D11_q1.00_a0.7_m200.par". This entry's metadata file is valid.
  296	[Log for <nrutils.core.nrsc.scentry instance at 0x10ec03f50>] The file is "/Users/book/MOUNT/tmp/gluster/hogshead/NR_data/GT-MAYA/HR-series/q1/D11_q1.00_a0.8_m180/D11_q1.00_a0.8_m180.par". This entry's metadata file is valid.
  297	[Log for <nrutils.core.nrsc.scentry instance at 0x10ecb9f00>] The file is "/Users/book/MOUNT/tmp/gluster/hogshead/NR_data/GT-MAYA/HR-series/q1/D11_q1.00_a-0.4_m200/D11_q1.00_a-0.4_m200.par". This entry's metadata file is valid.
  298	[Log for <nrutils.core.nrsc.scentry instance at 0x10ebfceb0>] The file is "/Users/book/MOUNT/tmp/gluster/hogshead/NR_data/GT-MAYA/HR-series/q1/D11_q1.00_a0.0_m200/D11_q1.00_a0.0_m200.par". This entry's metadata file is valid.
  299	[Log for <nrutils.core.nrsc.scentry instance at 0x10ecc5e60>] The file is "/Users/book/MOUNT/tmp/gluster/hogshead/NR_data/GT-MAYA/HR-series/q1/D11_q1.00_a0.2_m200/D11_q1.00_a0.2_m200.par". This entry's metadata file is valid.
  300	[Log for <nrutils.core.nrsc.scentry instance at 0x10eccb0a0>] The file is "/Users/book/MOUNT/tmp/gluster/hogshead/NR_data/GT-MAYA/HR-series/q1/D11_q1.00_a0.8_m160/D11_q1.00_a0.8_m160.par". This entry's metadata file is valid.
  301	[Log for <nrutils.core.nrsc.scentry instance at 0x10eccf910>] The file is "/Users/book/MOUNT/tmp/gluster/hogshead/NR_data/GT-MAYA/HR-series/q1/D11_q1.00_a0.8_m200/D11_q1.00_a0.8_m200.par". This entry's metadata file is valid.
  302	[Log for <nrutils.core.nrsc.scentry instance at 0x10eccc140>] The file is "/Users/book/MOUNT/tmp/gluster/hogshead/NR_data/GT-MAYA/HR-series/q10.00/D8.4_q10.00_a0.0_m400/D8.4_q10.00_a0.0_m400.par". This entry's metadata file is valid.
  303	[Log for <nrutils.core.nrsc.scentry instance at 0x10ece0b90>] The file is "/Users/book/MOUNT/tmp/gluster/hogshead/NR_data/GT-MAYA/HR-series/q2.50/D11_q2.50_a-0.2_m200/D11_q2.50_a-0.2_m200.par". This entry's metadata file is valid.
  304	[Log for <nrutils.core.nrsc.scentry instance at 0x10ece67d0>] The file is "/Users/book/MOUNT/tmp/gluster/hogshead/NR_data/GT-MAYA/HR-series/q2.50/D11_q2.50_a0.0_Q20_cfl0.5_swz/D11_q2.50_a0.0_Q20_cfl0.5_swz.par". This entry's metadata file is valid.
  305	[Log for <nrutils.core.nrsc.scentry instance at 0x10ece3a50>] The file is "/Users/book/MOUNT/tmp/gluster/hogshead/NR_data/GT-MAYA/HR-series/q2.50/D11_q2.50_a0.0_Q20_swz_etk_v2/D11_q2.50_a0.0_Q20_swz_etk_v2.par". This entry's metadata file is valid.
  306	[Log for <nrutils.core.nrsc.scentry instance at 0x10ed88b90>] The file is "/Users/book/MOUNT/tmp/gluster/hogshead/NR_data/GT-MAYA/HR-series/q2.50/D11_q2.50_a0.0_Q28_wz/D11_q2.50_a0.0_Q28_wz.par". This entry's metadata file is valid.
  307	[Log for <nrutils.core.nrsc.scentry instance at 0x10ed98050>] The file is "/Users/book/MOUNT/tmp/gluster/hogshead/NR_data/GT-MAYA/HR-series/q2.50/D11_q2.50_a-0.4_m200/D11_q2.50_a-0.4_m200.par". This entry's metadata file is valid.
  308	[Log for <nrutils.core.nrsc.scentry instance at 0x10ed97b40>] The file is "/Users/book/MOUNT/tmp/gluster/hogshead/NR_data/GT-MAYA/HR-series/q2.50/D11_q2.50_a-0.6_m200/D11_q2.50_a-0.6_m200.par". This entry's metadata file is valid.
  309	[Log for <nrutils.core.nrsc.scentry instance at 0x10eda7050>] The file is "/Users/book/MOUNT/tmp/gluster/hogshead/NR_data/GT-MAYA/HR-series/q2.50/D11_q2.50_a0.0_Q20_swz/D11_q2.50_a0.0_Q20_swz.par". This entry's metadata file is valid.
  310	[Log for <nrutils.core.nrsc.scentry instance at 0x10eda1f00>] The file is "/Users/book/MOUNT/tmp/gluster/hogshead/NR_data/GT-MAYA/HR-series/q2.50/D11_q2.50_a0.0_Q20_swz_etk/D11_q2.50_a0.0_Q20_swz_etk.par". This entry's metadata file is valid.
  311	[Log for <nrutils.core.nrsc.scentry instance at 0x10edb4eb0>] The file is "/Users/book/MOUNT/tmp/gluster/hogshead/NR_data/GT-MAYA/HR-series/q2.50/D11_q2.50_a0.0_Q24_swz/D11_q2.50_a0.0_Q24_swz.par". This entry's metadata file is valid.
  312	[Log for <nrutils.core.nrsc.scentry instance at 0x10edb4780>] The file is "/Users/book/MOUNT/tmp/gluster/hogshead/NR_data/GT-MAYA/HR-series/q2.50/D11_q2.50_a0.0_m200/D11_q2.50_a0.0_m200.par". This entry's metadata file is valid.
  313	[Log for <nrutils.core.nrsc.scentry instance at 0x10edb8cd0>] The file is "/Users/book/MOUNT/tmp/gluster/hogshead/NR_data/GT-MAYA/HR-series/q2.50/D11_q2.50_a0.2_0.00_m160/D11_q2.50_a0.2_0.00_m160.par". This entry's metadata file is valid.
  314	[Log for <nrutils.core.nrsc.scentry instance at 0x10edb8eb0>] The file is "/Users/book/MOUNT/tmp/gluster/hogshead/NR_data/GT-MAYA/HR-series/q2.50/D11_q2.50_a0.0_Q20_wz/D11_q2.50_a0.0_Q20_wz.par". This entry's metadata file is valid.
  315	[Log for <nrutils.core.nrsc.scentry instance at 0x10edc76e0>] The file is "/Users/book/MOUNT/tmp/gluster/hogshead/NR_data/GT-MAYA/HR-series/q2.50/D11_q2.50_a0.0_Q24_wz/D11_q2.50_a0.0_Q24_wz.par". This entry's metadata file is valid.
  316	[Log for <nrutils.core.nrsc.scentry instance at 0x10ee6b5a0>] The file is "/Users/book/MOUNT/tmp/gluster/hogshead/NR_data/GT-MAYA/HR-series/q2.50/D11_q2.50_a0.0_Q28/D11_q2.50_a0.0_Q28.par". This entry's metadata file is valid.
  317	[Log for <nrutils.core.nrsc.scentry instance at 0x10ee6f8c0>] The file is "/Users/book/MOUNT/tmp/gluster/hogshead/NR_data/GT-MAYA/HR-series/q2.50/D11_q2.50_a0.0_Q28_swz/D11_q2.50_a0.0_Q28_swz.par". This entry's metadata file is valid.
  318	[Log for <nrutils.core.nrsc.scentry instance at 0x10ee754b0>] The file is "/Users/book/MOUNT/tmp/gluster/hogshead/NR_data/GT-MAYA/HR-series/q2.50/D11_q2.50_a0.4_0.00_m160/D11_q2.50_a0.4_0.00_m160.par". This entry's metadata file is valid.
  319	[Log for <nrutils.core.nrsc.scentry instance at 0x10ee7c140>] The file is "/Users/book/MOUNT/tmp/gluster/hogshead/NR_data/GT-MAYA/HR-series/q2/D11_q2.00_a-0.2_m200/D11_q2.00_a-0.2_m200.par". This entry's metadata file is valid.
  320	[Log for <nrutils.core.nrsc.scentry instance at 0x10ee92e10>] The file is "/Users/book/MOUNT/tmp/gluster/hogshead/NR_data/GT-MAYA/HR-series/q2/D11_q2.00_a-0.4_m200/D11_q2.00_a-0.4_m200.par". This entry's metadata file is valid.
  321	[Log for <nrutils.core.nrsc.scentry instance at 0x10ee961e0>] The file is "/Users/book/MOUNT/tmp/gluster/hogshead/NR_data/GT-MAYA/HR-series/q2/D11_q2.00_a-0.6_m200/D11_q2.00_a-0.6_m200.par". This entry's metadata file is valid.
  322	[Log for <nrutils.core.nrsc.scentry instance at 0x10ee903c0>] The file is "/Users/book/MOUNT/tmp/gluster/hogshead/NR_data/GT-MAYA/HR-series/q2/D11_q2.00_a0.0_m180/D11_q2.00_a0.0_m180.par". This entry's metadata file is valid.
  323	[Log for <nrutils.core.nrsc.scentry instance at 0x10ee8d0a0>] The file is "/Users/book/MOUNT/tmp/gluster/hogshead/NR_data/GT-MAYA/HR-series/q2/D11_q2.00_a0.2_m160/D11_q2.00_a0.2_m160.par". This entry's metadata file is valid.
  324	[Log for <nrutils.core.nrsc.scentry instance at 0x10eea2e10>] The file is "/Users/book/MOUNT/tmp/gluster/hogshead/NR_data/GT-MAYA/HR-series/q2/D11_q2.00_a0.0_m200/D11_q2.00_a0.0_m200.par". This entry's metadata file is valid.
  325	[Log for <nrutils.core.nrsc.scentry instance at 0x10eea7190>] The file is "/Users/book/MOUNT/tmp/gluster/hogshead/NR_data/GT-MAYA/HR-series/q2/D11_q2.00_a0.4_m160/D11_q2.00_a0.4_m160.par". This entry's metadata file is valid.
  326	[Log for <nrutils.core.nrsc.scentry instance at 0x10eea0a50>] The file is "/Users/book/MOUNT/tmp/gluster/hogshead/NR_data/GT-MAYA/HR-series/q2/D11_q2.00_a0.6_m160/D11_q2.00_a0.6_m160.par". This entry's metadata file is valid.
  327	[Log for <nrutils.core.nrsc.scentry instance at 0x10ebeb140>] The file is "/Users/book/MOUNT/tmp/gluster/hogshead/NR_data/GT-MAYA/HR-series/q3/D10_q3.00_a0.0_0.0_m240/D10_q3.00_a0.0_0.0_m240.par". This entry's metadata file is valid.
  328	[Log for <nrutils.core.nrsc.scentry instance at 0x10ef76d20>] The file is "/Users/book/MOUNT/tmp/gluster/hogshead/NR_data/GT-MAYA/HR-series/q3/D10_q3.00_a0.4_0.0_m240/D10_q3.00_a0.4_0.0_m240.par". This entry's metadata file is valid.
  329	[Log for <nrutils.core.nrsc.scentry instance at 0x10ef76e10>] The file is "/Users/book/MOUNT/tmp/gluster/hogshead/NR_data/GT-MAYA/HR-series/q3/D10_q3.00_a0.6_0.0_m240/D10_q3.00_a0.6_0.0_m240.par". This entry's metadata file is valid.
  330	[Log for <nrutils.core.nrsc.scentry instance at 0x10ef78f50>] The file is "/Users/book/MOUNT/tmp/gluster/hogshead/NR_data/GT-MAYA/HR-series/q3/D10_q3.00_a0.8_0.0_m240/D10_q3.00_a0.8_0.0_m240.par". This entry's metadata file is valid.
  331	[Log for <nrutils.core.nrsc.scentry instance at 0x10ef75eb0>] The file is "/Users/book/MOUNT/tmp/gluster/hogshead/NR_data/GT-MAYA/HR-series/q3/D11_q3.00_a-0.2_m200/D11_q3.00_a-0.2_m200.par". This entry's metadata file is valid.
  332	[Log for <nrutils.core.nrsc.scentry instance at 0x10ef7f1e0>] The file is "/Users/book/MOUNT/tmp/gluster/hogshead/NR_data/GT-MAYA/HR-series/q3/D11_q3.00_a-0.6_m200/D11_q3.00_a-0.6_m200.par". This entry's metadata file is valid.
  333	[Log for <nrutils.core.nrsc.scentry instance at 0x10ef83af0>] The file is "/Users/book/MOUNT/tmp/gluster/hogshead/NR_data/GT-MAYA/HR-series/q3/D11_q3.00_a0.0_m200/D11_q3.00_a0.0_m200.par". This entry's metadata file is valid.
  334	[Log for <nrutils.core.nrsc.scentry instance at 0x10ef943c0>] The file is "/Users/book/MOUNT/tmp/gluster/hogshead/NR_data/GT-MAYA/HR-series/q3/D11_q3.00_a-0.4_m200/D11_q3.00_a-0.4_m200.par". This entry's metadata file is valid.
  335	[Log for <nrutils.core.nrsc.scentry instance at 0x10ef90e10>] The file is "/Users/book/MOUNT/tmp/gluster/hogshead/NR_data/GT-MAYA/HR-series/q3/D11_q3.00_a0.0_m180/D11_q3.00_a0.0_m180.par". This entry's metadata file is valid.
  336	[Log for <nrutils.core.nrsc.scentry instance at 0x10ef900a0>] The file is "/Users/book/MOUNT/tmp/gluster/hogshead/NR_data/GT-MAYA/HR-series/q3/D11_q3.00_a0.8_0.00_m200/D11_q3.00_a0.8_0.00_m200.par". This entry's metadata file is valid.
  337	[Log for <nrutils.core.nrsc.scentry instance at 0x10ef8c410>] The file is "/Users/book/MOUNT/tmp/gluster/hogshead/NR_data/GT-MAYA/HR-series/q3/D10_q3.00_a0.2_0.0_m240/D10_q3.00_a0.2_0.0_m240.par". This entry's metadata file is valid.
  338	[Log for <nrutils.core.nrsc.scentry instance at 0x10f03b690>] The file is "/Users/book/MOUNT/tmp/gluster/hogshead/NR_data/GT-MAYA/HR-series/q3/D11_q3.00_a0.2_0.00_m200/D11_q3.00_a0.2_0.00_m200.par". This entry's metadata file is valid.
  339	[Log for <nrutils.core.nrsc.scentry instance at 0x10f03b640>] The file is "/Users/book/MOUNT/tmp/gluster/hogshead/NR_data/GT-MAYA/HR-series/q4/D10_q4.00_a0.0_0.0_m240/D10_q4.00_a0.0_0.0_m240.par". This entry's metadata file is valid.
  340	[Log for <nrutils.core.nrsc.scentry instance at 0x10f04b460>] The file is "/Users/book/MOUNT/tmp/gluster/hogshead/NR_data/GT-MAYA/HR-series/q4/D09_q4.00_a0.0_CHg_m160/D09_q4.00_a0.0_CHg_m160.par". This entry's metadata file is valid.
  341	[Log for <nrutils.core.nrsc.scentry instance at 0x10f052f00>] The file is "/Users/book/MOUNT/tmp/gluster/hogshead/NR_data/GT-MAYA/HR-series/q4/D10_q4.00_a0.4_0.0_m240/D10_q4.00_a0.4_0.0_m240.par". This entry's metadata file is valid.
  342	[Log for <nrutils.core.nrsc.scentry instance at 0x10f05b0a0>] The file is "/Users/book/MOUNT/tmp/gluster/hogshead/NR_data/GT-MAYA/HR-series/q4/D10_q4.00_a0.6_0.0_m240/D10_q4.00_a0.6_0.0_m240.par". This entry's metadata file is valid.
  343	[Log for <nrutils.core.nrsc.scentry instance at 0x10f06c0f0>] The file is "/Users/book/MOUNT/tmp/gluster/hogshead/NR_data/GT-MAYA/HR-series/q4/D11_q4.00_a-0.8_0.0_m160/D11_q4.00_a-0.8_0.0_m160.par". This entry's metadata file is valid.
  344	[Log for <nrutils.core.nrsc.scentry instance at 0x10f075dc0>] The file is "/Users/book/MOUNT/tmp/gluster/hogshead/NR_data/GT-MAYA/HR-series/q4/D11_q4.00_a0.0_m200/D11_q4.00_a0.0_m200.par". This entry's metadata file is valid.
  345	[Log for <nrutils.core.nrsc.scentry instance at 0x10f071280>] The file is "/Users/book/MOUNT/tmp/gluster/hogshead/NR_data/GT-MAYA/HR-series/q4/D09_q4.00_a0.0_CHgEEB_m160/D09_q4.00_a0.0_CHgEEB_m160.par". This entry's metadata file is valid.
  346	[Log for <nrutils.core.nrsc.scentry instance at 0x10f077140>] The file is "/Users/book/MOUNT/tmp/gluster/hogshead/NR_data/GT-MAYA/HR-series/q4/D09_q4.00_a0.0_m160/D09_q4.00_a0.0_m160.par". This entry's metadata file is valid.
  347	[Log for <nrutils.core.nrsc.scentry instance at 0x10f118320>] The file is "/Users/book/MOUNT/tmp/gluster/hogshead/NR_data/GT-MAYA/HR-series/q4/D10_q4.00_a0.2_0.0_m240/D10_q4.00_a0.2_0.0_m240.par". This entry's metadata file is valid.
  348	[Log for <nrutils.core.nrsc.scentry instance at 0x10f1180a0>] The file is "/Users/book/MOUNT/tmp/gluster/hogshead/NR_data/GT-MAYA/HR-series/q4/D11_q4.00_a0.0_m160/D11_q4.00_a0.0_m160.par". This entry's metadata file is valid.
  349	[Log for <nrutils.core.nrsc.scentry instance at 0x10f1270f0>] The file is "/Users/book/MOUNT/tmp/gluster/hogshead/NR_data/GT-MAYA/HR-series/q4/D11_q4.00_a0.0_m180/D11_q4.00_a0.0_m180.par". This entry's metadata file is valid.
  350	[Log for <nrutils.core.nrsc.scentry instance at 0x10f113fa0>] The file is "/Users/book/MOUNT/tmp/gluster/hogshead/NR_data/GT-MAYA/HR-series/q6.00/D10_q6.00_a0.20_0.00_m200/D10_q6.00_a0.20_0.00_m200.par". This entry's metadata file is valid.
  351	[Log for <nrutils.core.nrsc.scentry instance at 0x10f113820>] The file is "/Users/book/MOUNT/tmp/gluster/hogshead/NR_data/GT-MAYA/HR-series/q6.00/D10_q6.00_a0.20_0.00_m280/D10_q6.00_a0.20_0.00_m280.par". This entry's metadata file is valid.
  352	[Log for <nrutils.core.nrsc.scentry instance at 0x10f115eb0>] The file is "/Users/book/MOUNT/tmp/gluster/hogshead/NR_data/GT-MAYA/HR-series/q6.00/D10_q6.00_a0.20_0.00_m240/D10_q6.00_a0.20_0.00_m240.par". This entry's metadata file is valid.
  353	[Log for <nrutils.core.nrsc.scentry instance at 0x10f135280>] The file is "/Users/book/MOUNT/tmp/gluster/hogshead/NR_data/GT-MAYA/HR-series/q6.00/D10_q6.00_a0.60_0.00_m280/D10_q6.00_a0.60_0.00_m280.par". This entry's metadata file is valid.
  354	[Log for <nrutils.core.nrsc.scentry instance at 0x10f13fb90>] The file is "/Users/book/MOUNT/tmp/gluster/hogshead/NR_data/GT-MAYA/HR-series/q6.00/D11_q6.0_-0.4_0.0_m280/D11_q6.0_-0.4_0.0_m280-1.par". This entry's metadta file is invalid.
  355	[Log for <nrutils.core.nrsc.scentry instance at 0x10f13fb90>] The file is "/Users/book/MOUNT/tmp/gluster/hogshead/NR_data/GT-MAYA/HR-series/q6.00/D11_q6.0_-0.4_0.0_m280/D11_q6.0_-0.4_0.0_m280-11.par". This entry's metadta file is invalid.
  356	[Log for <nrutils.core.nrsc.scentry instance at 0x10f13fb90>] The file is "/Users/book/MOUNT/tmp/gluster/hogshead/NR_data/GT-MAYA/HR-series/q6.00/D11_q6.0_-0.4_0.0_m280/D11_q6.0_-0.4_0.0_m280-2.par". This entry's metadta file is invalid.
  357	[Log for <nrutils.core.nrsc.scentry instance at 0x10f13fb90>] The file is "/Users/book/MOUNT/tmp/gluster/hogshead/NR_data/GT-MAYA/HR-series/q6.00/D11_q6.0_-0.4_0.0_m280/D11_q6.0_-0.4_0.0_m280-4.par". This entry's metadta file is invalid.
  358	[Log for <nrutils.core.nrsc.scentry instance at 0x10f13fb90>] The file is "/Users/book/MOUNT/tmp/gluster/hogshead/NR_data/GT-MAYA/HR-series/q6.00/D11_q6.0_-0.4_0.0_m280/D11_q6.0_-0.4_0.0_m280-6.par". This entry's metadta file is invalid.
  359	[Log for <nrutils.core.nrsc.scentry instance at 0x10f13fb90>] The file is "/Users/book/MOUNT/tmp/gluster/hogshead/NR_data/GT-MAYA/HR-series/q6.00/D11_q6.0_-0.4_0.0_m280/D11_q6.0_-0.4_0.0_m280-10.par". This entry's metadta file is invalid.
  360	[Log for <nrutils.core.nrsc.scentry instance at 0x10f13fb90>] The file is "/Users/book/MOUNT/tmp/gluster/hogshead/NR_data/GT-MAYA/HR-series/q6.00/D11_q6.0_-0.4_0.0_m280/D11_q6.0_-0.4_0.0_m280-7.par". This entry's metadta file is invalid.
  361	[Log for <nrutils.core.nrsc.scentry instance at 0x10f13fb90>] The file is "/Users/book/MOUNT/tmp/gluster/hogshead/NR_data/GT-MAYA/HR-series/q6.00/D11_q6.0_-0.4_0.0_m280/D11_q6.0_-0.4_0.0_m280-8.par". This entry's metadta file is invalid.
  362	[Log for <nrutils.core.nrsc.scentry instance at 0x10f13fb90>] The file is "/Users/book/MOUNT/tmp/gluster/hogshead/NR_data/GT-MAYA/HR-series/q6.00/D11_q6.0_-0.4_0.0_m280/D11_q6.0_-0.4_0.0_m280-9.par". This entry's metadta file is invalid.
  363	[Log for <nrutils.core.nrsc.scentry instance at 0x10f13fb90>] The file is "/Users/book/MOUNT/tmp/gluster/hogshead/NR_data/GT-MAYA/HR-series/q6.00/D11_q6.0_-0.4_0.0_m280/D11_q6.0_-0.4_0.0_m280-3.par". This entry's metadta file is invalid.
  364	[Log for <nrutils.core.nrsc.scentry instance at 0x10f13fb90>] The file is "/Users/book/MOUNT/tmp/gluster/hogshead/NR_data/GT-MAYA/HR-series/q6.00/D11_q6.0_-0.4_0.0_m280/D11_q6.0_-0.4_0.0_m280-5.par". This entry's metadta file is invalid.
  365	[Log for <nrutils.core.nrsc.scentry instance at 0x10f13fb90>] The file is "/Users/book/MOUNT/tmp/gluster/hogshead/NR_data/GT-MAYA/HR-series/q6.00/D11_q6.0_-0.4_0.0_m280/D11_q6.0_-0.4_0.0_m280-1/D10_q6.0_-0.4_0.0_m240-1.par". This entry's metadta file is invalid.
  366	[Log for <nrutils.core.nrsc.scentry instance at 0x10f13fb90>] The file is "/Users/book/MOUNT/tmp/gluster/hogshead/NR_data/GT-MAYA/HR-series/q6.00/D10_q6.00_a0.00_0.00_m280/D10_q6.00_a0.00_0.00_m280.par". This entry's metadata file is valid.
  367	[Log for <nrutils.core.nrsc.scentry instance at 0x10f142cd0>] The file is "/Users/book/MOUNT/tmp/gluster/hogshead/NR_data/GT-MAYA/HR-series/q6.00/D10_q6.00_a0.0_CHgEEB_m200/D10_q6.00_a0.0_CHgEEB_m200.par". This entry's metadata file is valid.
  368	[Log for <nrutils.core.nrsc.scentry instance at 0x10f1e9910>] The file is "/Users/book/MOUNT/tmp/gluster/hogshead/NR_data/GT-MAYA/HR-series/q6.00/D10_q6.00_a0.40_0.00_m280/D10_q6.00_a0.40_0.00_m280.par". This entry's metadata file is valid.
  369	[Log for <nrutils.core.nrsc.scentry instance at 0x10f1e9c80>] The file is "/Users/book/MOUNT/tmp/gluster/hogshead/NR_data/GT-MAYA/HR-series/q7/D10_q7.00_a0.40_0.00_m320/D10_q7.00_a0.40_0.00_m320.par". This entry's metadata file is valid.
  370	[Log for <nrutils.core.nrsc.scentry instance at 0x10f1e9cd0>] The file is "/Users/book/MOUNT/tmp/gluster/hogshead/NR_data/GT-MAYA/HR-series/q7/D10_q7.00_a0.0_m320/D10_q7.00_a0.0_m320.par". This entry's metadata file is valid.
  371	[Log for <nrutils.core.nrsc.scentry instance at 0x10f202460>] The file is "/Users/book/MOUNT/tmp/gluster/hogshead/NR_data/GT-MAYA/HR-series/q7/D10_q7.00_a0.20_0.00_m320/D10_q7.00_a0.20_0.00_m320.par". This entry's metadata file is valid.
  372	[Log for <nrutils.core.nrsc.scentry instance at 0x10f203e10>] The file is "/Users/book/MOUNT/tmp/gluster/hogshead/NR_data/GT-MAYA/HR-series/q7/D10_q7.00_a0.00_0.00_m320/D10_q7.00_a0.00_0.00_m320.par". This entry's metadata file is valid.
  373	[Log for <nrutils.core.nrsc.scentry instance at 0x10f203f50>] The file is "/Users/book/MOUNT/tmp/gluster/hogshead/NR_data/GT-MAYA/Oq-series/Oq_D9_q7.00_a0.6_th090_m320/Oq_D9_q7.00_a0.6_th090_m320.par". This entry's metadata file is valid.
  374	[Log for <nrutils.core.nrsc.scentry instance at 0x10f2090a0>] The file is "/Users/book/MOUNT/tmp/gluster/hogshead/NR_data/GT-MAYA/Oq-series/Oq_D9_q6.00_a0.6_th090_m320/Oq_D9_q6.00_a0.6_th090_m320.par". This entry's metadata file is valid.
