    0	[Log for <nrutils.core.nrsc.scentry instance at 0x118cebe60>] The file is "/Users/book/MOUNT/datafiles@gatech/Waveforms/HR-series/q2/D11_q2.00_a-0.6_m200/D11_q2.00_a-0.6_m200.par". This entry's metadata file is valid.
    1	[Log for <nrutils.core.nrsc.scentry instance at 0x118ceb730>] The file is "/Users/book/MOUNT/datafiles@gatech/Waveforms/HR-series/q2/D11_q2.00_a0.4_m160/D11_q2.00_a0.4_m160.par". This entry's metadata file is valid.
    2	[Log for <nrutils.core.nrsc.scentry instance at 0x118cebfa0>] The file is "/Users/book/MOUNT/datafiles@gatech/Waveforms/HR-series/q2/D11_q2.00_a0.2_m160/D11_q2.00_a0.2_m160.par". This entry's metadata file is valid.
    3	[Log for <nrutils.core.nrsc.scentry instance at 0x118d00cd0>] The file is "/Users/book/MOUNT/datafiles@gatech/Waveforms/HR-series/q2/D11_q2.00_a0.0_m200/D11_q2.00_a0.0_m200.par". This entry's metadata file is valid.
    4	[Log for <nrutils.core.nrsc.scentry instance at 0x118d0daf0>] The file is "/Users/book/MOUNT/datafiles@gatech/Waveforms/HR-series/q2/D11_q2.00_a0.6_m160/D11_q2.00_a0.60_m160.par". This entry's metadta file is invalid.
    5	[Log for <nrutils.core.nrsc.scentry instance at 0x118d0daf0>] The file is "/Users/book/MOUNT/datafiles@gatech/Waveforms/HR-series/q2/D11_q2.00_a-0.2_m200/D11_q2.00_a-0.2_m200.par". This entry's metadata file is valid.
    6	[Log for <nrutils.core.nrsc.scentry instance at 0x118d0deb0>] The file is "/Users/book/MOUNT/datafiles@gatech/Waveforms/HR-series/q2/D11_q2.00_a-0.4_m200/D11_q2.00_a-0.4_m200.par". This entry's metadata file is valid.
    7	[Log for <nrutils.core.nrsc.scentry instance at 0x118d127d0>] The file is "/Users/book/MOUNT/datafiles@gatech/Waveforms/HR-series/q2/D11_q2.00_a0.0_m180/D11_q2.00_a0.0_m180.par". This entry's metadata file is valid.
    8	[Log for <nrutils.core.nrsc.scentry instance at 0x118cf9eb0>] The file is "/Users/book/MOUNT/datafiles@gatech/Waveforms/HR-series/q5.00/D10_q5.00_a-0.69273917_0.00_m280/D10_q5.00_a-0.69273917_0.00_m280.par". This entry's metadata file is valid.
    9	[Log for <nrutils.core.nrsc.scentry instance at 0x118cf16e0>] The file is "/Users/book/MOUNT/datafiles@gatech/Waveforms/HR-series/q5.00/D10_q5.00_a-0.69274619_0.00_m240/D10_q5.00_a-0.69274619_0.00_m240.par". This entry's metadata file is valid.
   10	[Log for <nrutils.core.nrsc.scentry instance at 0x118cf2b40>] The file is "/Users/book/MOUNT/datafiles@gatech/Waveforms/HR-series/q5.00/D10_q5.00_a0.0_0.0_m240/D10_q5.00_a0.0_0.0_m240.par". This entry's metadata file is valid.
   11	[Log for <nrutils.core.nrsc.scentry instance at 0x118cf2af0>] The file is "/Users/book/MOUNT/datafiles@gatech/Waveforms/HR-series/q5.00/D10_q5.00_a-0.69273917_0.00_m240/D10_q5.00_a-0.69273917_0.00_m240.par". This entry's metadata file is valid.
   12	[Log for <nrutils.core.nrsc.scentry instance at 0x118e274b0>] The file is "/Users/book/MOUNT/datafiles@gatech/Waveforms/HR-series/q5.00/D10_q5.00_a0.6_0.0_m240/D10_q5.00_a0.6_0.0_m240.par". This entry's metadata file is valid.
   13	[Log for <nrutils.core.nrsc.scentry instance at 0x118e27690>] The file is "/Users/book/MOUNT/datafiles@gatech/Waveforms/HR-series/q5.00/D10_q5.00_a-0.72_0.00_m240/D10_q5.00_a-0.72_0.00_m240.par". This entry's metadata file is valid.
   14	[Log for <nrutils.core.nrsc.scentry instance at 0x118e195f0>] The file is "/Users/book/MOUNT/datafiles@gatech/Waveforms/HR-series/q5.00/D10_q5.00_a-0.71_0.00_m240/D10_q5.00_a-0.71_0.00_m240.par". This entry's metadata file is valid.
   15	[Log for <nrutils.core.nrsc.scentry instance at 0x118e23320>] The file is "/Users/book/MOUNT/datafiles@gatech/Waveforms/HR-series/q5.00/D10_q5.00_a0.4_0.0_m240/D10_q5.00_a0.4_0.0_m240.par". This entry's metadata file is valid.
   16	[Log for <nrutils.core.nrsc.scentry instance at 0x118e35230>] The file is "/Users/book/MOUNT/datafiles@gatech/Waveforms/HR-series/q5.00/D10_q5.00_a-0.69273917_0.00_m200/D10_q5.00_a-0.69273917_0.00_m200.par". This entry's metadata file is valid.
   17	[Log for <nrutils.core.nrsc.scentry instance at 0x118e43140>] The file is "/Users/book/MOUNT/datafiles@gatech/Waveforms/HR-series/q5.00/D10_q5.00_a-0.6921_0.00_m240/D10_q5.00_a-0.6921_0.00_m240.par". This entry's metadata file is valid.
   18	[Log for <nrutils.core.nrsc.scentry instance at 0x118e4c050>] The file is "/Users/book/MOUNT/datafiles@gatech/Waveforms/HR-series/q5.00/D10_q5.00_a-0.68_0.00_m240/D10_q5.00_a-0.68_0.00_m240.par". This entry's metadata file is valid.
   19	[Log for <nrutils.core.nrsc.scentry instance at 0x118e17820>] The file is "/Users/book/MOUNT/datafiles@gatech/Waveforms/HR-series/q5.00/D10_q5.00_a0.2_0.0_m240/D10_q5.00_a0.2_0.0_m240.par". This entry's metadata file is valid.
   20	[Log for <nrutils.core.nrsc.scentry instance at 0x118e53140>] The file is "/Users/book/MOUNT/datafiles@gatech/Waveforms/HR-series/q5.00/D10_q5.00_a-0.73_0.00_m240/D10_q5.00_a-0.73_0.00_m240.par". This entry's metadata file is valid.
   21	[Log for <nrutils.core.nrsc.scentry instance at 0x118e41960>] The file is "/Users/book/MOUNT/datafiles@gatech/Waveforms/HR-series/q5.00/D10_q5.00_a-0.69_0.00_m240/D10_q5.00_a-0.69_0.00_m240.par". This entry's metadata file is valid.
   22	[Log for <nrutils.core.nrsc.scentry instance at 0x118e38be0>] The file is "/Users/book/MOUNT/datafiles@gatech/Waveforms/HR-series/q1.25/D11_q1.25_a0.0_m200/D11_q1.25_a0.0_m200.par". This entry's metadata file is valid.
   23	[Log for <nrutils.core.nrsc.scentry instance at 0x118ee2e10>] The file is "/Users/book/MOUNT/datafiles@gatech/Waveforms/HR-series/q2.50/D11_q2.50_a-0.2_m200/D11_q2.50_a-0.2_m200.par". This entry's metadata file is valid.
   24	[Log for <nrutils.core.nrsc.scentry instance at 0x118ee2f50>] The file is "/Users/book/MOUNT/datafiles@gatech/Waveforms/HR-series/q2.50/D11_q2.50_a0.0_m200/D11_q2.50_a0.0_m200.par". This entry's metadata file is valid.
   25	[Log for <nrutils.core.nrsc.scentry instance at 0x118ef7c30>] The file is "/Users/book/MOUNT/datafiles@gatech/Waveforms/HR-series/q2.50/D11_q2.50_a0.0_Q28_wz/D11_q2.50_a0.0_Q28_wz.par". This entry's metadata file is valid.
   26	[Log for <nrutils.core.nrsc.scentry instance at 0x118ef7dc0>] The file is "/Users/book/MOUNT/datafiles@gatech/Waveforms/HR-series/q2.50/D11_q2.50_a0.0_Q20_swz_etk/D11_q2.50_a0.0_Q20_swz_etk.par". This entry's metadata file is valid.
   27	[Log for <nrutils.core.nrsc.scentry instance at 0x118f05be0>] The file is "/Users/book/MOUNT/datafiles@gatech/Waveforms/HR-series/q2.50/D11_q2.50_a0.0_Q20_wz/D11_q2.50_a0.0_Q20_wz.par". This entry's metadata file is valid.
   28	[Log for <nrutils.core.nrsc.scentry instance at 0x118f05cd0>] The file is "/Users/book/MOUNT/datafiles@gatech/Waveforms/HR-series/q2.50/D11_q2.50_a-0.6_m200/D11_q2.50_a-0.6_m200.par". This entry's metadata file is valid.
   29	[Log for <nrutils.core.nrsc.scentry instance at 0x118f178c0>] The file is "/Users/book/MOUNT/datafiles@gatech/Waveforms/HR-series/q2.50/D11_q2.50_a0.0_Q28_swz/D11_q2.50_a0.0_Q28_swz.par". This entry's metadata file is valid.
   30	[Log for <nrutils.core.nrsc.scentry instance at 0x118f17b40>] The file is "/Users/book/MOUNT/datafiles@gatech/Waveforms/HR-series/q2.50/D11_q2.50_a0.0_Q28/D11_q2.50_a0.0_Q28.par". This entry's metadata file is valid.
   31	[Log for <nrutils.core.nrsc.scentry instance at 0x118f098c0>] The file is "/Users/book/MOUNT/datafiles@gatech/Waveforms/HR-series/q2.50/D11_q2.50_a0.0_Q24_wz/D11_q2.50_a0.0_Q24_wz.par". This entry's metadata file is valid.
   32	[Log for <nrutils.core.nrsc.scentry instance at 0x118f01fa0>] The file is "/Users/book/MOUNT/datafiles@gatech/Waveforms/HR-series/q2.50/D11_q2.50_a0.4_0.00_m160/D11_q2.50_a0.4_0.00_m160.par". This entry's metadata file is valid.
   33	[Log for <nrutils.core.nrsc.scentry instance at 0x118fc6fa0>] The file is "/Users/book/MOUNT/datafiles@gatech/Waveforms/HR-series/q2.50/D11_q2.50_a0.0_Q20_cfl0.5_swz/D11_q2.50_a0.0_Q20_cfl0.5_swz.par". This entry's metadata file is valid.
   34	[Log for <nrutils.core.nrsc.scentry instance at 0x118fc6eb0>] The file is "/Users/book/MOUNT/datafiles@gatech/Waveforms/HR-series/q2.50/D11_q2.50_a-0.4_m200/D11_q2.50_a-0.4_m200.par". This entry's metadata file is valid.
   35	[Log for <nrutils.core.nrsc.scentry instance at 0x118fe16e0>] The file is "/Users/book/MOUNT/datafiles@gatech/Waveforms/HR-series/q2.50/D11_q2.50_a0.0_Q24_swz/D11_q2.50_a0.0_Q24_swz.par". This entry's metadata file is valid.
   36	[Log for <nrutils.core.nrsc.scentry instance at 0x118fe17d0>] The file is "/Users/book/MOUNT/datafiles@gatech/Waveforms/HR-series/q2.50/D11_q2.50_a0.2_0.00_m160/D11_q2.50_a0.2_0.00_m160.par". This entry's metadata file is valid.
   37	[Log for <nrutils.core.nrsc.scentry instance at 0x118ff3e10>] The file is "/Users/book/MOUNT/datafiles@gatech/Waveforms/HR-series/q2.50/D11_q2.50_a0.0_Q20_swz_etk_v2/D11_q2.50_a0.0_Q20_swz_etk_v2.par". This entry's metadata file is valid.
   38	[Log for <nrutils.core.nrsc.scentry instance at 0x118ff3aa0>] The file is "/Users/book/MOUNT/datafiles@gatech/Waveforms/HR-series/q2.50/D11_q2.50_a0.0_Q20_swz/D11_q2.50_a0.0_Q20_swz.par". This entry's metadata file is valid.
   39	[Log for <nrutils.core.nrsc.scentry instance at 0x118fdd190>] The file is "/Users/book/MOUNT/datafiles@gatech/Waveforms/HR-series/q3/D11_q3.00_a0.0_m200/D11_q3.00_a0.0_m200.par". This entry's metadata file is valid.
   40	[Log for <nrutils.core.nrsc.scentry instance at 0x118fed050>] The file is "/Users/book/MOUNT/datafiles@gatech/Waveforms/HR-series/q3/D11_q3.00_a0.8_0.00_m200/D11_q3.00_a0.8_0.00_m200.par". This entry's metadata file is valid.
   41	[Log for <nrutils.core.nrsc.scentry instance at 0x1190ac500>] The file is "/Users/book/MOUNT/datafiles@gatech/Waveforms/HR-series/q3/D11_q3.00_a-0.4_m200/D11_q3.00_a-0.4_m200.par". This entry's metadata file is valid.
   42	[Log for <nrutils.core.nrsc.scentry instance at 0x1190ac7d0>] The file is "/Users/book/MOUNT/datafiles@gatech/Waveforms/HR-series/q3/D11_q3.00_a-0.6_m200/D11_q3.00_a-0.6_m200.par". This entry's metadata file is valid.
   43	[Log for <nrutils.core.nrsc.scentry instance at 0x1190afeb0>] The file is "/Users/book/MOUNT/datafiles@gatech/Waveforms/HR-series/q3/D10_q3.00_a0.8_0.0_m240/D10_q3.00_a0.8_0.0_m240.par". This entry's metadata file is valid.
   44	[Log for <nrutils.core.nrsc.scentry instance at 0x1190c6460>] The file is "/Users/book/MOUNT/datafiles@gatech/Waveforms/HR-series/q3/D10_q3.00_a0.0_0.0_m240/D10_q3.00_a0.0_0.0_m240.par". This entry's metadata file is valid.
   45	[Log for <nrutils.core.nrsc.scentry instance at 0x1190c6eb0>] The file is "/Users/book/MOUNT/datafiles@gatech/Waveforms/HR-series/q3/D10_q3.00_a0.6_0.0_m240/D10_q3.00_a0.6_0.0_m240.par". This entry's metadata file is valid.
   46	[Log for <nrutils.core.nrsc.scentry instance at 0x1190b22d0>] The file is "/Users/book/MOUNT/datafiles@gatech/Waveforms/HR-series/q3/D11_q3.00_a0.0_m180/D11_q3.00_a0.0_m180.par". This entry's metadata file is valid.
   47	[Log for <nrutils.core.nrsc.scentry instance at 0x1190b25a0>] The file is "/Users/book/MOUNT/datafiles@gatech/Waveforms/HR-series/q3/D10_q3.00_a0.2_0.0_m240/D10_q3.00_a0.2_0.0_m240.par". This entry's metadata file is valid.
   48	[Log for <nrutils.core.nrsc.scentry instance at 0x1190e5050>] The file is "/Users/book/MOUNT/datafiles@gatech/Waveforms/HR-series/q3/D11_q3.00_a0.2_0.00_m200/D11_q3.00_a0.2_0.00_m200.par". This entry's metadata file is valid.
   49	[Log for <nrutils.core.nrsc.scentry instance at 0x1190d82d0>] The file is "/Users/book/MOUNT/datafiles@gatech/Waveforms/HR-series/q3/D11_q3.00_a-0.2_m200/D11_q3.00_a-0.2_m200.par". This entry's metadata file is valid.
   50	[Log for <nrutils.core.nrsc.scentry instance at 0x1190d50f0>] The file is "/Users/book/MOUNT/datafiles@gatech/Waveforms/HR-series/q3/D10_q3.00_a0.4_0.0_m240/D10_q3.00_a0.4_0.0_m240.par". This entry's metadata file is valid.
   51	[Log for <nrutils.core.nrsc.scentry instance at 0x1190b31e0>] The file is "/Users/book/MOUNT/datafiles@gatech/Waveforms/HR-series/NRAR/D12_q1.00_a0.60_m080/D12_q1.00_a0.60_m080.par". This entry's metadata file is valid.
   52	[Log for <nrutils.core.nrsc.scentry instance at 0x119195320>] The file is "/Users/book/MOUNT/datafiles@gatech/Waveforms/HR-series/NRAR/D11_q2.00_a0.60_m200/D11_q2.00_a0.60_m200.par". This entry's metadata file is valid.
   53	[Log for <nrutils.core.nrsc.scentry instance at 0x119195f50>] The file is "/Users/book/MOUNT/datafiles@gatech/Waveforms/HR-series/NRAR/D12_q2.00_a0.30_0.00_m120/D12_q2.00_a0.30_0.00_m120.par". This entry's metadata file is valid.
   54	[Log for <nrutils.core.nrsc.scentry instance at 0x1191a7500>] The file is "/Users/book/MOUNT/datafiles@gatech/Waveforms/HR-series/NRAR/D12_q2.00_a0.30_0.00_m200/D12_q2.00_a0.30_0.00_m200.par". This entry's metadata file is valid.
   55	[Log for <nrutils.core.nrsc.scentry instance at 0x119194410>] The file is "/Users/book/MOUNT/datafiles@gatech/Waveforms/HR-series/NRAR/D12_q1.00_a0.60_m180/D12_q1.00_a0.60_m180.par". This entry's metadata file is valid.
   56	[Log for <nrutils.core.nrsc.scentry instance at 0x11919d0f0>] The file is "/Users/book/MOUNT/datafiles@gatech/Waveforms/HR-series/NRAR/D12_q2.00_a0.30_0.00_m180/D12_q2.00_a0.30_0.00_m180.par". This entry's metadata file is valid.
   57	[Log for <nrutils.core.nrsc.scentry instance at 0x1191af9b0>] The file is "/Users/book/MOUNT/datafiles@gatech/Waveforms/HR-series/NRAR/D12_q2.00_a0.15_-0.60_m120/D12_q2.00_a0.15_-0.60_m120.par". This entry's metadata file is valid.
   58	[Log for <nrutils.core.nrsc.scentry instance at 0x1191c1050>] The file is "/Users/book/MOUNT/datafiles@gatech/Waveforms/HR-series/NRAR/D12_q2.00_a0.15_-0.60_m160/D12_q2.00_a0.15_-0.60_m160.par". This entry's metadata file is valid.
   59	[Log for <nrutils.core.nrsc.scentry instance at 0x1191c2820>] The file is "/Users/book/MOUNT/datafiles@gatech/Waveforms/HR-series/NRAR/D12_q1.00_a0.60_m160/D12_q1.00_a0.60_m160.par". This entry's metadata file is valid.
   60	[Log for <nrutils.core.nrsc.scentry instance at 0x1191c8780>] The file is "/Users/book/MOUNT/datafiles@gatech/Waveforms/HR-series/NRAR/D11_q2.00_a0.60_rl12try2_m080/D11_q2.00_a0.60_rl12try2_m080.par". This entry's metadata file is valid.
   61	[Log for <nrutils.core.nrsc.scentry instance at 0x119265fa0>] The file is "/Users/book/MOUNT/datafiles@gatech/Waveforms/HR-series/NRAR/D12_q2.00_a0.15_-0.60_m200/D12_q2.00_a0.15_-0.60_m200.par". This entry's metadata file is valid.
   62	[Log for <nrutils.core.nrsc.scentry instance at 0x119262f00>] The file is "/Users/book/MOUNT/datafiles@gatech/Waveforms/HR-series/NRAR/D12_q2.00_a0.15_-0.60_m180/D12_q2.00_a0.15_-0.60_m180.par". This entry's metadata file is valid.
   63	[Log for <nrutils.core.nrsc.scentry instance at 0x119260d20>] The file is "/Users/book/MOUNT/datafiles@gatech/Waveforms/HR-series/NRAR/D12_q1.00_a0.60_m120/D12_q1.00_a0.60_m120.par". This entry's metadata file is valid.
   64	[Log for <nrutils.core.nrsc.scentry instance at 0x1192605f0>] The file is "/Users/book/MOUNT/datafiles@gatech/Waveforms/HR-series/NRAR/D12_q2.00_a0.30_0.00_m160/D12_q2.00_a0.30_0.00_m160.par". This entry's metadata file is valid.
   65	[Log for <nrutils.core.nrsc.scentry instance at 0x1192705a0>] The file is "/Users/book/MOUNT/datafiles@gatech/Waveforms/HR-series/NRAR/D12_q1.00_a0.60_m200/D12_q1.00_a0.60_m200.par". This entry's metadata file is valid.
   66	[Log for <nrutils.core.nrsc.scentry instance at 0x11927e2d0>] The file is "/Users/book/MOUNT/datafiles@gatech/Waveforms/HR-series/q10.00/D8.4_q10.00_a0.0_m400/D8.4_q10.00_a0.0_m400.par". This entry's metadata file is valid.
   67	[Log for <nrutils.core.nrsc.scentry instance at 0x11927ed20>] The file is "/Users/book/MOUNT/datafiles@gatech/Waveforms/HR-series/q4/D10_q4.00_a0.4_0.0_m240/D10_q4.00_a0.4_0.0_m240.par". This entry's metadata file is valid.
   68	[Log for <nrutils.core.nrsc.scentry instance at 0x11928a140>] The file is "/Users/book/MOUNT/datafiles@gatech/Waveforms/HR-series/q4/D10_q4.00_a0.0_0.0_m240/D10_q4.00_a0.0_0.0_m240.par". This entry's metadata file is valid.
   69	[Log for <nrutils.core.nrsc.scentry instance at 0x11928abe0>] The file is "/Users/book/MOUNT/datafiles@gatech/Waveforms/HR-series/q4/D11_q4.00_a0.0_m180/D11_q4.00_a0.0_m180.par". This entry's metadata file is valid.
   70	[Log for <nrutils.core.nrsc.scentry instance at 0x119282410>] The file is "/Users/book/MOUNT/datafiles@gatech/Waveforms/HR-series/q4/D11_q4.00_a0.0_m160/D11_q4.00_a0.0_m160.par". This entry's metadata file is valid.
   71	[Log for <nrutils.core.nrsc.scentry instance at 0x119294c80>] The file is "/Users/book/MOUNT/datafiles@gatech/Waveforms/HR-series/q4/D09_q4.00_a0.0_CHgEEB_m160/D09_q4.00_a0.0_CHgEEB_m160.par". This entry's metadata file is valid.
   72	[Log for <nrutils.core.nrsc.scentry instance at 0x119349d20>] The file is "/Users/book/MOUNT/datafiles@gatech/Waveforms/HR-series/q4/D11_q4.00_a-0.8_0.0_m160/D11_q4.00_a-0.8_0.0_m160.par". This entry's metadata file is valid.
   73	[Log for <nrutils.core.nrsc.scentry instance at 0x119359a50>] The file is "/Users/book/MOUNT/datafiles@gatech/Waveforms/HR-series/q4/D09_q4.00_a0.0_CHg_m160/D09_q4.00_a0.0_CHg_m160.par". This entry's metadata file is valid.
   74	[Log for <nrutils.core.nrsc.scentry instance at 0x119361d70>] The file is "/Users/book/MOUNT/datafiles@gatech/Waveforms/HR-series/q4/D11_q4.00_a0.0_m200/D11_q4.00_a0.0_m200.par". This entry's metadata file is valid.
   75	[Log for <nrutils.core.nrsc.scentry instance at 0x119361f00>] The file is "/Users/book/MOUNT/datafiles@gatech/Waveforms/HR-series/q4/D09_q4.00_a0.0_m160/D09_q4.00_a0.0_m160.par". This entry's metadata file is valid.
   76	[Log for <nrutils.core.nrsc.scentry instance at 0x119365f50>] The file is "/Users/book/MOUNT/datafiles@gatech/Waveforms/HR-series/q4/D10_q4.00_a0.2_0.0_m240/D10_q4.00_a0.2_0.0_m240.par". This entry's metadata file is valid.
   77	[Log for <nrutils.core.nrsc.scentry instance at 0x11935daf0>] The file is "/Users/book/MOUNT/datafiles@gatech/Waveforms/HR-series/q4/D10_q4.00_a0.6_0.0_m240/D10_q4.00_a0.6_0.0_m240.par". This entry's metadata file is valid.
   78	[Log for <nrutils.core.nrsc.scentry instance at 0x11936e1e0>] The file is "/Users/book/MOUNT/datafiles@gatech/Waveforms/HR-series/q1/D11_q1.00_a0.0_m160/D11_q1.00_a0.0_m160.par". This entry's metadata file is valid.
   79	[Log for <nrutils.core.nrsc.scentry instance at 0x11936e280>] The file is "/Users/book/MOUNT/datafiles@gatech/Waveforms/HR-series/q1/D11_q1.00_a0.3_m200/D11_q1.00_a0.3_m200.par". This entry's metadata file is valid.
   80	[Log for <nrutils.core.nrsc.scentry instance at 0x11936bc80>] The file is "/Users/book/MOUNT/datafiles@gatech/Waveforms/HR-series/q1/D11_q1.00_a0.8_m200/D11_q1.00_a0.8_m200.par". This entry's metadata file is valid.
   81	[Log for <nrutils.core.nrsc.scentry instance at 0x1193766e0>] The file is "/Users/book/MOUNT/datafiles@gatech/Waveforms/HR-series/q1/D11_q1.00_a0.00_0.60_m160/D11_q1.00_a0.00_0.60_m160.par". This entry's metadata file is valid.
   82	[Log for <nrutils.core.nrsc.scentry instance at 0x1194295f0>] The file is "/Users/book/MOUNT/datafiles@gatech/Waveforms/HR-series/q1/D11_q1.00_a0.20_0.60_m160/D11_q1.00_a0.20_0.60_m160.par". This entry's metadata file is valid.
   83	[Log for <nrutils.core.nrsc.scentry instance at 0x119433460>] The file is "/Users/book/MOUNT/datafiles@gatech/Waveforms/HR-series/q1/D11_q1.00_a0.2_m200/D11_q1.00_a0.2_m200.par". This entry's metadata file is valid.
   84	[Log for <nrutils.core.nrsc.scentry instance at 0x11942c2d0>] The file is "/Users/book/MOUNT/datafiles@gatech/Waveforms/HR-series/q1/D11_q1.00_a0.00_0.80_m160/D11_q1.00_a0.00_0.80_m160.par". This entry's metadata file is valid.
   85	[Log for <nrutils.core.nrsc.scentry instance at 0x1194322d0>] The file is "/Users/book/MOUNT/datafiles@gatech/Waveforms/HR-series/q1/D11_q1.00_a0.0_m120/D11_q1.00_a0.0_m120.par". This entry's metadata file is valid.
   86	[Log for <nrutils.core.nrsc.scentry instance at 0x1194420a0>] The file is "/Users/book/MOUNT/datafiles@gatech/Waveforms/HR-series/q1/D11_q1.00_a0.0_m240/D11_q1.00_a0.0_m240.par". This entry's metadata file is valid.
   87	[Log for <nrutils.core.nrsc.scentry instance at 0x119442af0>] The file is "/Users/book/MOUNT/datafiles@gatech/Waveforms/HR-series/q1/D11_q1.00_a0.0_m240/.D11_q1.00_a0.0_m240.par.swp". This entry's metadta file is invalid.
   88	[Log for <nrutils.core.nrsc.scentry instance at 0x119442af0>] The file is "/Users/book/MOUNT/datafiles@gatech/Waveforms/HR-series/q1/D11_q1.00_a-0.2_m200/D11_q1.00_a-0.2_m200.par". This entry's metadata file is valid.
   89	[Log for <nrutils.core.nrsc.scentry instance at 0x119442a00>] The file is "/Users/book/MOUNT/datafiles@gatech/Waveforms/HR-series/q1/D11_q1.00_a-0.4_m200/D11_q1.00_a-0.4_m200.par". This entry's metadata file is valid.
   90	[Log for <nrutils.core.nrsc.scentry instance at 0x118cf9500>] The file is "/Users/book/MOUNT/datafiles@gatech/Waveforms/HR-series/q1/D11_q1.00_a0.00_0.40_m160/D11_q1.00_a0.00_0.40_m160.par". This entry's metadata file is valid.
   91	[Log for <nrutils.core.nrsc.scentry instance at 0x119446cd0>] The file is "/Users/book/MOUNT/datafiles@gatech/Waveforms/HR-series/q1/D11_q1.00_a0.8_m180/D11_q1.00_a0.8_m180.par". This entry's metadata file is valid.
   92	[Log for <nrutils.core.nrsc.scentry instance at 0x119446fa0>] The file is "/Users/book/MOUNT/datafiles@gatech/Waveforms/HR-series/q1/D11_q1.00_a0.4_m200/D11_q1.00_a0.4_m200.par". This entry's metadata file is valid. [FATALERROR] The metadata failed to be read. There may be an external formatting inconsistency. It is being marked as invalid with None. The system says: 
   93	[Log for <nrutils.core.nrsc.scentry instance at 0x119446fa0>] The file is "/Users/book/MOUNT/datafiles@gatech/Waveforms/HR-series/q1/D11_q1.00_a0.00_0.20_m160/D11_q1.00_a0.00_0.20_m160.par". This entry's metadata file is valid.
   94	[Log for <nrutils.core.nrsc.scentry instance at 0x119504f50>] The file is "/Users/book/MOUNT/datafiles@gatech/Waveforms/HR-series/q1/D11_q1.00_a0.0_m200/D11_q1.00_a0.0_m200.par". This entry's metadata file is valid.
   95	[Log for <nrutils.core.nrsc.scentry instance at 0x11950abe0>] The file is "/Users/book/MOUNT/datafiles@gatech/Waveforms/HR-series/q1/D11_q1.00_a0.5_m200/D11_q1.00_a0.5_m200.par". This entry's metadata file is valid.
   96	[Log for <nrutils.core.nrsc.scentry instance at 0x11950ae10>] The file is "/Users/book/MOUNT/datafiles@gatech/Waveforms/HR-series/q1/D11_q1.00_a0.7_m200/D11_q1.00_a0.7_m200.par". This entry's metadata file is valid.
   97	[Log for <nrutils.core.nrsc.scentry instance at 0x119511aa0>] The file is "/Users/book/MOUNT/datafiles@gatech/Waveforms/HR-series/q1/D11_q1.00_a0.8_m160/D11_q1.00_a0.8_m160.par". This entry's metadata file is valid.
   98	[Log for <nrutils.core.nrsc.scentry instance at 0x119522b40>] The file is "/Users/book/MOUNT/datafiles@gatech/Waveforms/HR-series/q1/D11_q1.00_a0.20_0.40_m160/D11_q1.00_a0.20_0.40_m160.par". This entry's metadata file is valid.
   99	[Log for <nrutils.core.nrsc.scentry instance at 0x11951baa0>] The file is "/Users/book/MOUNT/datafiles@gatech/Waveforms/HR-series/q1/D11_q1.00_a0.1_m200/D11_q1.00_a0.1_m200.par". This entry's metadata file is valid.
  100	[Log for <nrutils.core.nrsc.scentry instance at 0x119519460>] The file is "/Users/book/MOUNT/datafiles@gatech/Waveforms/HR-series/q1/D11_q1.00_a0.6_m200/D11_q1.00_a0.6_m200.par". This entry's metadata file is valid.
  101	[Log for <nrutils.core.nrsc.scentry instance at 0x1195199b0>] The file is "/Users/book/MOUNT/datafiles@gatech/Waveforms/HR-series/q1/D11_q1.00_a0.20_0.80_m160/D11_q1.00_a0.20_0.80_m160.par". This entry's metadata file is valid.
  102	[Log for <nrutils.core.nrsc.scentry instance at 0x119537870>] The file is "/Users/book/MOUNT/datafiles@gatech/Waveforms/HR-series/q1.50/D11_q1.50_a-0.2_m200/D11_q1.50_a-0.2_m200.par". This entry's metadata file is valid.
  103	[Log for <nrutils.core.nrsc.scentry instance at 0x1195ddfa0>] The file is "/Users/book/MOUNT/datafiles@gatech/Waveforms/HR-series/q1.50/D11_q1.50_a0.4_m200/D11_q1.50_a0.4_m200.par". This entry's metadata file is valid.
  104	[Log for <nrutils.core.nrsc.scentry instance at 0x1195dde60>] The file is "/Users/book/MOUNT/datafiles@gatech/Waveforms/HR-series/q1.50/D11_q1.50_a0.4_m200/D11_q1.50_a0.4_m200/D11_q1.50_a0.4_m200.par". This entry's metadta file is invalid.
  105	[Log for <nrutils.core.nrsc.scentry instance at 0x1195dde60>] The file is "/Users/book/MOUNT/datafiles@gatech/Waveforms/HR-series/q1.50/D11_q1.50_a0.2_m200/D11_q1.50_a0.2_m200.par". This entry's metadata file is valid.
  106	[Log for <nrutils.core.nrsc.scentry instance at 0x1195ec690>] The file is "/Users/book/MOUNT/datafiles@gatech/Waveforms/HR-series/q1.50/D9_q1.50_a0.1_m200/D9_q1.50_a0.1_m200.par". This entry's metadata file is valid.
  107	[Log for <nrutils.core.nrsc.scentry instance at 0x119448960>] The file is "/Users/book/MOUNT/datafiles@gatech/Waveforms/HR-series/q1.50/D11_q1.50_a0.0_m200/D11_q1.50_a0.0_m200.par". This entry's metadata file is valid.
  108	[Log for <nrutils.core.nrsc.scentry instance at 0x1195f5190>] The file is "/Users/book/MOUNT/datafiles@gatech/Waveforms/HR-series/q1.50/D11_q1.50_a-0.4_m200/D11_q1.50_a-0.4_m200.par". This entry's metadata file is valid.
  109	[Log for <nrutils.core.nrsc.scentry instance at 0x119601190>] The file is "/Users/book/MOUNT/datafiles@gatech/Waveforms/HR-series/q1.50/D11_q1.50_a-0.6_m200/D11_q1.50_a-0.6_m200.par". This entry's metadata file is valid.
  110	[Log for <nrutils.core.nrsc.scentry instance at 0x11960cdc0>] The file is "/Users/book/MOUNT/datafiles@gatech/Waveforms/HR-series/q6.00/D10_q6.00_a0.20_0.00_m200/D10_q6.00_a0.20_0.00_m200.par". This entry's metadata file is valid.
  111	[Log for <nrutils.core.nrsc.scentry instance at 0x119614c30>] The file is "/Users/book/MOUNT/datafiles@gatech/Waveforms/HR-series/q6.00/D11_q6.0_-0.4_0.0_m280/D11_q6.0_-0.4_0.0_m280-5.par". This entry's metadta file is invalid.
  112	[Log for <nrutils.core.nrsc.scentry instance at 0x119614c30>] The file is "/Users/book/MOUNT/datafiles@gatech/Waveforms/HR-series/q6.00/D11_q6.0_-0.4_0.0_m280/D11_q6.0_-0.4_0.0_m280-9.par". This entry's metadta file is invalid.
  113	[Log for <nrutils.core.nrsc.scentry instance at 0x119614c30>] The file is "/Users/book/MOUNT/datafiles@gatech/Waveforms/HR-series/q6.00/D11_q6.0_-0.4_0.0_m280/D11_q6.0_-0.4_0.0_m280-8.par". This entry's metadta file is invalid.
  114	[Log for <nrutils.core.nrsc.scentry instance at 0x119614c30>] The file is "/Users/book/MOUNT/datafiles@gatech/Waveforms/HR-series/q6.00/D11_q6.0_-0.4_0.0_m280/D11_q6.0_-0.4_0.0_m280-2.par". This entry's metadta file is invalid.
  115	[Log for <nrutils.core.nrsc.scentry instance at 0x119614c30>] The file is "/Users/book/MOUNT/datafiles@gatech/Waveforms/HR-series/q6.00/D11_q6.0_-0.4_0.0_m280/D11_q6.0_-0.4_0.0_m280-7.par". This entry's metadta file is invalid.
  116	[Log for <nrutils.core.nrsc.scentry instance at 0x119614c30>] The file is "/Users/book/MOUNT/datafiles@gatech/Waveforms/HR-series/q6.00/D11_q6.0_-0.4_0.0_m280/D11_q6.0_-0.4_0.0_m280-10.par". This entry's metadta file is invalid.
  117	[Log for <nrutils.core.nrsc.scentry instance at 0x119614c30>] The file is "/Users/book/MOUNT/datafiles@gatech/Waveforms/HR-series/q6.00/D11_q6.0_-0.4_0.0_m280/D11_q6.0_-0.4_0.0_m280-6.par". This entry's metadta file is invalid.
  118	[Log for <nrutils.core.nrsc.scentry instance at 0x119614c30>] The file is "/Users/book/MOUNT/datafiles@gatech/Waveforms/HR-series/q6.00/D11_q6.0_-0.4_0.0_m280/D11_q6.0_-0.4_0.0_m280-3.par". This entry's metadta file is invalid.
  119	[Log for <nrutils.core.nrsc.scentry instance at 0x119614c30>] The file is "/Users/book/MOUNT/datafiles@gatech/Waveforms/HR-series/q6.00/D11_q6.0_-0.4_0.0_m280/D11_q6.0_-0.4_0.0_m280-1.par". This entry's metadta file is invalid.
  120	[Log for <nrutils.core.nrsc.scentry instance at 0x119614c30>] The file is "/Users/book/MOUNT/datafiles@gatech/Waveforms/HR-series/q6.00/D11_q6.0_-0.4_0.0_m280/D11_q6.0_-0.4_0.0_m280-4.par". This entry's metadta file is invalid.
  121	[Log for <nrutils.core.nrsc.scentry instance at 0x119614c30>] The file is "/Users/book/MOUNT/datafiles@gatech/Waveforms/HR-series/q6.00/D11_q6.0_-0.4_0.0_m280/D11_q6.0_-0.4_0.0_m280-11.par". This entry's metadta file is invalid.
  122	[Log for <nrutils.core.nrsc.scentry instance at 0x119614c30>] The file is "/Users/book/MOUNT/datafiles@gatech/Waveforms/HR-series/q6.00/D11_q6.0_-0.4_0.0_m280/D11_q6.0_-0.4_0.0_m280-1/D10_q6.0_-0.4_0.0_m240-1.par". This entry's metadta file is invalid.
  123	[Log for <nrutils.core.nrsc.scentry instance at 0x119614c30>] The file is "/Users/book/MOUNT/datafiles@gatech/Waveforms/HR-series/q6.00/D10_q6.00_a0.00_0.00_m280/D10_q6.00_a0.00_0.00_m280.par". This entry's metadata file is valid.
  124	[Log for <nrutils.core.nrsc.scentry instance at 0x119614dc0>] The file is "/Users/book/MOUNT/datafiles@gatech/Waveforms/HR-series/q6.00/D10_q6.00_a0.20_0.00_m280/D10_q6.00_a0.20_0.00_m280.par". This entry's metadata file is valid.
  125	[Log for <nrutils.core.nrsc.scentry instance at 0x11960ecd0>] The file is "/Users/book/MOUNT/datafiles@gatech/Waveforms/HR-series/q6.00/D10_q6.00_a0.60_0.00_m280/D10_q6.00_a0.60_0.00_m280.par". This entry's metadata file is valid.
  126	[Log for <nrutils.core.nrsc.scentry instance at 0x1195f8e10>] The file is "/Users/book/MOUNT/datafiles@gatech/Waveforms/HR-series/q6.00/D10_q6.00_a0.0_CHgEEB_m200/D10_q6.00_a0.0_CHgEEB_m200.par". This entry's metadata file is valid.
  127	[Log for <nrutils.core.nrsc.scentry instance at 0x1196c0960>] The file is "/Users/book/MOUNT/datafiles@gatech/Waveforms/HR-series/q6.00/D10_q6.00_a0.20_0.00_m240/D10_q6.00_a0.20_0.00_m240.par". This entry's metadata file is valid.
  128	[Log for <nrutils.core.nrsc.scentry instance at 0x1196c5af0>] The file is "/Users/book/MOUNT/datafiles@gatech/Waveforms/HR-series/q6.00/D10_q6.00_a0.40_0.00_m280/D10_q6.00_a0.40_0.00_m280.par". This entry's metadata file is valid.
  129	[Log for <nrutils.core.nrsc.scentry instance at 0x1196be7d0>] The file is "/Users/book/MOUNT/datafiles@gatech/Waveforms/HR-series/q2.25/D11_q2.25_a0.0_m200/D11_q2.25_a0.0_m200.par". This entry's metadata file is valid.
  130	[Log for <nrutils.core.nrsc.scentry instance at 0x1196c8640>] The file is "/Users/book/MOUNT/datafiles@gatech/Waveforms/HR-series/q15.00/D7.5_q15.00_a0.0_CHgEEB_m800/D7.5_q15.00_a0.0_CHgEEB_m800.par". This entry's metadata file is valid.
  131	[Log for <nrutils.core.nrsc.scentry instance at 0x1196c8460>] The file is "/Users/book/MOUNT/datafiles@gatech/Waveforms/HR-series/q1.75/D11_q1.75_a0.0_m200/D11_q1.75_a0.0_m200.par". This entry's metadata file is valid.
  132	[Log for <nrutils.core.nrsc.scentry instance at 0x1196dff00>] The file is "/Users/book/MOUNT/datafiles@gatech/Waveforms/HR-series/q7/D10_q7.00_a0.20_0.00_m320/D10_q7.00_a0.20_0.00_m320.par". This entry's metadata file is valid.
  133	[Log for <nrutils.core.nrsc.scentry instance at 0x1196df780>] The file is "/Users/book/MOUNT/datafiles@gatech/Waveforms/HR-series/q7/D10_q7.00_a0.40_0.00_m320/D10_q7.00_a0.40_0.00_m320.par". This entry's metadata file is valid.
  134	[Log for <nrutils.core.nrsc.scentry instance at 0x1196e1f50>] The file is "/Users/book/MOUNT/datafiles@gatech/Waveforms/HR-series/q7/D10_q7.00_a0.00_0.00_m320/D10_q7.00_a0.00_0.00_m320.par". This entry's metadata file is valid.
  135	[Log for <nrutils.core.nrsc.scentry instance at 0x1196e1e60>] The file is "/Users/book/MOUNT/datafiles@gatech/Waveforms/HR-series/q7/D10_q7.00_a0.0_m320/D10_q7.00_a0.0_m320.par". This entry's metadata file is valid.
