    0	[Log for <nrutils.core.nrsc.scentry instance at 0x11008f950>] The file is "/Volumes/athena/bradwr/A-series/M103/D11_a0.0_q1.00_m103_As/D11_a0.0_q1.00_m103_As.par". This entry's metadata file is valid.
    1	[Log for <nrutils.core.nrsc.scentry instance at 0x1129c2b90>] The file is "/Volumes/athena/bradwr/A-series/M103/D11_a0.0_q1.00_m103_As/D11_a0.0_q1.00_m103_As/D11_a0.0_q1.00_m103_As.par". This entry's metadta file is invalid.
    2	[Log for <nrutils.core.nrsc.scentry instance at 0x10fd72998>] The file is "/Volumes/athena/bradwr/A-series/M103/D11_a0.2_q1.00_m103_As/D11_a0.2_q1.00_m103_As.par". This entry's metadata file is valid.
    3	[Log for <nrutils.core.nrsc.scentry instance at 0x1129c2fc8>] The file is "/Volumes/athena/bradwr/A-series/M103/D11_a0.2_q1.00_m103_As/D11_a0.2_q1.00_m103_As/D11_a0.2_q1.00_m103_As.par". This entry's metadta file is invalid.
    4	[Log for <nrutils.core.nrsc.scentry instance at 0x1129c2fc8>] The file is "/Volumes/athena/bradwr/A-series/M103/D11_a0.4_q1.00_m103_As/D11_a0.4_q1.00_m103_As.par". This entry's metadata file is valid.
    5	[Log for <nrutils.core.nrsc.scentry instance at 0x1129c2368>] The file is "/Volumes/athena/bradwr/A-series/M103/D11_a0.4_q1.00_m103_As/D11_a0.4_q1.00_m103_As/D11_a0.4_q1.00_m103_As.par". This entry's metadta file is invalid.
    6	[Log for <nrutils.core.nrsc.scentry instance at 0x11288a2d8>] The file is "/Volumes/athena/bradwr/A-series/M103/D11_a0.6_q1.00_m103_As/D11_a0.6_q1.00_m103_As.par". This entry's metadata file is valid.
    7	[Log for <nrutils.core.nrsc.scentry instance at 0x110189050>] The file is "/Volumes/athena/bradwr/A-series/M103/D11_a0.6_q1.00_m103_As/D11_a0.6_q1.00_m103_As/D11_a0.6_q1.00_m103_As.par". This entry's metadta file is invalid.
    8	[Log for <nrutils.core.nrsc.scentry instance at 0x110189050>] The file is "/Volumes/athena/bradwr/A-series/M103/D11_a0.8_q1.00_m103_As/D11_a0.8_q1.00_m103_As.par". This entry's metadata file is valid.
    9	[Log for <nrutils.core.nrsc.scentry instance at 0x1101890e0>] The file is "/Volumes/athena/bradwr/A-series/M103/D11_a0.8_q1.00_m103_As/D11_a0.8_q1.00_m103_As/D11_a0.8_q1.00_m103_As.par". This entry's metadta file is invalid.
   10	[Log for <nrutils.core.nrsc.scentry instance at 0x1101890e0>] The file is "/Volumes/athena/bradwr/HR-series/NRAR/D11_q2.00_a0.60_m200/D11_q2.00_a0.60_m200.par". This entry's metadata file is valid.
   11	[Log for <nrutils.core.nrsc.scentry instance at 0x110189e60>] The file is "/Volumes/athena/bradwr/HR-series/NRAR/D11_q2.00_a0.60_rl12try2_m080/D11_q2.00_a0.60_rl12try2_m080.par". This entry's metadata file is valid.
   12	[Log for <nrutils.core.nrsc.scentry instance at 0x10fe92758>] The file is "/Volumes/athena/bradwr/HR-series/NRAR/D12_q1.00_a0.60_m080/D12_q1.00_a0.60_m080.par". This entry's metadata file is valid.
   13	[Log for <nrutils.core.nrsc.scentry instance at 0x112c755a8>] The file is "/Volumes/athena/bradwr/HR-series/NRAR/D12_q1.00_a0.60_m120/D12_q1.00_a0.60_m120.par". This entry's metadata file is valid.
   14	[Log for <nrutils.core.nrsc.scentry instance at 0x1101d0560>] The file is "/Volumes/athena/bradwr/HR-series/NRAR/D12_q1.00_a0.60_m160/D12_q1.00_a0.60_m160.par". This entry's metadata file is valid.
   15	[Log for <nrutils.core.nrsc.scentry instance at 0x10fe91f80>] The file is "/Volumes/athena/bradwr/HR-series/NRAR/D12_q1.00_a0.60_m180/D12_q1.00_a0.60_m180.par". This entry's metadata file is valid.
   16	[Log for <nrutils.core.nrsc.scentry instance at 0x10fd71dd0>] The file is "/Volumes/athena/bradwr/HR-series/NRAR/D12_q1.00_a0.60_m200/D12_q1.00_a0.60_m200.par". This entry's metadata file is valid.
   17	[Log for <nrutils.core.nrsc.scentry instance at 0x10fd7b3f8>] The file is "/Volumes/athena/bradwr/HR-series/NRAR/D12_q2.00_a0.15_-0.60_m120/D12_q2.00_a0.15_-0.60_m120.par". This entry's metadata file is valid.
   18	[Log for <nrutils.core.nrsc.scentry instance at 0x10fd7f680>] The file is "/Volumes/athena/bradwr/HR-series/NRAR/D12_q2.00_a0.15_-0.60_m160/D12_q2.00_a0.15_-0.60_m160.par". This entry's metadata file is valid.
   19	[Log for <nrutils.core.nrsc.scentry instance at 0x10fe8e290>] The file is "/Volumes/athena/bradwr/HR-series/NRAR/D12_q2.00_a0.15_-0.60_m180/D12_q2.00_a0.15_-0.60_m180.par". This entry's metadata file is valid.
   20	[Log for <nrutils.core.nrsc.scentry instance at 0x110051c20>] The file is "/Volumes/athena/bradwr/HR-series/NRAR/D12_q2.00_a0.15_-0.60_m200/D12_q2.00_a0.15_-0.60_m200.par". This entry's metadata file is valid.
   21	[Log for <nrutils.core.nrsc.scentry instance at 0x1101a90e0>] The file is "/Volumes/athena/bradwr/HR-series/NRAR/D12_q2.00_a0.30_0.00_m120/D12_q2.00_a0.30_0.00_m120.par". This entry's metadata file is valid.
   22	[Log for <nrutils.core.nrsc.scentry instance at 0x1101bc200>] The file is "/Volumes/athena/bradwr/HR-series/NRAR/D12_q2.00_a0.30_0.00_m160/D12_q2.00_a0.30_0.00_m160.par". This entry's metadata file is valid.
   23	[Log for <nrutils.core.nrsc.scentry instance at 0x11295ff38>] The file is "/Volumes/athena/bradwr/HR-series/NRAR/D12_q2.00_a0.30_0.00_m180/D12_q2.00_a0.30_0.00_m180.par". This entry's metadata file is valid.
   24	[Log for <nrutils.core.nrsc.scentry instance at 0x11295f6c8>] The file is "/Volumes/athena/bradwr/HR-series/NRAR/D12_q2.00_a0.30_0.00_m200/D12_q2.00_a0.30_0.00_m200.par". This entry's metadata file is valid.
   25	[Log for <nrutils.core.nrsc.scentry instance at 0x1129c03b0>] The file is "/Volumes/athena/bradwr/HR-series/q1/D11_q1.00_a-0.2_m200/D11_q1.00_a-0.2_m200.par". This entry's metadata file is valid.
   26	[Log for <nrutils.core.nrsc.scentry instance at 0x10feb0bd8>] The file is "/Volumes/athena/bradwr/HR-series/q1/D11_q1.00_a-0.4_m200/D11_q1.00_a-0.4_m200.par". This entry's metadata file is valid.
   27	[Log for <nrutils.core.nrsc.scentry instance at 0x10feb0200>] The file is "/Volumes/athena/bradwr/HR-series/q1/D11_q1.00_a0.00_0.20_m160/D11_q1.00_a0.00_0.20_m160.par". This entry's metadata file is valid.
   28	[Log for <nrutils.core.nrsc.scentry instance at 0x112ba4c68>] The file is "/Volumes/athena/bradwr/HR-series/q1/D11_q1.00_a0.00_0.40_m160/D11_q1.00_a0.00_0.40_m160.par". This entry's metadata file is valid.
   29	[Log for <nrutils.core.nrsc.scentry instance at 0x112ba4f38>] The file is "/Volumes/athena/bradwr/HR-series/q1/D11_q1.00_a0.00_0.60_m160/D11_q1.00_a0.00_0.60_m160.par". This entry's metadata file is valid.
   30	[Log for <nrutils.core.nrsc.scentry instance at 0x10fd8dd88>] The file is "/Volumes/athena/bradwr/HR-series/q1/D11_q1.00_a0.00_0.80_m160/D11_q1.00_a0.00_0.80_m160.par". This entry's metadata file is valid.
   31	[Log for <nrutils.core.nrsc.scentry instance at 0x10fff78c0>] The file is "/Volumes/athena/bradwr/HR-series/q1/D11_q1.00_a0.0_m120/D11_q1.00_a0.0_m120.par". This entry's metadata file is valid.
   32	[Log for <nrutils.core.nrsc.scentry instance at 0x10fff7098>] The file is "/Volumes/athena/bradwr/HR-series/q1/D11_q1.00_a0.0_m160/D11_q1.00_a0.0_m160.par". This entry's metadata file is valid.
   33	[Log for <nrutils.core.nrsc.scentry instance at 0x10ffc9ef0>] The file is "/Volumes/athena/bradwr/HR-series/q1/D11_q1.00_a0.0_m200/D11_q1.00_a0.0_m200.par". This entry's metadata file is valid.
   34	[Log for <nrutils.core.nrsc.scentry instance at 0x112ced950>] The file is "/Volumes/athena/bradwr/HR-series/q1/D11_q1.00_a0.0_m240/.D11_q1.00_a0.0_m240.par.swp". This entry's metadta file is invalid.
   35	[Log for <nrutils.core.nrsc.scentry instance at 0x112ced950>] The file is "/Volumes/athena/bradwr/HR-series/q1/D11_q1.00_a0.0_m240/D11_q1.00_a0.0_m240.par". This entry's metadata file is valid.
   36	[Log for <nrutils.core.nrsc.scentry instance at 0x110189b48>] The file is "/Volumes/athena/bradwr/HR-series/q1/D11_q1.00_a0.1_m200/D11_q1.00_a0.1_m200.par". This entry's metadata file is valid.
   37	[Log for <nrutils.core.nrsc.scentry instance at 0x10febbbd8>] The file is "/Volumes/athena/bradwr/HR-series/q1/D11_q1.00_a0.20_0.40_m160/D11_q1.00_a0.20_0.40_m160.par". This entry's metadata file is valid.
   38	[Log for <nrutils.core.nrsc.scentry instance at 0x10fe97d40>] The file is "/Volumes/athena/bradwr/HR-series/q1/D11_q1.00_a0.20_0.60_m160/D11_q1.00_a0.20_0.60_m160.par". This entry's metadata file is valid.
   39	[Log for <nrutils.core.nrsc.scentry instance at 0x10fe97098>] The file is "/Volumes/athena/bradwr/HR-series/q1/D11_q1.00_a0.20_0.80_m160/D11_q1.00_a0.20_0.80_m160.par". This entry's metadata file is valid.
   40	[Log for <nrutils.core.nrsc.scentry instance at 0x112bd9d88>] The file is "/Volumes/athena/bradwr/HR-series/q1/D11_q1.00_a0.2_m200/D11_q1.00_a0.2_m200.par". This entry's metadata file is valid.
   41	[Log for <nrutils.core.nrsc.scentry instance at 0x1129c9368>] The file is "/Volumes/athena/bradwr/HR-series/q1/D11_q1.00_a0.3_m200/D11_q1.00_a0.3_m200.par". This entry's metadata file is valid.
   42	[Log for <nrutils.core.nrsc.scentry instance at 0x1129c9290>] The file is "/Volumes/athena/bradwr/HR-series/q1/D11_q1.00_a0.4_m200/D11_q1.00_a0.4_m200.par". This entry's metadata file is valid.
   43	[Log for <nrutils.core.nrsc.scentry instance at 0x112ba5cf8>] The file is "/Volumes/athena/bradwr/HR-series/q1/D11_q1.00_a0.5_m200/D11_q1.00_a0.5_m200.par". This entry's metadata file is valid.
   44	[Log for <nrutils.core.nrsc.scentry instance at 0x112ba5a28>] The file is "/Volumes/athena/bradwr/HR-series/q1/D11_q1.00_a0.6_m200/D11_q1.00_a0.6_m200.par". This entry's metadata file is valid.
   45	[Log for <nrutils.core.nrsc.scentry instance at 0x10fd772d8>] The file is "/Volumes/athena/bradwr/HR-series/q1/D11_q1.00_a0.7_m200/D11_q1.00_a0.7_m200.par". This entry's metadata file is valid.
   46	[Log for <nrutils.core.nrsc.scentry instance at 0x10fd8c248>] The file is "/Volumes/athena/bradwr/HR-series/q1/D11_q1.00_a0.8_m160/D11_q1.00_a0.8_m160.par". This entry's metadata file is valid.
   47	[Log for <nrutils.core.nrsc.scentry instance at 0x10ff9c7e8>] The file is "/Volumes/athena/bradwr/HR-series/q1/D11_q1.00_a0.8_m180/D11_q1.00_a0.8_m180.par". This entry's metadata file is valid.
   48	[Log for <nrutils.core.nrsc.scentry instance at 0x10ff9c2d8>] The file is "/Volumes/athena/bradwr/HR-series/q1/D11_q1.00_a0.8_m200/D11_q1.00_a0.8_m200.par". This entry's metadata file is valid.
   49	[Log for <nrutils.core.nrsc.scentry instance at 0x10fea3998>] The file is "/Volumes/athena/bradwr/HR-series/q1.25/D11_q1.25_a0.0_m200/D11_q1.25_a0.0_m200.par". This entry's metadata file is valid.
   50	[Log for <nrutils.core.nrsc.scentry instance at 0x10fec5cb0>] The file is "/Volumes/athena/bradwr/HR-series/q1.50/D11_q1.50_a-0.2_m200/D11_q1.50_a-0.2_m200.par". This entry's metadata file is valid.
   51	[Log for <nrutils.core.nrsc.scentry instance at 0x10fe8a7a0>] The file is "/Volumes/athena/bradwr/HR-series/q1.50/D11_q1.50_a-0.4_m200/D11_q1.50_a-0.4_m200.par". This entry's metadata file is valid.
   52	[Log for <nrutils.core.nrsc.scentry instance at 0x10fe8ae18>] The file is "/Volumes/athena/bradwr/HR-series/q1.50/D11_q1.50_a-0.6_m200/D11_q1.50_a-0.6_m200.par". This entry's metadata file is valid.
   53	[Log for <nrutils.core.nrsc.scentry instance at 0x10fe8a050>] The file is "/Volumes/athena/bradwr/HR-series/q1.50/D11_q1.50_a0.0_m200/D11_q1.50_a0.0_m200.par". This entry's metadata file is valid.
   54	[Log for <nrutils.core.nrsc.scentry instance at 0x10fea97a0>] The file is "/Volumes/athena/bradwr/HR-series/q1.50/D11_q1.50_a0.2_m200/D11_q1.50_a0.2_m200.par". This entry's metadata file is valid.
   55	[Log for <nrutils.core.nrsc.scentry instance at 0x1129cf098>] The file is "/Volumes/athena/bradwr/HR-series/q1.50/D11_q1.50_a0.4_m200/D11_q1.50_a0.4_m200.par". This entry's metadata file is valid.
   56	[Log for <nrutils.core.nrsc.scentry instance at 0x1129cfcf8>] The file is "/Volumes/athena/bradwr/HR-series/q1.50/D11_q1.50_a0.4_m200/D11_q1.50_a0.4_m200/D11_q1.50_a0.4_m200.par". This entry's metadta file is invalid.
   57	[Log for <nrutils.core.nrsc.scentry instance at 0x1129cfcf8>] The file is "/Volumes/athena/bradwr/HR-series/q1.50/D9_q1.50_a0.1_m200/D9_q1.50_a0.1_m200.par". This entry's metadata file is valid.
   58	[Log for <nrutils.core.nrsc.scentry instance at 0x112cedd88>] The file is "/Volumes/athena/bradwr/HR-series/q1.75/D11_q1.75_a0.0_m200/D11_q1.75_a0.0_m200.par". This entry's metadata file is valid.
   59	[Log for <nrutils.core.nrsc.scentry instance at 0x10feca638>] The file is "/Volumes/athena/bradwr/HR-series/q10.00/D8.4_q10.00_a0.0_m400/D8.4_q10.00_a0.0_m400.par". This entry's metadata file is valid.
   60	[Log for <nrutils.core.nrsc.scentry instance at 0x10fec0fc8>] The file is "/Volumes/athena/bradwr/HR-series/q15.00/D7.5_q15.00_a0.0_CHgEEB_m800/D7.5_q15.00_a0.0_CHgEEB_m800.par". This entry's metadata file is valid.
   61	[Log for <nrutils.core.nrsc.scentry instance at 0x112c95878>] The file is "/Volumes/athena/bradwr/HR-series/q2/D11_q2.00_a-0.2_m200/D11_q2.00_a-0.2_m200.par". This entry's metadata file is valid.
   62	[Log for <nrutils.core.nrsc.scentry instance at 0x112c95b90>] The file is "/Volumes/athena/bradwr/HR-series/q2/D11_q2.00_a-0.4_m200/D11_q2.00_a-0.4_m200.par". This entry's metadata file is valid.
   63	[Log for <nrutils.core.nrsc.scentry instance at 0x112c95a70>] The file is "/Volumes/athena/bradwr/HR-series/q2/D11_q2.00_a-0.6_m200/D11_q2.00_a-0.6_m200.par". This entry's metadata file is valid.
   64	[Log for <nrutils.core.nrsc.scentry instance at 0x10ffdeb48>] The file is "/Volumes/athena/bradwr/HR-series/q2/D11_q2.00_a0.0_m180/D11_q2.00_a0.0_m180.par". This entry's metadata file is valid.
   65	[Log for <nrutils.core.nrsc.scentry instance at 0x110093f80>] The file is "/Volumes/athena/bradwr/HR-series/q2/D11_q2.00_a0.0_m200/D11_q2.00_a0.0_m200.par". This entry's metadata file is valid.
   66	[Log for <nrutils.core.nrsc.scentry instance at 0x10febd638>] The file is "/Volumes/athena/bradwr/HR-series/q2/D11_q2.00_a0.2_m160/D11_q2.00_a0.2_m160.par". This entry's metadata file is valid.
   67	[Log for <nrutils.core.nrsc.scentry instance at 0x10feb3ea8>] The file is "/Volumes/athena/bradwr/HR-series/q2/D11_q2.00_a0.4_m160/D11_q2.00_a0.4_m160.par". This entry's metadata file is valid.
   68	[Log for <nrutils.core.nrsc.scentry instance at 0x10ffa4320>] The file is "/Volumes/athena/bradwr/HR-series/q2/D11_q2.00_a0.6_m160/D11_q2.00_a0.6_m160.par". This entry's metadata file is valid.
   69	[Log for <nrutils.core.nrsc.scentry instance at 0x10ffa41b8>] The file is "/Volumes/athena/bradwr/HR-series/q2.25/D11_q2.25_a0.0_m200/D11_q2.25_a0.0_m200.par". This entry's metadata file is valid.
   70	[Log for <nrutils.core.nrsc.scentry instance at 0x112c69f38>] The file is "/Volumes/athena/bradwr/HR-series/q2.50/D11_q2.50_a-0.2_m200/D11_q2.50_a-0.2_m200.par". This entry's metadata file is valid.
   71	[Log for <nrutils.core.nrsc.scentry instance at 0x10fe8c758>] The file is "/Volumes/athena/bradwr/HR-series/q2.50/D11_q2.50_a-0.4_m200/D11_q2.50_a-0.4_m200.par". This entry's metadata file is valid.
   72	[Log for <nrutils.core.nrsc.scentry instance at 0x10fe8c488>] The file is "/Volumes/athena/bradwr/HR-series/q2.50/D11_q2.50_a-0.6_m200/D11_q2.50_a-0.6_m200.par". This entry's metadata file is valid.
   73	[Log for <nrutils.core.nrsc.scentry instance at 0x113b8ff80>] The file is "/Volumes/athena/bradwr/HR-series/q2.50/D11_q2.50_a0.0_m200/D11_q2.50_a0.0_m200.par". This entry's metadata file is valid.
   74	[Log for <nrutils.core.nrsc.scentry instance at 0x113b8fa28>] The file is "/Volumes/athena/bradwr/HR-series/q2.50/D11_q2.50_a0.0_Q20_cfl0.5_swz/D11_q2.50_a0.0_Q20_cfl0.5_swz.par". This entry's metadata file is valid.
   75	[Log for <nrutils.core.nrsc.scentry instance at 0x10fea2440>] The file is "/Volumes/athena/bradwr/HR-series/q2.50/D11_q2.50_a0.0_Q20_swz/D11_q2.50_a0.0_Q20_swz.par". This entry's metadata file is valid.
   76	[Log for <nrutils.core.nrsc.scentry instance at 0x10febf248>] The file is "/Volumes/athena/bradwr/HR-series/q2.50/D11_q2.50_a0.0_Q20_swz_etk/D11_q2.50_a0.0_Q20_swz_etk.par". This entry's metadata file is valid.
   77	[Log for <nrutils.core.nrsc.scentry instance at 0x10febf998>] The file is "/Volumes/athena/bradwr/HR-series/q2.50/D11_q2.50_a0.0_Q20_swz_etk_v2/D11_q2.50_a0.0_Q20_swz_etk_v2.par". This entry's metadata file is valid.
   78	[Log for <nrutils.core.nrsc.scentry instance at 0x110197b48>] The file is "/Volumes/athena/bradwr/HR-series/q2.50/D11_q2.50_a0.0_Q20_wz/D11_q2.50_a0.0_Q20_wz.par". This entry's metadata file is valid.
   79	[Log for <nrutils.core.nrsc.scentry instance at 0x110197290>] The file is "/Volumes/athena/bradwr/HR-series/q2.50/D11_q2.50_a0.0_Q24_swz/D11_q2.50_a0.0_Q24_swz.par". This entry's metadata file is valid.
   80	[Log for <nrutils.core.nrsc.scentry instance at 0x10fe88998>] The file is "/Volumes/athena/bradwr/HR-series/q2.50/D11_q2.50_a0.0_Q24_wz/D11_q2.50_a0.0_Q24_wz.par". This entry's metadata file is valid.
   81	[Log for <nrutils.core.nrsc.scentry instance at 0x10fe88e60>] The file is "/Volumes/athena/bradwr/HR-series/q2.50/D11_q2.50_a0.0_Q28/D11_q2.50_a0.0_Q28.par". This entry's metadata file is valid.
   82	[Log for <nrutils.core.nrsc.scentry instance at 0x1110bcfc8>] The file is "/Volumes/athena/bradwr/HR-series/q2.50/D11_q2.50_a0.0_Q28_swz/D11_q2.50_a0.0_Q28_swz.par". This entry's metadata file is valid.
   83	[Log for <nrutils.core.nrsc.scentry instance at 0x1137d6710>] The file is "/Volumes/athena/bradwr/HR-series/q2.50/D11_q2.50_a0.0_Q28_wz/D11_q2.50_a0.0_Q28_wz.par". This entry's metadata file is valid.
   84	[Log for <nrutils.core.nrsc.scentry instance at 0x1137d6fc8>] The file is "/Volumes/athena/bradwr/HR-series/q2.50/D11_q2.50_a0.2_0.00_m160/D11_q2.50_a0.2_0.00_m160.par". This entry's metadata file is valid.
   85	[Log for <nrutils.core.nrsc.scentry instance at 0x10ff999e0>] The file is "/Volumes/athena/bradwr/HR-series/q2.50/D11_q2.50_a0.4_0.00_m160/D11_q2.50_a0.4_0.00_m160.par". This entry's metadata file is valid.
   86	[Log for <nrutils.core.nrsc.scentry instance at 0x10ff99758>] The file is "/Volumes/athena/bradwr/HR-series/q3/D10_q3.00_a0.0_0.0_m240/D10_q3.00_a0.0_0.0_m240.par". This entry's metadata file is valid.
   87	[Log for <nrutils.core.nrsc.scentry instance at 0x10fef77a0>] The file is "/Volumes/athena/bradwr/HR-series/q3/D10_q3.00_a0.2_0.0_m240/D10_q3.00_a0.2_0.0_m240.par". This entry's metadata file is valid.
   88	[Log for <nrutils.core.nrsc.scentry instance at 0x10fef7e60>] The file is "/Volumes/athena/bradwr/HR-series/q3/D10_q3.00_a0.4_0.0_m240/D10_q3.00_a0.4_0.0_m240.par". This entry's metadata file is valid.
   89	[Log for <nrutils.core.nrsc.scentry instance at 0x1141e4098>] The file is "/Volumes/athena/bradwr/HR-series/q3/D10_q3.00_a0.6_0.0_m240/D10_q3.00_a0.6_0.0_m240.par". This entry's metadata file is valid.
   90	[Log for <nrutils.core.nrsc.scentry instance at 0x1141e4680>] The file is "/Volumes/athena/bradwr/HR-series/q3/D10_q3.00_a0.8_0.0_m240/D10_q3.00_a0.8_0.0_m240.par". This entry's metadata file is valid.
   91	[Log for <nrutils.core.nrsc.scentry instance at 0x1141e4e18>] The file is "/Volumes/athena/bradwr/HR-series/q3/D11_q3.00_a-0.2_m200/D11_q3.00_a-0.2_m200.par". This entry's metadata file is valid.
   92	[Log for <nrutils.core.nrsc.scentry instance at 0x11357acf8>] The file is "/Volumes/athena/bradwr/HR-series/q3/D11_q3.00_a-0.4_m200/D11_q3.00_a-0.4_m200.par". This entry's metadata file is valid.
   93	[Log for <nrutils.core.nrsc.scentry instance at 0x11357ae18>] The file is "/Volumes/athena/bradwr/HR-series/q3/D11_q3.00_a-0.6_m200/D11_q3.00_a-0.6_m200.par". This entry's metadata file is valid.
   94	[Log for <nrutils.core.nrsc.scentry instance at 0x11357aa70>] The file is "/Volumes/athena/bradwr/HR-series/q3/D11_q3.00_a0.0_m180/D11_q3.00_a0.0_m180.par". This entry's metadata file is valid.
   95	[Log for <nrutils.core.nrsc.scentry instance at 0x10fe86128>] The file is "/Volumes/athena/bradwr/HR-series/q3/D11_q3.00_a0.0_m200/D11_q3.00_a0.0_m200.par". This entry's metadata file is valid.
   96	[Log for <nrutils.core.nrsc.scentry instance at 0x1112765a8>] The file is "/Volumes/athena/bradwr/HR-series/q3/D11_q3.00_a0.2_0.00_m200/D11_q3.00_a0.2_0.00_m200.par". This entry's metadata file is valid.
   97	[Log for <nrutils.core.nrsc.scentry instance at 0x10fd74d88>] The file is "/Volumes/athena/bradwr/HR-series/q3/D11_q3.00_a0.8_0.00_m200/D11_q3.00_a0.8_0.00_m200.par". This entry's metadata file is valid.
   98	[Log for <nrutils.core.nrsc.scentry instance at 0x112dffdd0>] The file is "/Volumes/athena/bradwr/HR-series/q4/D09_q4.00_a0.0_CHg_m160/D09_q4.00_a0.0_CHg_m160.par". This entry's metadata file is valid.
   99	[Log for <nrutils.core.nrsc.scentry instance at 0x112dff1b8>] The file is "/Volumes/athena/bradwr/HR-series/q4/D09_q4.00_a0.0_CHgEEB_m160/D09_q4.00_a0.0_CHgEEB_m160.par". This entry's metadata file is valid.
  100	[Log for <nrutils.core.nrsc.scentry instance at 0x1129de050>] The file is "/Volumes/athena/bradwr/HR-series/q4/D09_q4.00_a0.0_m160/D09_q4.00_a0.0_m160.par". This entry's metadata file is valid.
  101	[Log for <nrutils.core.nrsc.scentry instance at 0x1129dec68>] The file is "/Volumes/athena/bradwr/HR-series/q4/D10_q4.00_a0.0_0.0_m240/D10_q4.00_a0.0_0.0_m240.par". This entry's metadata file is valid.
  102	[Log for <nrutils.core.nrsc.scentry instance at 0x1129de290>] The file is "/Volumes/athena/bradwr/HR-series/q4/D10_q4.00_a0.2_0.0_m240/D10_q4.00_a0.2_0.0_m240.par". This entry's metadata file is valid.
  103	[Log for <nrutils.core.nrsc.scentry instance at 0x113b911b8>] The file is "/Volumes/athena/bradwr/HR-series/q4/D10_q4.00_a0.4_0.0_m240/D10_q4.00_a0.4_0.0_m240.par". This entry's metadata file is valid.
  104	[Log for <nrutils.core.nrsc.scentry instance at 0x1141f7368>] The file is "/Volumes/athena/bradwr/HR-series/q4/D10_q4.00_a0.6_0.0_m240/D10_q4.00_a0.6_0.0_m240.par". This entry's metadata file is valid.
  105	[Log for <nrutils.core.nrsc.scentry instance at 0x1141f7fc8>] The file is "/Volumes/athena/bradwr/HR-series/q4/D11_q4.00_a-0.8_0.0_m160/D11_q4.00_a-0.8_0.0_m160.par". This entry's metadata file is valid.
  106	[Log for <nrutils.core.nrsc.scentry instance at 0x1141f7050>] The file is "/Volumes/athena/bradwr/HR-series/q4/D11_q4.00_a0.0_m160/D11_q4.00_a0.0_m160.par". This entry's metadata file is valid.
  107	[Log for <nrutils.core.nrsc.scentry instance at 0x1101d1cf8>] The file is "/Volumes/athena/bradwr/HR-series/q4/D11_q4.00_a0.0_m180/D11_q4.00_a0.0_m180.par". This entry's metadata file is valid.
  108	[Log for <nrutils.core.nrsc.scentry instance at 0x1101d1710>] The file is "/Volumes/athena/bradwr/HR-series/q4/D11_q4.00_a0.0_m200/D11_q4.00_a0.0_m200.par". This entry's metadata file is valid.
  109	[Log for <nrutils.core.nrsc.scentry instance at 0x114133638>] The file is "/Volumes/athena/bradwr/HR-series/q5.00/D10_q5.00_a-0.68_0.00_m240/D10_q5.00_a-0.68_0.00_m240.par". This entry's metadata file is valid.
  110	[Log for <nrutils.core.nrsc.scentry instance at 0x113269518>] The file is "/Volumes/athena/bradwr/HR-series/q5.00/D10_q5.00_a-0.6921_0.00_m240/D10_q5.00_a-0.6921_0.00_m240.par". This entry's metadata file is valid.
  111	[Log for <nrutils.core.nrsc.scentry instance at 0x1132695f0>] The file is "/Volumes/athena/bradwr/HR-series/q5.00/D10_q5.00_a-0.69273917_0.00_m200/D10_q5.00_a-0.69273917_0.00_m200.par". This entry's metadata file is valid.
  112	[Log for <nrutils.core.nrsc.scentry instance at 0x113a0c320>] The file is "/Volumes/athena/bradwr/HR-series/q5.00/D10_q5.00_a-0.69273917_0.00_m240/D10_q5.00_a-0.69273917_0.00_m240.par". This entry's metadata file is valid.
  113	[Log for <nrutils.core.nrsc.scentry instance at 0x113a0c0e0>] The file is "/Volumes/athena/bradwr/HR-series/q5.00/D10_q5.00_a-0.69273917_0.00_m280/D10_q5.00_a-0.69273917_0.00_m280.par". This entry's metadata file is valid.
  114	[Log for <nrutils.core.nrsc.scentry instance at 0x113a0ce60>] The file is "/Volumes/athena/bradwr/HR-series/q5.00/D10_q5.00_a-0.69274619_0.00_m240/D10_q5.00_a-0.69274619_0.00_m240.par". This entry's metadata file is valid.
  115	[Log for <nrutils.core.nrsc.scentry instance at 0x113a0c1b8>] The file is "/Volumes/athena/bradwr/HR-series/q5.00/D10_q5.00_a-0.69_0.00_m240/D10_q5.00_a-0.69_0.00_m240.par". This entry's metadata file is valid.
  116	[Log for <nrutils.core.nrsc.scentry instance at 0x10fea6a70>] The file is "/Volumes/athena/bradwr/HR-series/q5.00/D10_q5.00_a-0.71_0.00_m240/D10_q5.00_a-0.71_0.00_m240.par". This entry's metadata file is valid.
  117	[Log for <nrutils.core.nrsc.scentry instance at 0x10fea6878>] The file is "/Volumes/athena/bradwr/HR-series/q5.00/D10_q5.00_a-0.72_0.00_m240/D10_q5.00_a-0.72_0.00_m240.par". This entry's metadata file is valid.
  118	[Log for <nrutils.core.nrsc.scentry instance at 0x10feaaea8>] The file is "/Volumes/athena/bradwr/HR-series/q5.00/D10_q5.00_a-0.73_0.00_m240/D10_q5.00_a-0.73_0.00_m240.par". This entry's metadata file is valid.
  119	[Log for <nrutils.core.nrsc.scentry instance at 0x10feaa3b0>] The file is "/Volumes/athena/bradwr/HR-series/q5.00/D10_q5.00_a0.0_0.0_m240/D10_q5.00_a0.0_0.0_m240.par". This entry's metadata file is valid.
  120	[Log for <nrutils.core.nrsc.scentry instance at 0x1134caef0>] The file is "/Volumes/athena/bradwr/HR-series/q5.00/D10_q5.00_a0.2_0.0_m240/D10_q5.00_a0.2_0.0_m240.par". This entry's metadata file is valid.
  121	[Log for <nrutils.core.nrsc.scentry instance at 0x1134ca8c0>] The file is "/Volumes/athena/bradwr/HR-series/q5.00/D10_q5.00_a0.4_0.0_m240/D10_q5.00_a0.4_0.0_m240.par". This entry's metadata file is valid.
  122	[Log for <nrutils.core.nrsc.scentry instance at 0x112bc48c0>] The file is "/Volumes/athena/bradwr/HR-series/q5.00/D10_q5.00_a0.6_0.0_m240/D10_q5.00_a0.6_0.0_m240.par". This entry's metadata file is valid.
  123	[Log for <nrutils.core.nrsc.scentry instance at 0x112bc4710>] The file is "/Volumes/athena/bradwr/HR-series/q6.00/D10_q6.00_a0.00_0.00_m280/D10_q6.00_a0.00_0.00_m280.par". This entry's metadata file is valid.
  124	[Log for <nrutils.core.nrsc.scentry instance at 0x10fe93098>] The file is "/Volumes/athena/bradwr/HR-series/q6.00/D10_q6.00_a0.0_CHgEEB_m200/D10_q6.00_a0.0_CHgEEB_m200.par". This entry's metadata file is valid.
  125	[Log for <nrutils.core.nrsc.scentry instance at 0x11128e8c0>] The file is "/Volumes/athena/bradwr/HR-series/q6.00/D10_q6.00_a0.20_0.00_m200/D10_q6.00_a0.20_0.00_m200.par". This entry's metadata file is valid.
  126	[Log for <nrutils.core.nrsc.scentry instance at 0x11128ea28>] The file is "/Volumes/athena/bradwr/HR-series/q6.00/D10_q6.00_a0.20_0.00_m240/D10_q6.00_a0.20_0.00_m240.par". This entry's metadata file is valid.
  127	[Log for <nrutils.core.nrsc.scentry instance at 0x113c8b5a8>] The file is "/Volumes/athena/bradwr/HR-series/q6.00/D10_q6.00_a0.20_0.00_m280/D10_q6.00_a0.20_0.00_m280.par". This entry's metadata file is valid.
  128	[Log for <nrutils.core.nrsc.scentry instance at 0x113c8ba70>] The file is "/Volumes/athena/bradwr/HR-series/q6.00/D10_q6.00_a0.40_0.00_m280/D10_q6.00_a0.40_0.00_m280.par". This entry's metadata file is valid.
  129	[Log for <nrutils.core.nrsc.scentry instance at 0x10fd917e8>] The file is "/Volumes/athena/bradwr/HR-series/q6.00/D10_q6.00_a0.60_0.00_m280/D10_q6.00_a0.60_0.00_m280.par". This entry's metadata file is valid.
  130	[Log for <nrutils.core.nrsc.scentry instance at 0x1141dbc20>] The file is "/Volumes/athena/bradwr/HR-series/q6.00/D11_q6.0_-0.4_0.0_m280/D11_q6.0_-0.4_0.0_m280-1.par". This entry's metadta file is invalid.
  131	[Log for <nrutils.core.nrsc.scentry instance at 0x112bc4998>] The file is "/Volumes/athena/bradwr/HR-series/q6.00/D11_q6.0_-0.4_0.0_m280/D11_q6.0_-0.4_0.0_m280-10.par". This entry's metadta file is invalid.
  132	[Log for <nrutils.core.nrsc.scentry instance at 0x112bc4998>] The file is "/Volumes/athena/bradwr/HR-series/q6.00/D11_q6.0_-0.4_0.0_m280/D11_q6.0_-0.4_0.0_m280-11.par". This entry's metadta file is invalid.
  133	[Log for <nrutils.core.nrsc.scentry instance at 0x113c8b2d8>] The file is "/Volumes/athena/bradwr/HR-series/q6.00/D11_q6.0_-0.4_0.0_m280/D11_q6.0_-0.4_0.0_m280-2.par". This entry's metadta file is invalid.
  134	[Log for <nrutils.core.nrsc.scentry instance at 0x113c8b2d8>] The file is "/Volumes/athena/bradwr/HR-series/q6.00/D11_q6.0_-0.4_0.0_m280/D11_q6.0_-0.4_0.0_m280-3.par". This entry's metadta file is invalid.
  135	[Log for <nrutils.core.nrsc.scentry instance at 0x113c8b2d8>] The file is "/Volumes/athena/bradwr/HR-series/q6.00/D11_q6.0_-0.4_0.0_m280/D11_q6.0_-0.4_0.0_m280-4.par". This entry's metadta file is invalid.
  136	[Log for <nrutils.core.nrsc.scentry instance at 0x113c8b2d8>] The file is "/Volumes/athena/bradwr/HR-series/q6.00/D11_q6.0_-0.4_0.0_m280/D11_q6.0_-0.4_0.0_m280-5.par". This entry's metadta file is invalid.
  137	[Log for <nrutils.core.nrsc.scentry instance at 0x113c8b2d8>] The file is "/Volumes/athena/bradwr/HR-series/q6.00/D11_q6.0_-0.4_0.0_m280/D11_q6.0_-0.4_0.0_m280-6.par". This entry's metadta file is invalid.
  138	[Log for <nrutils.core.nrsc.scentry instance at 0x113c8b2d8>] The file is "/Volumes/athena/bradwr/HR-series/q6.00/D11_q6.0_-0.4_0.0_m280/D11_q6.0_-0.4_0.0_m280-7.par". This entry's metadta file is invalid.
  139	[Log for <nrutils.core.nrsc.scentry instance at 0x113c8b2d8>] The file is "/Volumes/athena/bradwr/HR-series/q6.00/D11_q6.0_-0.4_0.0_m280/D11_q6.0_-0.4_0.0_m280-8.par". This entry's metadta file is invalid.
  140	[Log for <nrutils.core.nrsc.scentry instance at 0x113c8b2d8>] The file is "/Volumes/athena/bradwr/HR-series/q6.00/D11_q6.0_-0.4_0.0_m280/D11_q6.0_-0.4_0.0_m280-9.par". This entry's metadta file is invalid.
  141	[Log for <nrutils.core.nrsc.scentry instance at 0x113c8b2d8>] The file is "/Volumes/athena/bradwr/HR-series/q6.00/D11_q6.0_-0.4_0.0_m280/D11_q6.0_-0.4_0.0_m280-1/D10_q6.0_-0.4_0.0_m240-1.par". This entry's metadta file is invalid.
  142	[Log for <nrutils.core.nrsc.scentry instance at 0x113c8b2d8>] The file is "/Volumes/athena/bradwr/HR-series/q7/D10_q7.00_a0.00_0.00_m320/D10_q7.00_a0.00_0.00_m320.par". This entry's metadata file is valid.
  143	[Log for <nrutils.core.nrsc.scentry instance at 0x1101c38c0>] The file is "/Volumes/athena/bradwr/HR-series/q7/D10_q7.00_a0.0_m320/D10_q7.00_a0.0_m320.par". This entry's metadata file is valid.
  144	[Log for <nrutils.core.nrsc.scentry instance at 0x10ffc8680>] The file is "/Volumes/athena/bradwr/HR-series/q7/D10_q7.00_a0.20_0.00_m320/D10_q7.00_a0.20_0.00_m320.par". This entry's metadata file is valid.
  145	[Log for <nrutils.core.nrsc.scentry instance at 0x1101c7098>] The file is "/Volumes/athena/bradwr/HR-series/q7/D10_q7.00_a0.40_0.00_m320/D10_q7.00_a0.40_0.00_m320.par". This entry's metadata file is valid.
  146	[Log for <nrutils.core.nrsc.scentry instance at 0x1101c7f80>] The file is "/Volumes/athena/bradwr/HRq-series/D9_q1.0_a0.0_m160/D9_q1.0_a0.0_m160.par". This entry's metadata file is valid.
  147	[Log for <nrutils.core.nrsc.scentry instance at 0x1134c0368>] The file is "/Volumes/athena/bradwr/HRq-series/D9_q1.1_a0.0_m160/D9_q1.1_a0.0_m160.par". This entry's metadata file is valid.
  148	[Log for <nrutils.core.nrsc.scentry instance at 0x113b68a70>] The file is "/Volumes/athena/bradwr/HRq-series/D9_q1.2_a0.0_m160/D9_q1.2_a0.0_m160.par". This entry's metadata file is valid.
  149	[Log for <nrutils.core.nrsc.scentry instance at 0x113b68ef0>] The file is "/Volumes/athena/bradwr/HRq-series/D9_q1.3_a0.0_m160/D9_q1.3_a0.0_m160.par". This entry's metadata file is valid.
  150	[Log for <nrutils.core.nrsc.scentry instance at 0x113b68758>] The file is "/Volumes/athena/bradwr/HRq-series/D9_q1.4_a0.0_m160/D9_q1.4_a0.0_m160.par". This entry's metadata file is valid.
  151	[Log for <nrutils.core.nrsc.scentry instance at 0x113b68998>] The file is "/Volumes/athena/bradwr/HRq-series/D9_q1.5_a0.0_m160/D9_q1.5_a0.0_m160.par". This entry's metadata file is valid.
  152	[Log for <nrutils.core.nrsc.scentry instance at 0x1137c9ab8>] The file is "/Volumes/athena/bradwr/HRq-series/D9_q1.6_a0.0_m160/D9_q1.6_a0.0_m160.par". This entry's metadata file is valid.
  153	[Log for <nrutils.core.nrsc.scentry instance at 0x1139801b8>] The file is "/Volumes/athena/bradwr/HRq-series/D9_q1.7_a0.0_m160/D9_q1.7_a0.0_m160.par". This entry's metadata file is valid.
  154	[Log for <nrutils.core.nrsc.scentry instance at 0x113980dd0>] The file is "/Volumes/athena/bradwr/HRq-series/D9_q1.8_a0.0_m160/D9_q1.8_a0.0_m160.par". This entry's metadata file is valid.
  155	[Log for <nrutils.core.nrsc.scentry instance at 0x10fe47ab8>] The file is "/Volumes/athena/bradwr/HRq-series/D9_q1.9_a0.0_m160/D9_q1.9_a0.0_m160.par". This entry's metadata file is valid.
  156	[Log for <nrutils.core.nrsc.scentry instance at 0x10fe47098>] The file is "/Volumes/athena/bradwr/HRq-series/D9_q2.0_a0.0_m160/D9_q2.0_a0.0_m160.par". This entry's metadata file is valid.
  157	[Log for <nrutils.core.nrsc.scentry instance at 0x113260ea8>] The file is "/Volumes/athena/bradwr/HRq-series/D9_q2.1_a0.0_m160/D9_q2.1_a0.0_m160.par". This entry's metadata file is valid.
  158	[Log for <nrutils.core.nrsc.scentry instance at 0x1135864d0>] The file is "/Volumes/athena/bradwr/HRq-series/D9_q2.2_a0.0_m160/D9_q2.2_a0.0_m160.par". This entry's metadata file is valid.
  159	[Log for <nrutils.core.nrsc.scentry instance at 0x1135861b8>] The file is "/Volumes/athena/bradwr/HRq-series/D9_q2.3_a0.0_m160/D9_q2.3_a0.0_m160.par". This entry's metadata file is valid.
  160	[Log for <nrutils.core.nrsc.scentry instance at 0x10fd88ab8>] The file is "/Volumes/athena/bradwr/HRq-series/D9_q2.4_a0.0_m160/D9_q2.4_a0.0_m160.par". This entry's metadata file is valid.
  161	[Log for <nrutils.core.nrsc.scentry instance at 0x113c58248>] The file is "/Volumes/athena/bradwr/HRq-series/D9_q2.5_a0.0_m160/D9_q2.5_a0.0_m160.par". This entry's metadata file is valid.
  162	[Log for <nrutils.core.nrsc.scentry instance at 0x113c58998>] The file is "/Volumes/athena/bradwr/HRq-series/D9_q2.6_a0.0_m160/D9_q2.6_a0.0_m160.par". This entry's metadata file is valid.
  163	[Log for <nrutils.core.nrsc.scentry instance at 0x114bbbe18>] The file is "/Volumes/athena/bradwr/HRq-series/D9_q2.7_a0.0_m160/D9_q2.7_a0.0_m160.par". This entry's metadata file is valid.
  164	[Log for <nrutils.core.nrsc.scentry instance at 0x114bbb830>] The file is "/Volumes/athena/bradwr/HRq-series/D9_q2.8_a0.0_m160/D9_q2.8_a0.0_m160.par". This entry's metadata file is valid.
  165	[Log for <nrutils.core.nrsc.scentry instance at 0x10feafb48>] The file is "/Volumes/athena/bradwr/HRq-series/D9_q2.9_a0.0_m160/D9_q2.9_a0.0_m160.par". This entry's metadata file is valid.
  166	[Log for <nrutils.core.nrsc.scentry instance at 0x10ff0bcf8>] The file is "/Volumes/athena/bradwr/HRq-series/D9_q3.0_a0.0_m160/D9_q3.0_a0.0_m160.par". This entry's metadata file is valid.
  167	[Log for <nrutils.core.nrsc.scentry instance at 0x10ff0b5f0>] The file is "/Volumes/athena/bradwr/HRq-series/D9_q3.1_a0.0_m160/D9_q3.1_a0.0_m160.par". This entry's metadata file is valid.
  168	[Log for <nrutils.core.nrsc.scentry instance at 0x113250290>] The file is "/Volumes/athena/bradwr/HRq-series/D9_q3.2_a0.0_m160/D9_q3.2_a0.0_m160.par". This entry's metadata file is valid.
  169	[Log for <nrutils.core.nrsc.scentry instance at 0x113250a70>] The file is "/Volumes/athena/bradwr/HRq-series/D9_q3.3_a0.0_m160/D9_q3.3_a0.0_m160.par". This entry's metadata file is valid.
  170	[Log for <nrutils.core.nrsc.scentry instance at 0x113572098>] The file is "/Volumes/athena/bradwr/HRq-series/D9_q3.4_a0.0_m160/D9_q3.4_a0.0_m160.par". This entry's metadata file is valid.
  171	[Log for <nrutils.core.nrsc.scentry instance at 0x113572950>] The file is "/Volumes/athena/bradwr/HRq-series/D9_q3.5_a0.0_m160/D9_q3.5_a0.0_m160.par". This entry's metadata file is valid.
  172	[Log for <nrutils.core.nrsc.scentry instance at 0x1110a1248>] The file is "/Volumes/athena/bradwr/HRq-series/D9_q3.6_a0.0_m160/D9_q3.6_a0.0_m160.par". This entry's metadata file is valid.
  173	[Log for <nrutils.core.nrsc.scentry instance at 0x114ac8b48>] The file is "/Volumes/athena/bradwr/HRq-series/D9_q3.7_a0.0_m160/D9_q3.7_a0.0_m160.par". This entry's metadata file is valid.
  174	[Log for <nrutils.core.nrsc.scentry instance at 0x114ac8290>] The file is "/Volumes/athena/bradwr/HRq-series/D9_q3.8_a0.0_m160/D9_q3.8_a0.0_m160.par". This entry's metadata file is valid.
  175	[Log for <nrutils.core.nrsc.scentry instance at 0x1132abf38>] The file is "/Volumes/athena/bradwr/HRq-series/D9_q3.9_a0.0_m160/D9_q3.9_a0.0_m160.par". This entry's metadata file is valid.
  176	[Log for <nrutils.core.nrsc.scentry instance at 0x1132abe60>] The file is "/Volumes/athena/bradwr/HRq-series/D9_q4.0_a0.0_m160/D9_q4.0_a0.0_m160.par". This entry's metadata file is valid.
  177	[Log for <nrutils.core.nrsc.scentry instance at 0x113ca43f8>] The file is "/Volumes/athena/bradwr/HRq-series/D9_q4.1_a0.0_m160/D9_q4.1_a0.0_m160.par". This entry's metadata file is valid.
  178	[Log for <nrutils.core.nrsc.scentry instance at 0x113ca4cb0>] The file is "/Volumes/athena/bradwr/HRq-series/D9_q4.2_a0.0_m160/D9_q4.2_a0.0_m160.par". This entry's metadata file is valid.
  179	[Log for <nrutils.core.nrsc.scentry instance at 0x1129ee440>] The file is "/Volumes/athena/bradwr/HRq-series/D9_q4.3_a0.0_m160/D9_q4.3_a0.0_m160.par". This entry's metadata file is valid.
  180	[Log for <nrutils.core.nrsc.scentry instance at 0x11362a7a0>] The file is "/Volumes/athena/bradwr/HRq-series/D9_q4.4_a0.0_m160/D9_q4.4_a0.0_m160.par". This entry's metadata file is valid.
  181	[Log for <nrutils.core.nrsc.scentry instance at 0x11362ab00>] The file is "/Volumes/athena/bradwr/HRq-series/D9_q4.5_a0.0_m160/D9_q4.5_a0.0_m160.par". This entry's metadata file is valid.
  182	[Log for <nrutils.core.nrsc.scentry instance at 0x1101c8fc8>] The file is "/Volumes/athena/bradwr/HRq-series/q3CFL/D9_q3.0_a0.0_CFL125_m100/D9_q3.0_a0.0_CFL125_m100.par". This entry's metadata file is valid.
  183	[Log for <nrutils.core.nrsc.scentry instance at 0x1101c82d8>] The file is "/Volumes/athena/bradwr/HRq-series/q3CFL/D9_q3.0_a0.0_CFL25_m100/D9_q3.0_a0.0_CFL25_m100.par". This entry's metadata file is valid.
  184	[Log for <nrutils.core.nrsc.scentry instance at 0x10fd86368>] The file is "/Volumes/athena/bradwr/HRq-series/q3CFL/D9_q3.0_a0.0_CFL25_m120/D9_q3.0_a0.0_CFL25_m120.par". This entry's metadata file is valid.
  185	[Log for <nrutils.core.nrsc.scentry instance at 0x113bb1ea8>] The file is "/Volumes/athena/bradwr/HRq-series/q3CFL/D9_q3.0_a0.0_CFL25_m140/D9_q3.0_a0.0_CFL25_m140.par". This entry's metadata file is valid.
  186	[Log for <nrutils.core.nrsc.scentry instance at 0x113bb11b8>] The file is "/Volumes/athena/bradwr/HRq-series/q3CFL/D9_q3.0_a0.0_CFL25_m160/D9_q3.0_a0.0_CFL25_m160.par". This entry's metadata file is valid.
  187	[Log for <nrutils.core.nrsc.scentry instance at 0x1131fd710>] The file is "/Volumes/athena/bradwr/HRq-series/q3CFL/D9_q3.0_a0.0_m100/D9_q3.0_a0.0_m100.par". This entry's metadata file is valid.
  188	[Log for <nrutils.core.nrsc.scentry instance at 0x1131fd290>] The file is "/Volumes/athena/bradwr/HRq-series/q3CFL/D9_q3.0_a0.0_m120/D9_q3.0_a0.0_m120.par". This entry's metadata file is valid.
  189	[Log for <nrutils.core.nrsc.scentry instance at 0x11126b4d0>] The file is "/Volumes/athena/bradwr/HRq-series/q3CFL/D9_q3.0_a0.0_m140/D9_q3.0_a0.0_m140.par". This entry's metadata file is valid.
  190	[Log for <nrutils.core.nrsc.scentry instance at 0x11393c290>] The file is "/Volumes/athena/bradwr/HRq-series/q3CFL/D9_q3.0_a0.0_m180/D9_q3.0_a0.0_m180.par". This entry's metadata file is valid.
  191	[Log for <nrutils.core.nrsc.scentry instance at 0x11393c830>] The file is "/Volumes/athena/bradwr/Sq-series/D6.2/q1.5/D6.2_q1.50_S0_m120/D6.2_q1.50_S0_m120.par". This entry's metadata file is valid.
  192	[Log for <nrutils.core.nrsc.scentry instance at 0x113c9e128>] The file is "/Volumes/athena/bradwr/Sq-series/D6.2/q2/Sq2_d6.2_a0.6_oth.000_rr_M140/Sq2_d6.2_a0.6_oth.000_rr_M140.par". This entry's metadata file is valid.
  193	[Log for <nrutils.core.nrsc.scentry instance at 0x113b8dfc8>] The file is "/Volumes/athena/bradwr/Sq-series/D6.2/q2/Sq2_d6.2_a0.6_oth.030_rr_M140/Sq2_d6.2_a0.6_oth.030_rr_M140.par". This entry's metadata file is valid.
  194	[Log for <nrutils.core.nrsc.scentry instance at 0x113b8d098>] The file is "/Volumes/athena/bradwr/Sq-series/D6.2/q2/Sq2_d6.2_a0.6_oth.090_rr_M140/Sq2_d6.2_a0.6_oth.090_rr_M140.par". This entry's metadata file is valid.
  195	[Log for <nrutils.core.nrsc.scentry instance at 0x1132e5290>] The file is "/Volumes/athena/bradwr/Sq-series/D6.2/q2/Sq2_d6.2_a0.6_oth.150_rr_M140/Sq2_d6.2_a0.6_oth.150_rr_M140.par". This entry's metadata file is valid.
  196	[Log for <nrutils.core.nrsc.scentry instance at 0x11356c638>] The file is "/Volumes/athena/bradwr/Sq-series/D6.2/q2/Sq2_d6.2_a0.6_oth.180_rr_M140/Sq2_d6.2_a0.6_oth.180_rr_M140.par". This entry's metadata file is valid.
  197	[Log for <nrutils.core.nrsc.scentry instance at 0x10fe94440>] The file is "/Volumes/athena/bradwr/Sq-series/D6.2/q2/Sq2_d6.2_a0.6_oth.270_rr_M140/Sq2_d6.2_a0.6_oth.270_rr_M140.par". This entry's metadata file is valid.
  198	[Log for <nrutils.core.nrsc.scentry instance at 0x1101c6560>] The file is "/Volumes/athena/bradwr/Sq-series/D6.2/q2.5/Sq_D6.2_q2.50_a0.6_th000_m140/Sq_D6.2_q2.50_a0.6_th000_m140.par". This entry's metadata file is valid.
  199	[Log for <nrutils.core.nrsc.scentry instance at 0x1101c6d40>] The file is "/Volumes/athena/bradwr/Sq-series/D6.2/q2.5/Sq_D6.2_q2.50_a0.6_th015_m140/Sq_D6.2_q2.50_a0.6_th015_m140.par". This entry's metadata file is valid.
  200	[Log for <nrutils.core.nrsc.scentry instance at 0x114172908>] The file is "/Volumes/athena/bradwr/Sq-series/D6.2/q2.5/Sq_D6.2_q2.50_a0.6_th030_m140/Sq_D6.2_q2.50_a0.6_th030_m140.par". This entry's metadata file is valid.
  201	[Log for <nrutils.core.nrsc.scentry instance at 0x114172128>] The file is "/Volumes/athena/bradwr/Sq-series/D6.2/q2.5/Sq_D6.2_q2.50_a0.6_th045_m140/Sq_D6.2_q2.50_a0.6_th045_m140.par". This entry's metadata file is valid.
  202	[Log for <nrutils.core.nrsc.scentry instance at 0x1141728c0>] The file is "/Volumes/athena/bradwr/Sq-series/D6.2/q2.5/Sq_D6.2_q2.50_a0.6_th060_m140/Sq_D6.2_q2.50_a0.6_th060_m140.par". This entry's metadata file is valid.
  203	[Log for <nrutils.core.nrsc.scentry instance at 0x1141d7cb0>] The file is "/Volumes/athena/bradwr/Sq-series/D6.2/q2.5/Sq_D6.2_q2.50_a0.6_th075_m140/Sq_D6.2_q2.50_a0.6_th075_m140.par". This entry's metadata file is valid.
  204	[Log for <nrutils.core.nrsc.scentry instance at 0x11392f5f0>] The file is "/Volumes/athena/bradwr/Sq-series/D6.2/q2.5/Sq_D6.2_q2.50_a0.6_th090_m140/Sq_D6.2_q2.50_a0.6_th090_m140.par". This entry's metadata file is valid.
  205	[Log for <nrutils.core.nrsc.scentry instance at 0x11392f2d8>] The file is "/Volumes/athena/bradwr/Sq-series/D6.2/q2.5/Sq_D6.2_q2.50_a0.6_th120_m140/Sq_D6.2_q2.50_a0.6_th120_m140.par". This entry's metadata file is valid.
  206	[Log for <nrutils.core.nrsc.scentry instance at 0x1137b3f80>] The file is "/Volumes/athena/bradwr/Sq-series/D6.2/q2.5/Sq_D6.2_q2.50_a0.6_th150_m140/Sq_D6.2_q2.50_a0.6_th150_m140.par". This entry's metadata file is valid.
  207	[Log for <nrutils.core.nrsc.scentry instance at 0x1137b3e60>] The file is "/Volumes/athena/bradwr/Sq-series/D6.2/q2.5/Sq_D6.2_q2.50_a0.6_th180_m140/Sq_D6.2_q2.50_a0.6_th180_m140.par". This entry's metadata file is valid.
  208	[Log for <nrutils.core.nrsc.scentry instance at 0x10ffa11b8>] The file is "/Volumes/athena/bradwr/Sq-series/D6.2/q2.5/Sq_D6.2_q2.50_a0.6_th210_m140/Sq_D6.2_q2.50_a0.6_th210_m140.par". This entry's metadata file is valid.
  209	[Log for <nrutils.core.nrsc.scentry instance at 0x1135845a8>] The file is "/Volumes/athena/bradwr/Sq-series/D6.2/q2.5/Sq_D6.2_q2.50_a0.6_th240_m140/Sq_D6.2_q2.50_a0.6_th240_m140.par". This entry's metadata file is valid.
  210	[Log for <nrutils.core.nrsc.scentry instance at 0x1135841b8>] The file is "/Volumes/athena/bradwr/Sq-series/D6.2/q2.5/Sq_D6.2_q2.50_a0.6_th270_m140/Sq_D6.2_q2.50_a0.6_th270_m140.par". This entry's metadata file is valid.
  211	[Log for <nrutils.core.nrsc.scentry instance at 0x10ffc5908>] The file is "/Volumes/athena/bradwr/Sq-series/D6.2/q2.5/Sq_D6.2_q2.50_a0.6_th300_m140/Sq_D6.2_q2.50_a0.6_th300_m140.par". This entry's metadata file is valid.
  212	[Log for <nrutils.core.nrsc.scentry instance at 0x11393a7e8>] The file is "/Volumes/athena/bradwr/Sq-series/D6.2/q2.5/Sq_D6.2_q2.50_a0.6_th315_m140/Sq_D6.2_q2.50_a0.6_th315_m140.par". This entry's metadata file is valid.
  213	[Log for <nrutils.core.nrsc.scentry instance at 0x11393ac20>] The file is "/Volumes/athena/bradwr/Sq-series/D6.2/q2.5/Sq_D6.2_q2.50_a0.6_th330_m140/Sq_D6.2_q2.50_a0.6_th330_m140.par". This entry's metadata file is valid.
  214	[Log for <nrutils.core.nrsc.scentry instance at 0x112e07050>] The file is "/Volumes/athena/bradwr/Sq-series/D6.2/q2.5/Sq_D6.2_q2.50_a0.6_th345_m140/Sq_D6.2_q2.50_a0.6_th345_m140.par". This entry's metadata file is valid.
  215	[Log for <nrutils.core.nrsc.scentry instance at 0x112e07518>] The file is "/Volumes/athena/bradwr/Sq-series/D6.2/q3.0/Sq_D6.2_q3.00_a0.6_th000_m140/Sq_D6.2_q3.00_a0.6_th000_m140.par". This entry's metadata file is valid.
  216	[Log for <nrutils.core.nrsc.scentry instance at 0x114c01ab8>] The file is "/Volumes/athena/bradwr/Sq-series/D6.2/q3.0/Sq_D6.2_q3.00_a0.6_th015_m140/Sq_D6.2_q3.00_a0.6_th015_m140.par". This entry's metadata file is valid.
  217	[Log for <nrutils.core.nrsc.scentry instance at 0x113c8e758>] The file is "/Volumes/athena/bradwr/Sq-series/D6.2/q3.0/Sq_D6.2_q3.00_a0.6_th030_m140/Sq_D6.2_q3.00_a0.6_th030_m140.par". This entry's metadata file is valid.
  218	[Log for <nrutils.core.nrsc.scentry instance at 0x113c8efc8>] The file is "/Volumes/athena/bradwr/Sq-series/D6.2/q3.0/Sq_D6.2_q3.00_a0.6_th045_m140/Sq_D6.2_q3.00_a0.6_th045_m140.par". This entry's metadata file is valid.
  219	[Log for <nrutils.core.nrsc.scentry instance at 0x10feb87a0>] The file is "/Volumes/athena/bradwr/Sq-series/D6.2/q3.0/Sq_D6.2_q3.00_a0.6_th060_m140/Sq_D6.2_q3.00_a0.6_th060_m140.par". This entry's metadata file is valid.
  220	[Log for <nrutils.core.nrsc.scentry instance at 0x10feb8488>] The file is "/Volumes/athena/bradwr/Sq-series/D6.2/q3.0/Sq_D6.2_q3.00_a0.6_th075_m140/Sq_D6.2_q3.00_a0.6_th075_m140.par". This entry's metadata file is valid.
  221	[Log for <nrutils.core.nrsc.scentry instance at 0x1101ce440>] The file is "/Volumes/athena/bradwr/Sq-series/D6.2/q3.0/Sq_D6.2_q3.00_a0.6_th090_m140/Sq_D6.2_q3.00_a0.6_th090_m140.par". This entry's metadata file is valid.
  222	[Log for <nrutils.core.nrsc.scentry instance at 0x10ffa6368>] The file is "/Volumes/athena/bradwr/Sq-series/D6.2/q3.0/Sq_D6.2_q3.00_a0.6_th120_m140/Sq_D6.2_q3.00_a0.6_th120_m140.par". This entry's metadata file is valid.
  223	[Log for <nrutils.core.nrsc.scentry instance at 0x10ffa68c0>] The file is "/Volumes/athena/bradwr/Sq-series/D6.2/q3.0/Sq_D6.2_q3.00_a0.6_th150_m140/Sq_D6.2_q3.00_a0.6_th150_m140.par". This entry's metadata file is valid.
  224	[Log for <nrutils.core.nrsc.scentry instance at 0x113b76e60>] The file is "/Volumes/athena/bradwr/Sq-series/D6.2/q3.0/Sq_D6.2_q3.00_a0.6_th180_m140/Sq_D6.2_q3.00_a0.6_th180_m140.par". This entry's metadata file is valid.
  225	[Log for <nrutils.core.nrsc.scentry instance at 0x10fe7e050>] The file is "/Volumes/athena/bradwr/Sq-series/D6.2/q3.0/Sq_D6.2_q3.00_a0.6_th210_m140/Sq_D6.2_q3.00_a0.6_th210_m140.par". This entry's metadata file is valid.
  226	[Log for <nrutils.core.nrsc.scentry instance at 0x10fe7e3f8>] The file is "/Volumes/athena/bradwr/Sq-series/D6.2/q3.0/Sq_D6.2_q3.00_a0.6_th240_m140/Sq_D6.2_q3.00_a0.6_th240_m140.par". This entry's metadata file is valid.
  227	[Log for <nrutils.core.nrsc.scentry instance at 0x11323bd88>] The file is "/Volumes/athena/bradwr/Sq-series/D6.2/q3.0/Sq_D6.2_q3.00_a0.6_th270_m140/Sq_D6.2_q3.00_a0.6_th270_m140.par". This entry's metadata file is valid.
  228	[Log for <nrutils.core.nrsc.scentry instance at 0x1131f4c20>] The file is "/Volumes/athena/bradwr/Sq-series/D6.2/q3.0/Sq_D6.2_q3.00_a0.6_th300_m140/Sq_D6.2_q3.00_a0.6_th300_m140.par". This entry's metadata file is valid.
  229	[Log for <nrutils.core.nrsc.scentry instance at 0x1131f4f80>] The file is "/Volumes/athena/bradwr/Sq-series/D6.2/q3.0/Sq_D6.2_q3.00_a0.6_th315_m140/Sq_D6.2_q3.00_a0.6_th315_m140.par". This entry's metadata file is valid.
  230	[Log for <nrutils.core.nrsc.scentry instance at 0x112bd4830>] The file is "/Volumes/athena/bradwr/Sq-series/D6.2/q3.0/Sq_D6.2_q3.00_a0.6_th330_m140/Sq_D6.2_q3.00_a0.6_th330_m140.par". This entry's metadata file is valid.
  231	[Log for <nrutils.core.nrsc.scentry instance at 0x112bd48c0>] The file is "/Volumes/athena/bradwr/Sq-series/D6.2/q3.0/Sq_D6.2_q3.00_a0.6_th345_m140/Sq_D6.2_q3.00_a0.6_th345_m140.par". This entry's metadata file is valid.
  232	[Log for <nrutils.core.nrsc.scentry instance at 0x10fe83c68>] The file is "/Volumes/athena/bradwr/Sq-series/D6.2/q4/Sq4_d6.2_a0.6_oth.000_rr_M140/Sq4_d6.2_a0.6_oth.000_rr_M140.par". This entry's metadata file is valid.
  233	[Log for <nrutils.core.nrsc.scentry instance at 0x113b86f80>] The file is "/Volumes/athena/bradwr/Sq-series/D6.2/q4/Sq4_d6.2_a0.6_oth.030_rr_M140/Sq4_d6.2_a0.6_oth.030_rr_M140.par". This entry's metadata file is valid.
  234	[Log for <nrutils.core.nrsc.scentry instance at 0x113b86518>] The file is "/Volumes/athena/bradwr/Sq-series/D6.2/q4/Sq4_d6.2_a0.6_oth.090_rr_M140/Sq4_d6.2_a0.6_oth.090_rr_M140.par". This entry's metadata file is valid.
  235	[Log for <nrutils.core.nrsc.scentry instance at 0x113b865f0>] The file is "/Volumes/athena/bradwr/Sq-series/D6.2/q4/Sq4_d6.2_a0.6_oth.150_rr_M140/Sq4_d6.2_a0.6_oth.150_rr_M140.par". This entry's metadata file is valid.
  236	[Log for <nrutils.core.nrsc.scentry instance at 0x10fec38c0>] The file is "/Volumes/athena/bradwr/Sq-series/D6.2/q4/Sq4_d6.2_a0.6_oth.180_rr_M140/Sq4_d6.2_a0.6_oth.180_rr_M140.par". This entry's metadata file is valid.
  237	[Log for <nrutils.core.nrsc.scentry instance at 0x113be9128>] The file is "/Volumes/athena/bradwr/Sq-series/D6.2/q4/Sq4_d6.2_a0.6_oth.270_rr_M140/Sq4_d6.2_a0.6_oth.270_rr_M140.par". This entry's metadata file is valid.
  238	[Log for <nrutils.core.nrsc.scentry instance at 0x112bb8710>] The file is "/Volumes/athena/bradwr/Sq-series/D9/q2.5/Sq_D9.0_q2.50_a0.6_th000_m140/Sq_D9.0_q2.50_a0.6_th000_m140.par". This entry's metadata file is valid.
  239	[Log for <nrutils.core.nrsc.scentry instance at 0x112bb8170>] The file is "/Volumes/athena/bradwr/Sq-series/D9/q2.5/Sq_D9.0_q2.50_a0.6_th030_m140/Sq_D9.0_q2.50_a0.6_th030_m140.par". This entry's metadata file is valid.
  240	[Log for <nrutils.core.nrsc.scentry instance at 0x112bb8368>] The file is "/Volumes/athena/bradwr/Sq-series/D9/q2.5/Sq_D9.0_q2.50_a0.6_th045_m140/Sq_D9.0_q2.50_a0.6_th045_m140.par". This entry's metadata file is valid.
  241	[Log for <nrutils.core.nrsc.scentry instance at 0x11416c248>] The file is "/Volumes/athena/bradwr/Sq-series/D9/q2.5/Sq_D9.0_q2.50_a0.6_th060_m140/Sq_D9.0_q2.50_a0.6_th060_m140.par". This entry's metadata file is valid.
  242	[Log for <nrutils.core.nrsc.scentry instance at 0x11416c320>] The file is "/Volumes/athena/bradwr/Sq-series/D9/q2.5/Sq_D9.0_q2.50_a0.6_th090_m140/Sq_D9.0_q2.50_a0.6_th090_m140.par". This entry's metadata file is valid.
  243	[Log for <nrutils.core.nrsc.scentry instance at 0x11416c680>] The file is "/Volumes/athena/bradwr/Sq-series/D9/q4/Sq4_d9_a0.0_0.6_oth.090_rr_M140/Sq4_d9_a0.0_0.6_oth.090_rr_M140.par". This entry's metadata file is valid.
  244	[Log for <nrutils.core.nrsc.scentry instance at 0x10ffc6b00>] The file is "/Volumes/athena/bradwr/Sq-series/D9/q4/Sq4_d9_a0.6_oth.000_rr_M140/Sq4_d9_a0.6_oth.000_rr_M140.par". This entry's metadata file is valid.
  245	[Log for <nrutils.core.nrsc.scentry instance at 0x113245cb0>] The file is "/Volumes/athena/bradwr/Sq-series/D9/q4/Sq4_d9_a0.6_oth.090_rr_M140/Sq4_d9_a0.6_oth.090_rr_M140.par". This entry's metadata file is valid.
  246	[Log for <nrutils.core.nrsc.scentry instance at 0x114b35a70>] The file is "/Volumes/athena/bradwr/Sq-series/D9/q4/Sq4_d9_a0.6_oth.150_rr_M140/Sq4_d9_a0.6_oth.150_rr_M140.par". This entry's metadata file is valid.
  247	[Log for <nrutils.core.nrsc.scentry instance at 0x114178710>] The file is "/Volumes/athena/bradwr/Sq-series/D9/q4/Sq4_d9_a0.6_oth.180_rr_M140/Sq4_d9_a0.6_oth.180_rr_M140.par". This entry's metadata file is valid.
  248	[Log for <nrutils.core.nrsc.scentry instance at 0x114178368>] The file is "/Volumes/athena/bradwr/Sq-series/D9/q4/Sq4_d9_a0.6_oth.210_rr_M140/Sq4_d9_a0.6_oth.210_rr_M140.par". This entry's metadata file is valid.
  249	[Log for <nrutils.core.nrsc.scentry instance at 0x112df6fc8>] The file is "/Volumes/athena/bradwr/Sq-series/D9/q4/Sq4_d9_a0.6_oth.270_rr_M100/Sq4_d9_a0.6_oth.270_rr_M100.par". This entry's metadata file is valid.
  250	[Log for <nrutils.core.nrsc.scentry instance at 0x112df6680>] The file is "/Volumes/athena/bradwr/Sq-series/D9/q4/Sq4_d9_a0.6_oth.270_rr_M120/Sq4_d9_a0.6_oth.270_rr_M120.par". This entry's metadata file is valid.
  251	[Log for <nrutils.core.nrsc.scentry instance at 0x10fe85170>] The file is "/Volumes/athena/bradwr/Sq-series/D9/q4/Sq4_d9_a0.6_oth.270_rr_M140/Sq4_d9_a0.6_oth.270_rr_M140.par". This entry's metadata file is valid.
  252	[Log for <nrutils.core.nrsc.scentry instance at 0x10fe85c68>] The file is "/Volumes/athena/bradwr/Sq-series/D9/q4/Sq4_d9_a0.6_oth.270_rr_M160/Sq4_d9_a0.6_oth.270_rr_M160.par". This entry's metadata file is valid.
  253	[Log for <nrutils.core.nrsc.scentry instance at 0x113c7ed88>] The file is "/Volumes/athena/bradwr/Sq-series/D9/q4/Sq4_d9_a0.6_oth.270_rr_M180/Sq4_d9_a0.6_oth.270_rr_M180.par". This entry's metadata file is valid.
  254	[Log for <nrutils.core.nrsc.scentry instance at 0x11349f830>] The file is "/Volumes/athena/bradwr/SS-series/EK/EK_D6.2_a0.6_th000_M77/EK_D6.2_a0.6_th000_M77.par". This entry's metadata file is valid.
  255	[Log for <nrutils.core.nrsc.scentry instance at 0x11349f248>] The file is "/Volumes/athena/bradwr/SS-series/EK/EK_D6.2_a0.6_th030_M77/EK_D6.2_a0.6_th030_M77.par". This entry's metadata file is valid.
  256	[Log for <nrutils.core.nrsc.scentry instance at 0x113cc0f80>] The file is "/Volumes/athena/bradwr/SS-series/EK/EK_D6.2_a0.6_th045_M77/EK_D6.2_a0.6_th045_M77.par". This entry's metadata file is valid.
  257	[Log for <nrutils.core.nrsc.scentry instance at 0x113cc09e0>] The file is "/Volumes/athena/bradwr/SS-series/EK/EK_D6.2_a0.6_th060_M77/EK_D6.2_a0.6_th060_M77.par". This entry's metadata file is valid.
  258	[Log for <nrutils.core.nrsc.scentry instance at 0x1129e5950>] The file is "/Volumes/athena/bradwr/SS-series/EK/EK_D6.2_a0.6_th090_M77/EK_D6.2_a0.6_th090_M77.par". This entry's metadata file is valid.
  259	[Log for <nrutils.core.nrsc.scentry instance at 0x1129e5998>] The file is "/Volumes/athena/bradwr/SS-series/EK/EK_D6.2_a0.6_th120_M77/EK_D6.2_a0.6_th120_M77.par". This entry's metadata file is valid.
  260	[Log for <nrutils.core.nrsc.scentry instance at 0x114b4a440>] The file is "/Volumes/athena/bradwr/SS-series/EK/EK_D6.2_a0.6_th150_M77/EK_D6.2_a0.6_th150_M77.par". This entry's metadata file is valid.
  261	[Log for <nrutils.core.nrsc.scentry instance at 0x114193368>] The file is "/Volumes/athena/bradwr/SS-series/EK/EK_D6.2_a0.6_th180_M77/EK_D6.2_a0.6_th180_M77.par". This entry's metadata file is valid.
  262	[Log for <nrutils.core.nrsc.scentry instance at 0x114193200>] The file is "/Volumes/athena/bradwr/SS-series/EK/EK_D6.2_a0.6_th210_M77/EK_D6.2_a0.6_th210_M77.par". This entry's metadata file is valid.
  263	[Log for <nrutils.core.nrsc.scentry instance at 0x113d6a290>] The file is "/Volumes/athena/bradwr/SS-series/EK/EK_D6.2_a0.6_th240_M77/EK_D6.2_a0.6_th240_M77.par". This entry's metadata file is valid.
  264	[Log for <nrutils.core.nrsc.scentry instance at 0x113d6a050>] The file is "/Volumes/athena/bradwr/SS-series/EK/EK_D6.2_a0.6_th270_M77/EK_D6.2_a0.6_th270_M77.par". This entry's metadata file is valid.
  265	[Log for <nrutils.core.nrsc.scentry instance at 0x113217518>] The file is "/Volumes/athena/bradwr/SS-series/EK/EK_D6.2_a0.6_th300_M77/EK_D6.2_a0.6_th300_M77.par". This entry's metadata file is valid.
  266	[Log for <nrutils.core.nrsc.scentry instance at 0x112bbe200>] The file is "/Volumes/athena/bradwr/SS-series/EK/EK_D6.2_a0.6_th330_M77/EK_D6.2_a0.6_th330_M77.par". This entry's metadata file is valid.
  267	[Log for <nrutils.core.nrsc.scentry instance at 0x112bbee18>] The file is "/Volumes/athena/bradwr/SS-series/EKspin/EK_D6.2_a0.6_th000_spins_M77/EK_D6.2_a0.6_th000_spins_M77.par". This entry's metadata file is valid.
  268	[Log for <nrutils.core.nrsc.scentry instance at 0x112bce320>] The file is "/Volumes/athena/bradwr/SS-series/EKspin/EK_D6.2_a0.6_th030_spins_M77/EK_D6.2_a0.6_th030_spins_M77.par". This entry's metadata file is valid.
  269	[Log for <nrutils.core.nrsc.scentry instance at 0x112bce200>] The file is "/Volumes/athena/bradwr/SS-series/EKspin/EK_D6.2_a0.6_th060_spins_M77/EK_D6.2_a0.6_th060_spins_M77.par". This entry's metadata file is valid.
  270	[Log for <nrutils.core.nrsc.scentry instance at 0x1137b93f8>] The file is "/Volumes/athena/bradwr/SS-series/EKspin/EK_D6.2_a0.6_th090_spins_M77/EK_D6.2_a0.6_th090_spins_M77.par". This entry's metadata file is valid.
  271	[Log for <nrutils.core.nrsc.scentry instance at 0x113216680>] The file is "/Volumes/athena/bradwr/SS-series/EKspin/EK_D6.2_a0.6_th120_spins_M77/EK_D6.2_a0.6_th120_spins_M77.par". This entry's metadata file is valid.
  272	[Log for <nrutils.core.nrsc.scentry instance at 0x113216ef0>] The file is "/Volumes/athena/bradwr/SS-series/EKspin/EK_D6.2_a0.6_th150_spins_M77/EK_D6.2_a0.6_th150_spins_M77.par". This entry's metadata file is valid.
  273	[Log for <nrutils.core.nrsc.scentry instance at 0x113212c68>] The file is "/Volumes/athena/bradwr/SS-series/LZ/LZ_D6.2_a0.6_th034_ph000_M77/LZ_D6.2_a0.6_th034_ph000_M77.par". This entry's metadata file is valid.
  274	[Log for <nrutils.core.nrsc.scentry instance at 0x113212488>] The file is "/Volumes/athena/bradwr/SS-series/LZ/LZ_D6.2_a0.6_th034_ph030_M77/LZ_D6.2_a0.6_th034_ph030_M77.par". This entry's metadata file is valid.
  275	[Log for <nrutils.core.nrsc.scentry instance at 0x10fe9d290>] The file is "/Volumes/athena/bradwr/SS-series/LZ/LZ_D6.2_a0.6_th034_ph045_M77/LZ_D6.2_a0.6_th034_ph045_M77.par". This entry's metadata file is valid.
  276	[Log for <nrutils.core.nrsc.scentry instance at 0x113936f80>] The file is "/Volumes/athena/bradwr/SS-series/LZ/LZ_D6.2_a0.6_th034_ph060_M77/LZ_D6.2_a0.6_th034_ph060_M77.par". This entry's metadata file is valid.
  277	[Log for <nrutils.core.nrsc.scentry instance at 0x113bc63b0>] The file is "/Volumes/athena/bradwr/SS-series/LZ/LZ_D6.2_a0.6_th034_ph090_M77/LZ_D6.2_a0.6_th034_ph090_M77.par". This entry's metadata file is valid.
  278	[Log for <nrutils.core.nrsc.scentry instance at 0x113bc66c8>] The file is "/Volumes/athena/bradwr/SS-series/LZ/LZ_D6.2_a0.6_th034_ph120_M77/LZ_D6.2_a0.6_th034_ph120_M77.par". This entry's metadata file is valid.
  279	[Log for <nrutils.core.nrsc.scentry instance at 0x1129f03b0>] The file is "/Volumes/athena/bradwr/SS-series/LZ/LZ_D6.2_a0.6_th034_ph150_M77/LZ_D6.2_a0.6_th034_ph150_M77.par". This entry's metadata file is valid.
  280	[Log for <nrutils.core.nrsc.scentry instance at 0x1129f0290>] The file is "/Volumes/athena/bradwr/SS-series/LZ/LZ_D6.2_a0.6_th034_ph180_M77/LZ_D6.2_a0.6_th034_ph180_M77.par". This entry's metadata file is valid.
  281	[Log for <nrutils.core.nrsc.scentry instance at 0x1137d0e60>] The file is "/Volumes/athena/bradwr/SS-series/LZ/LZ_D6.2_a0.6_th034_ph210_M77/LZ_D6.2_a0.6_th034_ph210_M77.par". This entry's metadata file is valid.
  282	[Log for <nrutils.core.nrsc.scentry instance at 0x112929908>] The file is "/Volumes/athena/bradwr/SS-series/LZ/LZ_D6.2_a0.6_th034_ph240_M77/LZ_D6.2_a0.6_th034_ph240_M77.par". This entry's metadata file is valid.
  283	[Log for <nrutils.core.nrsc.scentry instance at 0x112929e18>] The file is "/Volumes/athena/bradwr/SS-series/LZ/LZ_D6.2_a0.6_th034_ph270_M77/LZ_D6.2_a0.6_th034_ph270_M77.par". This entry's metadata file is valid.
  284	[Log for <nrutils.core.nrsc.scentry instance at 0x114bb1dd0>] The file is "/Volumes/athena/bradwr/SS-series/LZ/LZ_D6.2_a0.6_th034_ph300_M77/LZ_D6.2_a0.6_th034_ph300_M77.par". This entry's metadata file is valid.
  285	[Log for <nrutils.core.nrsc.scentry instance at 0x1129f9f38>] The file is "/Volumes/athena/bradwr/SS-series/LZ/LZ_D6.2_a0.6_th034_ph330_M77/LZ_D6.2_a0.6_th034_ph330_M77.par". This entry's metadata file is valid.
  286	[Log for <nrutils.core.nrsc.scentry instance at 0x1129f9f80>] The file is "/Volumes/athena/bradwr/SS-series/SS/SS_D6.2_a0.6_th000_M103/SS_D6.2_a0.6_th000_M103.par". This entry's metadata file is valid.
  287	[Log for <nrutils.core.nrsc.scentry instance at 0x113bb5b00>] The file is "/Volumes/athena/bradwr/SS-series/SS/SS_D6.2_a0.6_th015_M103/SS_D6.2_a0.6_th015_M103.par". This entry's metadata file is valid.
  288	[Log for <nrutils.core.nrsc.scentry instance at 0x113bb52d8>] The file is "/Volumes/athena/bradwr/SS-series/SS/SS_D6.2_a0.6_th030_M103/SS_D6.2_a0.6_th030_M103.par". This entry's metadata file is valid.
  289	[Log for <nrutils.core.nrsc.scentry instance at 0x114b11488>] The file is "/Volumes/athena/bradwr/SS-series/SS/SS_D6.2_a0.6_th045_M103/SS_D6.2_a0.6_th045_M103.par". This entry's metadata file is valid.
  290	[Log for <nrutils.core.nrsc.scentry instance at 0x114b11ab8>] The file is "/Volumes/athena/bradwr/SS-series/SS/SS_D6.2_a0.6_th060_M103/SS_D6.2_a0.6_th060_M103.par". This entry's metadata file is valid.
  291	[Log for <nrutils.core.nrsc.scentry instance at 0x113209f80>] The file is "/Volumes/athena/bradwr/SS-series/SS/SS_D6.2_a0.6_th075_M103/SS_D6.2_a0.6_th075_M103.par". This entry's metadata file is valid.
  292	[Log for <nrutils.core.nrsc.scentry instance at 0x113209998>] The file is "/Volumes/athena/bradwr/SS-series/SS/SS_D6.2_a0.6_th090_M103/SS_D6.2_a0.6_th090_M103.par". This entry's metadata file is valid.
  293	[Log for <nrutils.core.nrsc.scentry instance at 0x1129c3638>] The file is "/Volumes/athena/bradwr/SS-series/SS/SS_D6.2_a0.6_th105_M103/SS_D6.2_a0.6_th105_M103.par". This entry's metadata file is valid.
  294	[Log for <nrutils.core.nrsc.scentry instance at 0x113929320>] The file is "/Volumes/athena/bradwr/SS-series/SS/SS_D6.2_a0.6_th120_M103/SS_D6.2_a0.6_th120_M103.par". This entry's metadata file is valid.
  295	[Log for <nrutils.core.nrsc.scentry instance at 0x113929a70>] The file is "/Volumes/athena/bradwr/SS-series/SS/SS_D6.2_a0.6_th135_M103/SS_D6.2_a0.6_th135_M103.par". This entry's metadata file is valid.
  296	[Log for <nrutils.core.nrsc.scentry instance at 0x1132404d0>] The file is "/Volumes/athena/bradwr/SS-series/SS/SS_D6.2_a0.6_th150_M103/SS_D6.2_a0.6_th150_M103.par". This entry's metadata file is valid.
  297	[Log for <nrutils.core.nrsc.scentry instance at 0x113240a28>] The file is "/Volumes/athena/bradwr/SS-series/SS/SS_D6.2_a0.6_th165_M103/SS_D6.2_a0.6_th165_M103.par". This entry's metadata file is valid.
  298	[Log for <nrutils.core.nrsc.scentry instance at 0x11379dfc8>] The file is "/Volumes/athena/bradwr/SS-series/SS/SS_D6.2_a0.6_th180_M103/SS_D6.2_a0.6_th180_M103.par". This entry's metadata file is valid.
  299	[Log for <nrutils.core.nrsc.scentry instance at 0x1110b5dd0>] The file is "/Volumes/athena/bradwr/SS-series/SS/SS_D6.2_a0.6_th195_M103/SS_D6.2_a0.6_th195_M103.par". This entry's metadata file is valid.
  300	[Log for <nrutils.core.nrsc.scentry instance at 0x1110b5cb0>] The file is "/Volumes/athena/bradwr/SS-series/SS/SS_D6.2_a0.6_th210_M103/SS_D6.2_a0.6_th210_M103.par". This entry's metadata file is valid.
  301	[Log for <nrutils.core.nrsc.scentry instance at 0x112bb2f38>] The file is "/Volumes/athena/bradwr/SS-series/SS/SS_D6.2_a0.6_th225_M103/SS_D6.2_a0.6_th225_M103.par". This entry's metadata file is valid.
  302	[Log for <nrutils.core.nrsc.scentry instance at 0x112bb2b90>] The file is "/Volumes/athena/bradwr/SS-series/SS/SS_D6.2_a0.6_th240_M103/SS_D6.2_a0.6_th240_M103.par". This entry's metadata file is valid.
  303	[Log for <nrutils.core.nrsc.scentry instance at 0x10fecf1b8>] The file is "/Volumes/athena/bradwr/SS-series/SS/SS_D6.2_a0.6_th255_M103/SS_D6.2_a0.6_th255_M103.par". This entry's metadata file is valid.
  304	[Log for <nrutils.core.nrsc.scentry instance at 0x10fe8b1b8>] The file is "/Volumes/athena/bradwr/SS-series/SS/SS_D6.2_a0.6_th270_M103/SS_D6.2_a0.6_th270_M103.par". This entry's metadata file is valid.
  305	[Log for <nrutils.core.nrsc.scentry instance at 0x1129aaf80>] The file is "/Volumes/athena/bradwr/SS-series/SS/SS_D6.2_a0.6_th285_M103/SS_D6.2_a0.6_th285_M103.par". This entry's metadata file is valid.
  306	[Log for <nrutils.core.nrsc.scentry instance at 0x1129aa3f8>] The file is "/Volumes/athena/bradwr/SS-series/SS/SS_D6.2_a0.6_th300_M103/SS_D6.2_a0.6_th300_M103.par". This entry's metadata file is valid.
  307	[Log for <nrutils.core.nrsc.scentry instance at 0x112e0fd88>] The file is "/Volumes/athena/bradwr/SS-series/SS/SS_D6.2_a0.6_th315_M103/SS_D6.2_a0.6_th315_M103.par". This entry's metadata file is valid.
  308	[Log for <nrutils.core.nrsc.scentry instance at 0x112e0f518>] The file is "/Volumes/athena/bradwr/SS-series/SS/SS_D6.2_a0.6_th330_M103/SS_D6.2_a0.6_th330_M103.par". This entry's metadata file is valid.
  309	[Log for <nrutils.core.nrsc.scentry instance at 0x11393ec68>] The file is "/Volumes/athena/bradwr/SS-series/SS/SS_D6.2_a0.6_th345_M103/SS_D6.2_a0.6_th345_M103.par". This entry's metadata file is valid.
  310	[Log for <nrutils.core.nrsc.scentry instance at 0x114bd8170>] The file is "/Volumes/athena/bradwr/SS-series/SSaroundPhi/SSaP_D6.2_a0.6_th066_ph000_M77/SSaP_D6.2_a0.6_th066_ph000_M77.par". This entry's metadata file is valid.
  311	[Log for <nrutils.core.nrsc.scentry instance at 0x114bd8998>] The file is "/Volumes/athena/bradwr/SS-series/SSaroundPhi/SSaP_D6.2_a0.6_th066_ph030_M77/SSaP_D6.2_a0.6_th066_ph030_M77.par". This entry's metadata file is valid.
  312	[Log for <nrutils.core.nrsc.scentry instance at 0x113b59b90>] The file is "/Volumes/athena/bradwr/SS-series/SSaroundPhi/SSaP_D6.2_a0.6_th066_ph060_M77/SSaP_D6.2_a0.6_th066_ph060_M77.par". This entry's metadata file is valid.
  313	[Log for <nrutils.core.nrsc.scentry instance at 0x113b596c8>] The file is "/Volumes/athena/bradwr/SS-series/SSaroundPhi/SSaP_D6.2_a0.6_th066_ph090_M77/SSaP_D6.2_a0.6_th066_ph090_M77.par". This entry's metadata file is valid.
  314	[Log for <nrutils.core.nrsc.scentry instance at 0x113c5c710>] The file is "/Volumes/athena/bradwr/SS-series/SSaroundPhi/SSaP_D6.2_a0.6_th066_ph120_M77/SSaP_D6.2_a0.6_th066_ph120_M77.par". This entry's metadata file is valid.
  315	[Log for <nrutils.core.nrsc.scentry instance at 0x1110897a0>] The file is "/Volumes/athena/bradwr/SS-series/SSaroundPhi/SSaP_D6.2_a0.6_th066_ph150_M77/SSaP_D6.2_a0.6_th066_ph150_M77.par". This entry's metadata file is valid.
  316	[Log for <nrutils.core.nrsc.scentry instance at 0x111089d40>] The file is "/Volumes/athena/bradwr/SSq2-series/th_0_SSeq_D9_q2_m140/th_0_SSeq_D9_q2_m140.par". This entry's metadata file is valid. [FATALERROR] The metadata failed to be read. There may be an external formatting inconsistency. It is being marked as invalid with None. The system says: could not convert string to float: # ShiftTracker0.asc:
  317	[Log for <nrutils.core.nrsc.scentry instance at 0x111089d40>] The file is "/Volumes/athena/bradwr/SSq2-series/th_0_SSeq_D9_q2_m140/th_0_SSeq_D9_q2_m140/th_0_SSeq_D9_q2_m140.par". This entry's metadta file is invalid.
  318	[Log for <nrutils.core.nrsc.scentry instance at 0x111089d40>] The file is "/Volumes/athena/bradwr/SSq2-series/th_135_SSeq_D9_q2_m140/th_135_SSeq_D9_q2_m140.par". This entry's metadata file is valid. [FATALERROR] The metadata failed to be read. There may be an external formatting inconsistency. It is being marked as invalid with None. The system says: could not convert string to float: # ShiftTracker0.asc:
  319	[Log for <nrutils.core.nrsc.scentry instance at 0x111089d40>] The file is "/Volumes/athena/bradwr/SSq2-series/th_135_SSeq_D9_q2_m140/th_135_SSeq_D9_q2_m140/th_135_SSeq_D9_q2_m140.par". This entry's metadta file is invalid.
  320	[Log for <nrutils.core.nrsc.scentry instance at 0x111089d40>] The file is "/Volumes/athena/bradwr/SSq2-series/th_180_SSeq_D9_q2_m140/th_180_SSeq_D9_q2_m140.par". This entry's metadata file is valid. [FATALERROR] The metadata failed to be read. There may be an external formatting inconsistency. It is being marked as invalid with None. The system says: could not convert string to float: # ShiftTracker0.asc:
  321	[Log for <nrutils.core.nrsc.scentry instance at 0x111089d40>] The file is "/Volumes/athena/bradwr/SSq2-series/th_180_SSeq_D9_q2_m140/th_180_SSeq_D9_q2_m140/th_180_SSeq_D9_q2_m140.par". This entry's metadta file is invalid.
  322	[Log for <nrutils.core.nrsc.scentry instance at 0x111089d40>] The file is "/Volumes/athena/bradwr/SSq2-series/th_225_SSeq_D9_q2_m140/th_225_SSeq_D9_q2_m140.par". This entry's metadata file is valid. [FATALERROR] The metadata failed to be read. There may be an external formatting inconsistency. It is being marked as invalid with None. The system says: could not convert string to float: # ShiftTracker0.asc:
  323	[Log for <nrutils.core.nrsc.scentry instance at 0x111089d40>] The file is "/Volumes/athena/bradwr/SSq2-series/th_225_SSeq_D9_q2_m140/th_225_SSeq_D9_q2_m140/th_225_SSeq_D9_q2_m140.par". This entry's metadta file is invalid.
  324	[Log for <nrutils.core.nrsc.scentry instance at 0x111089d40>] The file is "/Volumes/athena/bradwr/SSq2-series/th_315_SSeq_D9_q2_m140/th_315_SSeq_D9_q2_m140.par". This entry's metadata file is valid. [FATALERROR] The metadata failed to be read. There may be an external formatting inconsistency. It is being marked as invalid with None. The system says: could not convert string to float: # ShiftTracker0.asc:
  325	[Log for <nrutils.core.nrsc.scentry instance at 0x111089d40>] The file is "/Volumes/athena/bradwr/SSq2-series/th_315_SSeq_D9_q2_m140/th_315_SSeq_D9_q2_m140/th_315_SSeq_D9_q2_m140.par". This entry's metadta file is invalid.
  326	[Log for <nrutils.core.nrsc.scentry instance at 0x111089d40>] The file is "/Volumes/athena/bradwr/SSq2-series/th_45_SSeq_D9_q2_m140/th_45_SSeq_D9_q2_m140.par". This entry's metadata file is valid. [FATALERROR] The metadata failed to be read. There may be an external formatting inconsistency. It is being marked as invalid with None. The system says: could not convert string to float: # ShiftTracker0.asc:
  327	[Log for <nrutils.core.nrsc.scentry instance at 0x111089d40>] The file is "/Volumes/athena/bradwr/SSq2-series/th_45_SSeq_D9_q2_m140/th_45_SSeq_D9_q2_m140/th_45_SSeq_D9_q2_m140.par". This entry's metadta file is invalid.
