    0	[Log for <nrutils.core.nrsc.scentry instance at 0x10963fe60>] The file is "/Users/book/MOUNT/tmp/mnt/hogshead/NR_data/ReducedData-hogshead/dirac-nr-followup/q1.2_dphi1dphi1/q1.2_dphi1dphi1.bbh". This entry's metadata file is valid.
    1	[Log for <nrutils.core.nrsc.scentry instance at 0x109636320>] The file is "/Users/book/MOUNT/tmp/mnt/hogshead/NR_data/ReducedData-hogshead/dirac-nr-followup/q1.2_dphi1dphi1/psi4modes.bbh". This entry's metadta file is invalid.
    2	[Log for <nrutils.core.nrsc.scentry instance at 0x109636320>] The file is "/Users/book/MOUNT/tmp/mnt/hogshead/NR_data/ReducedData-hogshead/dirac-nr-followup/q1.2_dphi1dphi1/q1.2_dphi1dphi1.raw.bbh". This entry's metadta file is invalid.
    3	[Log for <nrutils.core.nrsc.scentry instance at 0x109636320>] The file is "/Users/book/MOUNT/tmp/mnt/hogshead/NR_data/ReducedData-hogshead/dirac-nr-followup/q1.2_dc1dphi1/q1.2_dc1dphi1.raw.bbh". This entry's metadta file is invalid.
    4	[Log for <nrutils.core.nrsc.scentry instance at 0x109636320>] The file is "/Users/book/MOUNT/tmp/mnt/hogshead/NR_data/ReducedData-hogshead/dirac-nr-followup/q1.2_dc1dphi1/psi4modes.bbh". This entry's metadta file is invalid.
    5	[Log for <nrutils.core.nrsc.scentry instance at 0x109636320>] The file is "/Users/book/MOUNT/tmp/mnt/hogshead/NR_data/ReducedData-hogshead/dirac-nr-followup/q1.2_dc1dphi1/q1.2_dc1dphi1.bbh". This entry's metadata file is valid.
    6	[Log for <nrutils.core.nrsc.scentry instance at 0x106dcda28>] The file is "/Users/book/MOUNT/tmp/mnt/hogshead/NR_data/ReducedData-hogshead/dirac-nr-followup/q1.2_dqdc1/q1.2_dqdc1.raw.bbh". This entry's metadta file is invalid.
    7	[Log for <nrutils.core.nrsc.scentry instance at 0x106dcda28>] The file is "/Users/book/MOUNT/tmp/mnt/hogshead/NR_data/ReducedData-hogshead/dirac-nr-followup/q1.2_dqdc1/psi4modes.bbh". This entry's metadta file is invalid.
    8	[Log for <nrutils.core.nrsc.scentry instance at 0x106dcda28>] The file is "/Users/book/MOUNT/tmp/mnt/hogshead/NR_data/ReducedData-hogshead/dirac-nr-followup/q1.2_dqdc1/q1.2_dqdc1.bbh". This entry's metadata file is valid.
    9	[Log for <nrutils.core.nrsc.scentry instance at 0x109917200>] The file is "/Users/book/MOUNT/tmp/mnt/hogshead/NR_data/ReducedData-hogshead/dirac-nr-followup/q1.2_dqdcp1/psi4modes.bbh". This entry's metadta file is invalid.
   10	[Log for <nrutils.core.nrsc.scentry instance at 0x109917200>] The file is "/Users/book/MOUNT/tmp/mnt/hogshead/NR_data/ReducedData-hogshead/dirac-nr-followup/q1.2_dqdcp1/q1.2_dqdcp1.raw.bbh". This entry's metadta file is invalid.
   11	[Log for <nrutils.core.nrsc.scentry instance at 0x109917200>] The file is "/Users/book/MOUNT/tmp/mnt/hogshead/NR_data/ReducedData-hogshead/dirac-nr-followup/q1.2_dqdcp1/q1.2_dqdcp1.bbh". This entry's metadata file is valid.
   12	[Log for <nrutils.core.nrsc.scentry instance at 0x109574170>] The file is "/Users/book/MOUNT/tmp/mnt/hogshead/NR_data/ReducedData-hogshead/dirac-nr-followup/q1.2_dqdphi1/q1.2_dqdphi1.bbh". This entry's metadata file is valid.
   13	[Log for <nrutils.core.nrsc.scentry instance at 0x109917ab8>] The file is "/Users/book/MOUNT/tmp/mnt/hogshead/NR_data/ReducedData-hogshead/dirac-nr-followup/q1.2_dqdphi1/psi4modes.bbh". This entry's metadta file is invalid.
   14	[Log for <nrutils.core.nrsc.scentry instance at 0x109917ab8>] The file is "/Users/book/MOUNT/tmp/mnt/hogshead/NR_data/ReducedData-hogshead/dirac-nr-followup/q1.2_dqdphi1/q1.2_dqdphi1.raw.bbh". This entry's metadta file is invalid.
   15	[Log for <nrutils.core.nrsc.scentry instance at 0x109917ab8>] The file is "/Users/book/MOUNT/tmp/mnt/hogshead/NR_data/ReducedData-hogshead/dirac-nr-followup/q1.2_dc2dphi1/psi4modes.bbh". This entry's metadta file is invalid.
   16	[Log for <nrutils.core.nrsc.scentry instance at 0x109917ab8>] The file is "/Users/book/MOUNT/tmp/mnt/hogshead/NR_data/ReducedData-hogshead/dirac-nr-followup/q1.2_dc2dphi1/q1.2_dc2dphi1.raw.bbh". This entry's metadta file is invalid.
   17	[Log for <nrutils.core.nrsc.scentry instance at 0x109917ab8>] The file is "/Users/book/MOUNT/tmp/mnt/hogshead/NR_data/ReducedData-hogshead/dirac-nr-followup/q1.2_dc2dphi1/q1.2_dc2dphi1.bbh". This entry's metadata file is valid.
   18	[Log for <nrutils.core.nrsc.scentry instance at 0x1095746c8>] The file is "/Users/book/MOUNT/tmp/mnt/hogshead/NR_data/ReducedData-hogshead/dirac-nr-followup/q1.2_dqdcp2/psi4modes.bbh". This entry's metadta file is invalid.
   19	[Log for <nrutils.core.nrsc.scentry instance at 0x1095746c8>] The file is "/Users/book/MOUNT/tmp/mnt/hogshead/NR_data/ReducedData-hogshead/dirac-nr-followup/q1.2_dqdcp2/q1.2_dqdcp2.raw.bbh". This entry's metadta file is invalid.
   20	[Log for <nrutils.core.nrsc.scentry instance at 0x1095746c8>] The file is "/Users/book/MOUNT/tmp/mnt/hogshead/NR_data/ReducedData-hogshead/dirac-nr-followup/q1.2_dqdcp2/q1.2_dqdcp2.bbh". This entry's metadata file is valid.
   21	[Log for <nrutils.core.nrsc.scentry instance at 0x109574908>] The file is "/Users/book/MOUNT/tmp/mnt/hogshead/NR_data/ReducedData-hogshead/dirac-nr-followup/q1.2_dc2dcp2/psi4modes.bbh". This entry's metadta file is invalid.
   22	[Log for <nrutils.core.nrsc.scentry instance at 0x109574908>] The file is "/Users/book/MOUNT/tmp/mnt/hogshead/NR_data/ReducedData-hogshead/dirac-nr-followup/q1.2_dc2dcp2/q1.2_dc2dcp2.raw.bbh". This entry's metadta file is invalid.
   23	[Log for <nrutils.core.nrsc.scentry instance at 0x109574908>] The file is "/Users/book/MOUNT/tmp/mnt/hogshead/NR_data/ReducedData-hogshead/dirac-nr-followup/q1.2_dc2dcp2/q1.2_dc2dcp2.bbh". This entry's metadata file is valid.
   24	[Log for <nrutils.core.nrsc.scentry instance at 0x1097d0050>] The file is "/Users/book/MOUNT/tmp/mnt/hogshead/NR_data/ReducedData-hogshead/dirac-nr-followup/q1.2_dcp2dphi2/q1.2_dcp2dphi2.raw.bbh". This entry's metadta file is invalid.
   25	[Log for <nrutils.core.nrsc.scentry instance at 0x1097d0050>] The file is "/Users/book/MOUNT/tmp/mnt/hogshead/NR_data/ReducedData-hogshead/dirac-nr-followup/q1.2_dcp2dphi2/psi4modes.bbh". This entry's metadta file is invalid.
   26	[Log for <nrutils.core.nrsc.scentry instance at 0x1097d0050>] The file is "/Users/book/MOUNT/tmp/mnt/hogshead/NR_data/ReducedData-hogshead/dirac-nr-followup/q1.2_dcp2dphi2/q1.2_dcp2dphi2.bbh". This entry's metadata file is valid.
   27	[Log for <nrutils.core.nrsc.scentry instance at 0x10994bfc8>] The file is "/Users/book/MOUNT/tmp/mnt/hogshead/NR_data/ReducedData-hogshead/dirac-nr-followup/q1.2_dcp2dphi1/psi4modes.bbh". This entry's metadta file is invalid.
   28	[Log for <nrutils.core.nrsc.scentry instance at 0x10994bfc8>] The file is "/Users/book/MOUNT/tmp/mnt/hogshead/NR_data/ReducedData-hogshead/dirac-nr-followup/q1.2_dcp2dphi1/q1.2_dcp2dphi1.raw.bbh". This entry's metadta file is invalid.
   29	[Log for <nrutils.core.nrsc.scentry instance at 0x10994bfc8>] The file is "/Users/book/MOUNT/tmp/mnt/hogshead/NR_data/ReducedData-hogshead/dirac-nr-followup/q1.2_dcp2dphi1/q1.2_dcp2dphi1.bbh". This entry's metadata file is valid.
   30	[Log for <nrutils.core.nrsc.scentry instance at 0x10981c170>] The file is "/Users/book/MOUNT/tmp/mnt/hogshead/NR_data/ReducedData-hogshead/dirac-nr-followup/q1.2_dcp1dphi2/psi4modes.bbh". This entry's metadta file is invalid.
   31	[Log for <nrutils.core.nrsc.scentry instance at 0x10981c170>] The file is "/Users/book/MOUNT/tmp/mnt/hogshead/NR_data/ReducedData-hogshead/dirac-nr-followup/q1.2_dcp1dphi2/q1.2_dcp1dphi2.bbh". This entry's metadata file is valid.
   32	[Log for <nrutils.core.nrsc.scentry instance at 0x1083d4b00>] The file is "/Users/book/MOUNT/tmp/mnt/hogshead/NR_data/ReducedData-hogshead/dirac-nr-followup/q1.2_dcp1dphi2/q1.2_dcp1dphi2.raw.bbh". This entry's metadta file is invalid.
   33	[Log for <nrutils.core.nrsc.scentry instance at 0x1083d4b00>] The file is "/Users/book/MOUNT/tmp/mnt/hogshead/NR_data/ReducedData-hogshead/dirac-nr-followup/q1.2_dc1dphi2/q1.2_dc1dphi2.bbh". This entry's metadata file is valid.
   34	[Log for <nrutils.core.nrsc.scentry instance at 0x1083d56c8>] The file is "/Users/book/MOUNT/tmp/mnt/hogshead/NR_data/ReducedData-hogshead/dirac-nr-followup/q1.2_dc1dphi2/psi4modes.bbh". This entry's metadta file is invalid.
   35	[Log for <nrutils.core.nrsc.scentry instance at 0x1083d56c8>] The file is "/Users/book/MOUNT/tmp/mnt/hogshead/NR_data/ReducedData-hogshead/dirac-nr-followup/q1.2_dc1dphi2/q1.2_dc1dphi2.raw.bbh". This entry's metadta file is invalid.
   36	[Log for <nrutils.core.nrsc.scentry instance at 0x1083d56c8>] The file is "/Users/book/MOUNT/tmp/mnt/hogshead/NR_data/ReducedData-hogshead/dirac-nr-followup/q1.2_dc1dc1/q1.2_dc1dc1.raw.bbh". This entry's metadta file is invalid.
   37	[Log for <nrutils.core.nrsc.scentry instance at 0x1083d56c8>] The file is "/Users/book/MOUNT/tmp/mnt/hogshead/NR_data/ReducedData-hogshead/dirac-nr-followup/q1.2_dc1dc1/psi4modes.bbh". This entry's metadta file is invalid.
   38	[Log for <nrutils.core.nrsc.scentry instance at 0x1083d56c8>] The file is "/Users/book/MOUNT/tmp/mnt/hogshead/NR_data/ReducedData-hogshead/dirac-nr-followup/q1.2_dc1dc1/q1.2_dc1dc1.bbh". This entry's metadata file is valid.
   39	[Log for <nrutils.core.nrsc.scentry instance at 0x10981c0e0>] The file is "/Users/book/MOUNT/tmp/mnt/hogshead/NR_data/ReducedData-hogshead/dirac-nr-followup/q1.2_dc1dcp1/q1.2_dc1dcp1.raw.bbh". This entry's metadta file is invalid.
   40	[Log for <nrutils.core.nrsc.scentry instance at 0x10981c0e0>] The file is "/Users/book/MOUNT/tmp/mnt/hogshead/NR_data/ReducedData-hogshead/dirac-nr-followup/q1.2_dc1dcp1/psi4modes.bbh". This entry's metadta file is invalid.
   41	[Log for <nrutils.core.nrsc.scentry instance at 0x10981c0e0>] The file is "/Users/book/MOUNT/tmp/mnt/hogshead/NR_data/ReducedData-hogshead/dirac-nr-followup/q1.2_dc1dcp1/q1.2_dc1dcp1.bbh". This entry's metadata file is valid.
   42	[Log for <nrutils.core.nrsc.scentry instance at 0x10981c998>] The file is "/Users/book/MOUNT/tmp/mnt/hogshead/NR_data/ReducedData-hogshead/dirac-nr-followup/q1.2_dcp1dphi1/q1.2_dcp1dphi1.raw.bbh". This entry's metadta file is invalid.
   43	[Log for <nrutils.core.nrsc.scentry instance at 0x109a6bf38>] The file is "/Users/book/MOUNT/tmp/mnt/hogshead/NR_data/ReducedData-hogshead/dirac-nr-followup/q1.2_dcp1dphi1/psi4modes.bbh". This entry's metadta file is invalid.
   44	[Log for <nrutils.core.nrsc.scentry instance at 0x109a6bf38>] The file is "/Users/book/MOUNT/tmp/mnt/hogshead/NR_data/ReducedData-hogshead/dirac-nr-followup/q1.2_dcp1dphi1/q1.2_dcp1dphi1.bbh". This entry's metadata file is valid.
   45	[Log for <nrutils.core.nrsc.scentry instance at 0x1098f5128>] The file is "/Users/book/MOUNT/tmp/mnt/hogshead/NR_data/ReducedData-hogshead/dirac-nr-followup/q1.2_dc1dc2/q1.2_dc1dc2.raw.bbh". This entry's metadta file is invalid.
   46	[Log for <nrutils.core.nrsc.scentry instance at 0x1098f5128>] The file is "/Users/book/MOUNT/tmp/mnt/hogshead/NR_data/ReducedData-hogshead/dirac-nr-followup/q1.2_dc1dc2/psi4modes.bbh". This entry's metadta file is invalid.
   47	[Log for <nrutils.core.nrsc.scentry instance at 0x1098f5128>] The file is "/Users/book/MOUNT/tmp/mnt/hogshead/NR_data/ReducedData-hogshead/dirac-nr-followup/q1.2_dc1dc2/q1.2_dc1dc2.bbh". This entry's metadata file is valid.
   48	[Log for <nrutils.core.nrsc.scentry instance at 0x1099e2950>] The file is "/Users/book/MOUNT/tmp/mnt/hogshead/NR_data/ReducedData-hogshead/dirac-nr-followup/q1.2_dc2dcp1/psi4modes.bbh". This entry's metadta file is invalid.
   49	[Log for <nrutils.core.nrsc.scentry instance at 0x1099e2950>] The file is "/Users/book/MOUNT/tmp/mnt/hogshead/NR_data/ReducedData-hogshead/dirac-nr-followup/q1.2_dc2dcp1/q1.2_dc2dcp1.bbh". This entry's metadata file is valid.
   50	[Log for <nrutils.core.nrsc.scentry instance at 0x1098f5368>] The file is "/Users/book/MOUNT/tmp/mnt/hogshead/NR_data/ReducedData-hogshead/dirac-nr-followup/q1.2_dc2dcp1/q1.2_dc2dcp1.raw.bbh". This entry's metadta file is invalid.
   51	[Log for <nrutils.core.nrsc.scentry instance at 0x1098f5368>] The file is "/Users/book/MOUNT/tmp/mnt/hogshead/NR_data/ReducedData-hogshead/dirac-nr-followup/q1.2_dcp2dcp2/psi4modes.bbh". This entry's metadta file is invalid.
   52	[Log for <nrutils.core.nrsc.scentry instance at 0x1098f5368>] The file is "/Users/book/MOUNT/tmp/mnt/hogshead/NR_data/ReducedData-hogshead/dirac-nr-followup/q1.2_dcp2dcp2/q1.2_dcp2dcp2.raw.bbh". This entry's metadta file is invalid.
   53	[Log for <nrutils.core.nrsc.scentry instance at 0x1098f5368>] The file is "/Users/book/MOUNT/tmp/mnt/hogshead/NR_data/ReducedData-hogshead/dirac-nr-followup/q1.2_dcp2dcp2/q1.2_dcp2dcp2.bbh". This entry's metadata file is valid.
   54	[Log for <nrutils.core.nrsc.scentry instance at 0x1098f5518>] The file is "/Users/book/MOUNT/tmp/mnt/hogshead/NR_data/ReducedData-hogshead/dirac-nr-followup/q1.2_dcp1dcp2/psi4modes.bbh". This entry's metadta file is invalid.
   55	[Log for <nrutils.core.nrsc.scentry instance at 0x1098f5518>] The file is "/Users/book/MOUNT/tmp/mnt/hogshead/NR_data/ReducedData-hogshead/dirac-nr-followup/q1.2_dcp1dcp2/q1.2_dcp1dcp2.raw.bbh". This entry's metadta file is invalid.
   56	[Log for <nrutils.core.nrsc.scentry instance at 0x1098f5518>] The file is "/Users/book/MOUNT/tmp/mnt/hogshead/NR_data/ReducedData-hogshead/dirac-nr-followup/q1.2_dcp1dcp2/q1.2_dcp1dcp2.bbh". This entry's metadata file is valid.
   57	[Log for <nrutils.core.nrsc.scentry instance at 0x10990a518>] The file is "/Users/book/MOUNT/tmp/mnt/hogshead/NR_data/ReducedData-hogshead/dirac-nr-followup/q1.2_dc2dphi2/psi4modes.bbh". This entry's metadta file is invalid.
   58	[Log for <nrutils.core.nrsc.scentry instance at 0x10990a518>] The file is "/Users/book/MOUNT/tmp/mnt/hogshead/NR_data/ReducedData-hogshead/dirac-nr-followup/q1.2_dc2dphi2/q1.2_dc2dphi2.raw.bbh". This entry's metadta file is invalid.
   59	[Log for <nrutils.core.nrsc.scentry instance at 0x1098e2fc8>] The file is "/Users/book/MOUNT/tmp/mnt/hogshead/NR_data/ReducedData-hogshead/dirac-nr-followup/q1.2_dc2dphi2/q1.2_dc2dphi2.bbh". This entry's metadata file is valid.
   60	[Log for <nrutils.core.nrsc.scentry instance at 0x10990a950>] The file is "/Users/book/MOUNT/tmp/mnt/hogshead/NR_data/ReducedData-hogshead/dirac-nr-followup/q1.2_base/psi4modes.bbh". This entry's metadta file is invalid.
   61	[Log for <nrutils.core.nrsc.scentry instance at 0x10990a950>] The file is "/Users/book/MOUNT/tmp/mnt/hogshead/NR_data/ReducedData-hogshead/dirac-nr-followup/q1.2_base/q1.2_base.raw.bbh". This entry's metadta file is invalid.
   62	[Log for <nrutils.core.nrsc.scentry instance at 0x10990a950>] The file is "/Users/book/MOUNT/tmp/mnt/hogshead/NR_data/ReducedData-hogshead/dirac-nr-followup/q1.2_base/q1.2_base.bbh". This entry's metadata file is valid.
   63	[Log for <nrutils.core.nrsc.scentry instance at 0x109ae20e0>] The file is "/Users/book/MOUNT/tmp/mnt/hogshead/NR_data/ReducedData-hogshead/dirac-nr-followup/q1.2_dcp1dcp1/psi4modes.bbh". This entry's metadta file is invalid.
   64	[Log for <nrutils.core.nrsc.scentry instance at 0x109ae20e0>] The file is "/Users/book/MOUNT/tmp/mnt/hogshead/NR_data/ReducedData-hogshead/dirac-nr-followup/q1.2_dcp1dcp1/q1.2_dcp1dcp1.raw.bbh". This entry's metadta file is invalid.
   65	[Log for <nrutils.core.nrsc.scentry instance at 0x109ae20e0>] The file is "/Users/book/MOUNT/tmp/mnt/hogshead/NR_data/ReducedData-hogshead/dirac-nr-followup/q1.2_dcp1dcp1/q1.2_dcp1dcp1.bbh". This entry's metadata file is valid.
   66	[Log for <nrutils.core.nrsc.scentry instance at 0x109ae2098>] The file is "/Users/book/MOUNT/tmp/mnt/hogshead/NR_data/ReducedData-hogshead/dirac-nr-followup/q1.2_dqdq/psi4modes.bbh". This entry's metadta file is invalid.
   67	[Log for <nrutils.core.nrsc.scentry instance at 0x109ae2098>] The file is "/Users/book/MOUNT/tmp/mnt/hogshead/NR_data/ReducedData-hogshead/dirac-nr-followup/q1.2_dqdq/q1.2_dqdq.bbh". This entry's metadata file is valid.
   68	[Log for <nrutils.core.nrsc.scentry instance at 0x109ad6518>] The file is "/Users/book/MOUNT/tmp/mnt/hogshead/NR_data/ReducedData-hogshead/dirac-nr-followup/q1.2_dqdq/q1.2_dqdq.raw.bbh". This entry's metadta file is invalid.
   69	[Log for <nrutils.core.nrsc.scentry instance at 0x109ad6518>] The file is "/Users/book/MOUNT/tmp/mnt/hogshead/NR_data/ReducedData-hogshead/dirac-nr-followup/q1.2_dqdc2/q1.2_dqdc2.bbh". This entry's metadata file is valid.
   70	[Log for <nrutils.core.nrsc.scentry instance at 0x1097f6368>] The file is "/Users/book/MOUNT/tmp/mnt/hogshead/NR_data/ReducedData-hogshead/dirac-nr-followup/q1.2_dqdc2/psi4modes.bbh". This entry's metadta file is invalid.
   71	[Log for <nrutils.core.nrsc.scentry instance at 0x1097f6368>] The file is "/Users/book/MOUNT/tmp/mnt/hogshead/NR_data/ReducedData-hogshead/dirac-nr-followup/q1.2_dqdc2/q1.2_dqdc2.raw.bbh". This entry's metadta file is invalid.
   72	[Log for <nrutils.core.nrsc.scentry instance at 0x1097f6368>] The file is "/Users/book/MOUNT/tmp/mnt/hogshead/NR_data/ReducedData-hogshead/dirac-nr-followup/q1.2_dc2dc2/psi4modes.bbh". This entry's metadta file is invalid.
   73	[Log for <nrutils.core.nrsc.scentry instance at 0x1097f6368>] The file is "/Users/book/MOUNT/tmp/mnt/hogshead/NR_data/ReducedData-hogshead/dirac-nr-followup/q1.2_dc2dc2/q1.2_dc2dc2.raw.bbh". This entry's metadta file is invalid.
   74	[Log for <nrutils.core.nrsc.scentry instance at 0x1097f6368>] The file is "/Users/book/MOUNT/tmp/mnt/hogshead/NR_data/ReducedData-hogshead/dirac-nr-followup/q1.2_dc2dc2/q1.2_dc2dc2.bbh". This entry's metadata file is valid.
   75	[Log for <nrutils.core.nrsc.scentry instance at 0x109ad5128>] The file is "/Users/book/MOUNT/tmp/mnt/hogshead/NR_data/ReducedData-hogshead/dirac-nr-followup/q1.2_dphi2dphi2/psi4modes.bbh". This entry's metadta file is invalid.
   76	[Log for <nrutils.core.nrsc.scentry instance at 0x109ad5128>] The file is "/Users/book/MOUNT/tmp/mnt/hogshead/NR_data/ReducedData-hogshead/dirac-nr-followup/q1.2_dphi2dphi2/q1.2_dphi2dphi2.raw.bbh". This entry's metadta file is invalid.
   77	[Log for <nrutils.core.nrsc.scentry instance at 0x109ad5128>] The file is "/Users/book/MOUNT/tmp/mnt/hogshead/NR_data/ReducedData-hogshead/dirac-nr-followup/q1.2_dphi2dphi2/q1.2_dphi2dphi2.bbh". This entry's metadata file is valid.
   78	[Log for <nrutils.core.nrsc.scentry instance at 0x109ad55f0>] The file is "/Users/book/MOUNT/tmp/mnt/hogshead/NR_data/ReducedData-hogshead/dirac-nr-followup/q1.2_dc1dcp2/q1.2_dc1dcp2.bbh". This entry's metadata file is valid.
   79	[Log for <nrutils.core.nrsc.scentry instance at 0x109ad55a8>] The file is "/Users/book/MOUNT/tmp/mnt/hogshead/NR_data/ReducedData-hogshead/dirac-nr-followup/q1.2_dc1dcp2/psi4modes.bbh". This entry's metadta file is invalid.
   80	[Log for <nrutils.core.nrsc.scentry instance at 0x109ad55a8>] The file is "/Users/book/MOUNT/tmp/mnt/hogshead/NR_data/ReducedData-hogshead/dirac-nr-followup/q1.2_dc1dcp2/q1.2_dc1dcp2.raw.bbh". This entry's metadta file is invalid.
   81	[Log for <nrutils.core.nrsc.scentry instance at 0x109ad55a8>] The file is "/Users/book/MOUNT/tmp/mnt/hogshead/NR_data/ReducedData-hogshead/dirac-nr-followup/q1.2_dphi1dphi2/q1.2_dphi1dphi2.bbh". This entry's metadata file is valid.
   82	[Log for <nrutils.core.nrsc.scentry instance at 0x109958bd8>] The file is "/Users/book/MOUNT/tmp/mnt/hogshead/NR_data/ReducedData-hogshead/dirac-nr-followup/q1.2_dphi1dphi2/psi4modes.bbh". This entry's metadta file is invalid.
   83	[Log for <nrutils.core.nrsc.scentry instance at 0x109958bd8>] The file is "/Users/book/MOUNT/tmp/mnt/hogshead/NR_data/ReducedData-hogshead/dirac-nr-followup/q1.2_dphi1dphi2/q1.2_dphi1dphi2.raw.bbh". This entry's metadta file is invalid.
   84	[Log for <nrutils.core.nrsc.scentry instance at 0x109958bd8>] The file is "/Users/book/MOUNT/tmp/mnt/hogshead/NR_data/ReducedData-hogshead/dirac-nr-followup/q1.2_dqdphi2/q1.2_dqdphi2.raw.bbh". This entry's metadta file is invalid.
   85	[Log for <nrutils.core.nrsc.scentry instance at 0x109958bd8>] The file is "/Users/book/MOUNT/tmp/mnt/hogshead/NR_data/ReducedData-hogshead/dirac-nr-followup/q1.2_dqdphi2/psi4modes.bbh". This entry's metadta file is invalid.
   86	[Log for <nrutils.core.nrsc.scentry instance at 0x109958bd8>] The file is "/Users/book/MOUNT/tmp/mnt/hogshead/NR_data/ReducedData-hogshead/dirac-nr-followup/q1.2_dqdphi2/q1.2_dqdphi2.bbh". This entry's metadata file is valid.
   87	[Log for <nrutils.core.nrsc.scentry instance at 0x1098123f8>] The file is "/Users/book/MOUNT/tmp/mnt/hogshead/NR_data/ReducedData-hogshead/dirac-nr-followup/q1.2_base_96/q1.2_base_96.bbh". This entry's metadata file is valid.
   88	[Log for <nrutils.core.nrsc.scentry instance at 0x109ad3c20>] The file is "/Users/book/MOUNT/tmp/mnt/hogshead/NR_data/ReducedData-hogshead/dirac-nr-followup/q1.2_base_96/psi4modes.bbh". This entry's metadta file is invalid.
   89	[Log for <nrutils.core.nrsc.scentry instance at 0x109ad3c20>] The file is "/Users/book/MOUNT/tmp/mnt/hogshead/NR_data/ReducedData-hogshead/dirac-nr-followup/q1.2_base_96/q1.2_base_96.raw.bbh". This entry's metadta file is invalid.
   90	[Log for <nrutils.core.nrsc.scentry instance at 0x109ad3c20>] The file is "/Users/book/MOUNT/tmp/mnt/hogshead/NR_data/ReducedData-hogshead/q4++0.85_T_80_200/psi4modes.bbh". This entry's metadta file is invalid.
   91	[Log for <nrutils.core.nrsc.scentry instance at 0x109ad3c20>] The file is "/Users/book/MOUNT/tmp/mnt/hogshead/NR_data/ReducedData-hogshead/q4++0.85_T_80_200/q4++0.85_T_80_200.bbh". This entry's metadata file is valid.
   92	[Log for <nrutils.core.nrsc.scentry instance at 0x109958b90>] The file is "/Users/book/MOUNT/tmp/mnt/hogshead/NR_data/ReducedData-hogshead/q4++0.85_T_80_200/q4++0.85_T_80_200.raw.bbh". This entry's metadta file is invalid.
   93	[Log for <nrutils.core.nrsc.scentry instance at 0x109815d88>] The file is "/Users/book/MOUNT/tmp/mnt/hogshead/NR_data/ReducedData-hogshead/chinmay_precessingRuns/q2_a10_a27_ph90_th90/psi4modes.bbh". This entry's metadta file is invalid.
