    0	[Log for <nrutils.core.nrsc.scentry instance at 0x7f7fb1200cb0>] The file is "/raid/data/ReducedData/q3_a-0.5_a0.75_64_128/psi4modes.bbh". This entry's metadta file is invalid.
    1	[Log for <nrutils.core.nrsc.scentry instance at 0x7f7fb1200cb0>] The file is "/raid/data/ReducedData/q3_a-0.5_a0.75_64_128/q3_a-0.5_a0.75_64_128.raw.bbh". This entry's metadta file is invalid.
    2	[Log for <nrutils.core.nrsc.scentry instance at 0x7f7fb1200cb0>] The file is "/raid/data/ReducedData/q3_a-0.5_a0.75_64_128/q3_a-0.5_a0.75_64_128.bbh". This entry's metadata file is valid.
    3	[Log for <nrutils.core.nrsc.scentry instance at 0x7f7fb1e7ed88>] The file is "/raid/data/ReducedData/q3_a-0.5_a0.75_64_128/psi4BAMmodes.bbh". This entry's metadta file is invalid.
    4	[Log for <nrutils.core.nrsc.scentry instance at 0x7f7fb1e7ed88>] The file is "/raid/data/ReducedData/q2a05deg225a05deg0/q2a05deg225a05deg0/q2a05deg225a05deg0.raw.bbh". This entry's metadta file is invalid.
    5	[Log for <nrutils.core.nrsc.scentry instance at 0x7f7fb1e7ed88>] The file is "/raid/data/ReducedData/q2a05deg225a05deg0/q2a05deg225a05deg0/psi4modes.bbh". This entry's metadta file is invalid.
    6	[Log for <nrutils.core.nrsc.scentry instance at 0x7f7fb1e7ed88>] The file is "/raid/data/ReducedData/q2a05deg225a05deg0/q2a05deg225a05deg0/q2a05deg225a05deg0.bbh". This entry's metadata file is valid.
    7	[Log for <nrutils.core.nrsc.scentry instance at 0x7f7fb1271b00>] The file is "/raid/data/ReducedData/q18a0aM08c025_96_fine/q18a0aM08c025_96_fine/q18a0aM08c025_96_fine.raw.bbh". This entry's metadta file is invalid.
    8	[Log for <nrutils.core.nrsc.scentry instance at 0x7f7fb1271b00>] The file is "/raid/data/ReducedData/q18a0aM08c025_96_fine/q18a0aM08c025_96_fine/psi4modes.bbh". This entry's metadta file is invalid.
    9	[Log for <nrutils.core.nrsc.scentry instance at 0x7f7fb1271b00>] The file is "/raid/data/ReducedData/q18a0aM08c025_96_fine/q18a0aM08c025_96_fine/q18a0aM08c025_96_fine.bbh". This entry's metadata file is valid.
   10	[Log for <nrutils.core.nrsc.scentry instance at 0x7f7fb11e9a28>] The file is "/raid/data/ReducedData/q2a05deg45/q2a05deg45/psi4modes.bbh". This entry's metadta file is invalid.
   11	[Log for <nrutils.core.nrsc.scentry instance at 0x7f7fb12006c8>] The file is "/raid/data/ReducedData/q2a05deg45/q2a05deg45/q2a05deg45.bbh". This entry's metadata file is valid.
   12	[Log for <nrutils.core.nrsc.scentry instance at 0x7f7fb1200ea8>] The file is "/raid/data/ReducedData/q2a05deg45/q2a05deg45/q2a05deg45.raw.bbh". This entry's metadta file is invalid.
   13	[Log for <nrutils.core.nrsc.scentry instance at 0x7f7fb1200ea8>] The file is "/raid/data/ReducedData/q2_a0.5_a0.75_V2_T_80_320/q2_a0.5_a0.75_V2_T_80_320/q2_a0.5_a0.75_V2_T_80_320.raw.bbh". This entry's metadta file is invalid.
   14	[Log for <nrutils.core.nrsc.scentry instance at 0x7f7fb1200ea8>] The file is "/raid/data/ReducedData/q2_a0.5_a0.75_V2_T_80_320/q2_a0.5_a0.75_V2_T_80_320/psi4modes.bbh". This entry's metadta file is invalid.
   15	[Log for <nrutils.core.nrsc.scentry instance at 0x7f7fb1200ea8>] The file is "/raid/data/ReducedData/q2_a0.5_a0.75_V2_T_80_320/q2_a0.5_a0.75_V2_T_80_320/q2_a0.5_a0.75_V2_T_80_320.bbh". This entry's metadata file is valid.
   16	[Log for <nrutils.core.nrsc.scentry instance at 0x7f7fb2dbfab8>] The file is "/raid/data/ReducedData/q2_a0.5_a0.75_V2_T_80_320/q2_a0.5_a0.75_V2_T_80_320/psi4BAMmodes.bbh". This entry's metadta file is invalid.
   17	[Log for <nrutils.core.nrsc.scentry instance at 0x7f7fb2dbfab8>] The file is "/raid/data/ReducedData/q3_a-0.5_a0.75_76d_64_128/q3_a-0.5_a0.75_76d_64_128.raw.bbh". This entry's metadta file is invalid.
   18	[Log for <nrutils.core.nrsc.scentry instance at 0x7f7fb2dbfab8>] The file is "/raid/data/ReducedData/q3_a-0.5_a0.75_76d_64_128/q3_a-0.5_a0.75_76d_64_128.bbh". This entry's metadata file is valid.
   19	[Log for <nrutils.core.nrsc.scentry instance at 0x7f7fb11c0680>] The file is "/raid/data/ReducedData/q3_a-0.5_a0.75_76d_64_128/psi4modes.bbh". This entry's metadta file is invalid.
   20	[Log for <nrutils.core.nrsc.scentry instance at 0x7f7fb11c0680>] The file is "/raid/data/ReducedData/q3_a-0.5_a0.75_76d_64_128/psi4BAMmodes.bbh". This entry's metadta file is invalid.
   21	[Log for <nrutils.core.nrsc.scentry instance at 0x7f7fb11c0680>] The file is "/raid/data/ReducedData/q3_a0_a0.75_p135d_64_128/q3_a0_a0.75_p135d_64_128/q3_a0_a0.75_p135d_64_128.raw.bbh". This entry's metadta file is invalid.
   22	[Log for <nrutils.core.nrsc.scentry instance at 0x7f7fb11c0680>] The file is "/raid/data/ReducedData/q3_a0_a0.75_p135d_64_128/q3_a0_a0.75_p135d_64_128/psi4modes.bbh". This entry's metadta file is invalid.
   23	[Log for <nrutils.core.nrsc.scentry instance at 0x7f7fb11c0680>] The file is "/raid/data/ReducedData/q3_a0_a0.75_p135d_64_128/q3_a0_a0.75_p135d_64_128/q3_a0_a0.75_p135d_64_128.bbh". This entry's metadata file is valid.
   24	[Log for <nrutils.core.nrsc.scentry instance at 0x7f7fb123bbd8>] The file is "/raid/data/ReducedData/q2_a0.5_a0.75_64_128_all/q2_a0.5_a0.75_64_128/q2_a0.5_a0.75_64_128.bbh". This entry's metadata file is valid.
   25	[Log for <nrutils.core.nrsc.scentry instance at 0x7f7fb10643f8>] The file is "/raid/data/ReducedData/q2_a0.5_a0.75_64_128_all/q2_a0.5_a0.75_64_128/psi4modes.bbh". This entry's metadta file is invalid.
   26	[Log for <nrutils.core.nrsc.scentry instance at 0x7f7fb10643f8>] The file is "/raid/data/ReducedData/q2_a0.5_a0.75_64_128_all/q2_a0.5_a0.75_64_128/q2_a0.5_a0.75_64_128.raw.bbh". This entry's metadta file is invalid.
   27	[Log for <nrutils.core.nrsc.scentry instance at 0x7f7fb10643f8>] The file is "/raid/data/ReducedData/q4aM025a0625_T_80_320_ERit2/q4aM025a0625_T_80_320_ERit2/psi4modes.bbh". This entry's metadta file is invalid.
   28	[Log for <nrutils.core.nrsc.scentry instance at 0x7f7fb10643f8>] The file is "/raid/data/ReducedData/q4aM025a0625_T_80_320_ERit2/q4aM025a0625_T_80_320_ERit2/q4aM025a0625_T_80_320_ERit2.bbh". This entry's metadta file is invalid.
   29	[Log for <nrutils.core.nrsc.scentry instance at 0x7f7fb10643f8>] The file is "/raid/data/ReducedData/q4aM025a0625_T_80_320_ERit2/q4aM025a0625_T_80_320_ERit2/q4aM025a0625_T_80_320_ERit2.raw.bbh". This entry's metadta file is invalid.
   30	[Log for <nrutils.core.nrsc.scentry instance at 0x7f7fb10643f8>] The file is "/raid/data/ReducedData/q2a05deg0/q2a05deg0/q2a05deg0.bbh". This entry's metadata file is valid.
   31	[Log for <nrutils.core.nrsc.scentry instance at 0x7f7fb107f1b8>] The file is "/raid/data/ReducedData/q2a05deg0/q2a05deg0/psi4modes.bbh". This entry's metadta file is invalid.
   32	[Log for <nrutils.core.nrsc.scentry instance at 0x7f7fb107f1b8>] The file is "/raid/data/ReducedData/q2a05deg0/q2a05deg0/q2a05deg0.raw.bbh". This entry's metadta file is invalid.
   33	[Log for <nrutils.core.nrsc.scentry instance at 0x7f7fb107f1b8>] The file is "/raid/data/ReducedData/q18a0a04c025_96_fine/q18a0a04c025_96_fine/psi4modes.bbh". This entry's metadta file is invalid.
   34	[Log for <nrutils.core.nrsc.scentry instance at 0x7f7fb107f1b8>] The file is "/raid/data/ReducedData/q18a0a04c025_96_fine/q18a0a04c025_96_fine/q18a0a04c025_96_fine.bbh". This entry's metadata file is valid.
   35	[Log for <nrutils.core.nrsc.scentry instance at 0x7f7fb1236b90>] The file is "/raid/data/ReducedData/q18a0a04c025_96_fine/q18a0a04c025_96_fine/q18a0a04c025_96_fine.raw.bbh". This entry's metadta file is invalid.
   36	[Log for <nrutils.core.nrsc.scentry instance at 0x7f7fb1236b90>] The file is "/raid/data/ReducedData/q18a0a0c025_96_fine/q18a0a0c025_96_fine/psi4modes.bbh". This entry's metadta file is invalid.
   37	[Log for <nrutils.core.nrsc.scentry instance at 0x7f7fb1236b90>] The file is "/raid/data/ReducedData/q18a0a0c025_96_fine/q18a0a0c025_96_fine/q18a0a0c025_96_fine.raw.bbh". This entry's metadta file is invalid.
   38	[Log for <nrutils.core.nrsc.scentry instance at 0x7f7fb1236b90>] The file is "/raid/data/ReducedData/q18a0a0c025_96_fine/q18a0a0c025_96_fine/q18a0a0c025_96_fine.bbh". This entry's metadata file is valid.
   39	[Log for <nrutils.core.nrsc.scentry instance at 0x7f7fb10ab5f0>] The file is "/raid/data/ReducedData/q8a0am04/q8a0am04_T_96_504n512/q8a0am04_T_96_504n512.raw.bbh". This entry's metadta file is invalid.
   40	[Log for <nrutils.core.nrsc.scentry instance at 0x7f7fb10ab5f0>] The file is "/raid/data/ReducedData/q8a0am04/q8a0am04_T_96_504n512/q8a0am04_T_96_504n512.bbh". This entry's metadata file is valid. [FATALERROR] The metadata failed to be read. There may be an external formatting inconsistency. It is being marked as invalid with None. The system says: list index out of range
   41	[Log for <nrutils.core.nrsc.scentry instance at 0x7f7fb13795f0>] The file is "/raid/data/ReducedData/q8a0am04/q8a0am04_T_96_504n512/psi4modes.bbh". This entry's metadta file is invalid.
   42	[Log for <nrutils.core.nrsc.scentry instance at 0x7f7fb13795f0>] The file is "/raid/data/ReducedData/q3_a0_a0.75_p180d_64_128/q3_a0_a0.75_p180d_64_128/psi4modes.bbh". This entry's metadta file is invalid.
   43	[Log for <nrutils.core.nrsc.scentry instance at 0x7f7fb13795f0>] The file is "/raid/data/ReducedData/q3_a0_a0.75_p180d_64_128/q3_a0_a0.75_p180d_64_128/q3_a0_a0.75_p180d_64_128.raw.bbh". This entry's metadta file is invalid.
   44	[Log for <nrutils.core.nrsc.scentry instance at 0x7f7fb13795f0>] The file is "/raid/data/ReducedData/q3_a0_a0.75_p180d_64_128/q3_a0_a0.75_p180d_64_128/q3_a0_a0.75_p180d_64_128.bbh". This entry's metadata file is valid.
   45	[Log for <nrutils.core.nrsc.scentry instance at 0x7f7fb1379908>] The file is "/raid/data/ReducedData/q3_a0_a0.75_p315d_64_128/q3_a0_a0.75_p315d_64_128_FV/psi4modes.bbh". This entry's metadta file is invalid.
   46	[Log for <nrutils.core.nrsc.scentry instance at 0x7f7fb1379908>] The file is "/raid/data/ReducedData/q3_a0_a0.75_p315d_64_128/q3_a0_a0.75_p315d_64_128_FV/q3_a0_a0.75_p315d_64_128_FV.raw.bbh". This entry's metadta file is invalid.
   47	[Log for <nrutils.core.nrsc.scentry instance at 0x7f7fb1379908>] The file is "/raid/data/ReducedData/q3_a0_a0.75_p315d_64_128/q3_a0_a0.75_p315d_64_128_FV/q3_a0_a0.75_p315d_64_128_FV.bbh". This entry's metadata file is valid.
   48	[Log for <nrutils.core.nrsc.scentry instance at 0x7f7fb1232c20>] The file is "/raid/data/ReducedData/q8am085v6D10/q8am085v6D10/psi4modes.bbh". This entry's metadta file is invalid.
   49	[Log for <nrutils.core.nrsc.scentry instance at 0x7f7fb1232c20>] The file is "/raid/data/ReducedData/q8am085v6D10/q8am085v6D10/q8am085v6D10.bbh". This entry's metadata file is valid.
   50	[Log for <nrutils.core.nrsc.scentry instance at 0x7f7fb1358908>] The file is "/raid/data/ReducedData/q8am085v6D10/q8am085v6D10/q8am085v6D10.raw.bbh". This entry's metadta file is invalid.
   51	[Log for <nrutils.core.nrsc.scentry instance at 0x7f7fb1098f80>] The file is "/raid/data/ReducedData/q2a05deg225/q2a05deg225/q2a05deg225.raw.bbh". This entry's metadta file is invalid.
   52	[Log for <nrutils.core.nrsc.scentry instance at 0x7f7fb1098f80>] The file is "/raid/data/ReducedData/q2a05deg225/q2a05deg225/psi4modes.bbh". This entry's metadta file is invalid.
   53	[Log for <nrutils.core.nrsc.scentry instance at 0x7f7fb1098f80>] The file is "/raid/data/ReducedData/q2a05deg225/q2a05deg225/q2a05deg225.bbh". This entry's metadata file is valid.
   54	[Log for <nrutils.core.nrsc.scentry instance at 0x7f7fb1098488>] The file is "/raid/data/ReducedData/q1_0.5_0.1_T_88_316_it2_bf16/NRARq1_0.5_0.1_T_88_316_it2_bf16.raw.bbh". This entry's metadta file is invalid.
   55	[Log for <nrutils.core.nrsc.scentry instance at 0x7f7fb1098488>] The file is "/raid/data/ReducedData/q1_0.5_0.1_T_88_316_it2_bf16/psi4modes.bbh". This entry's metadta file is invalid.
   56	[Log for <nrutils.core.nrsc.scentry instance at 0x7f7fb1098488>] The file is "/raid/data/ReducedData/q1_0.5_0.1_T_88_316_it2_bf16/psi4modes_ri.bbh". This entry's metadta file is invalid.
   57	[Log for <nrutils.core.nrsc.scentry instance at 0x7f7fb1098488>] The file is "/raid/data/ReducedData/q1_0.5_0.1_T_88_316_it2_bf16/NRARq1_0.5_0.1_T_88_316_it2_bf16.bbh". This entry's metadta file is invalid.
   58	[Log for <nrutils.core.nrsc.scentry instance at 0x7f7fb1098488>] The file is "/raid/data/ReducedData/q8am085v6D10_96c025/q8am085v6D10_96c025/q8am085v6D10_96c025.raw.bbh". This entry's metadta file is invalid.
   59	[Log for <nrutils.core.nrsc.scentry instance at 0x7f7fb1098488>] The file is "/raid/data/ReducedData/q8am085v6D10_96c025/q8am085v6D10_96c025/q8am085v6D10_96c025.bbh". This entry's metadata file is valid.
   60	[Log for <nrutils.core.nrsc.scentry instance at 0x7f7fb133bea8>] The file is "/raid/data/ReducedData/q8am085v6D10_96c025/q8am085v6D10_96c025/psi4modes.bbh". This entry's metadta file is invalid.
   61	[Log for <nrutils.core.nrsc.scentry instance at 0x7f7fb133bea8>] The file is "/raid/data/ReducedData/q3_a0_a0.75_p0d_64_128/q3_a0_a0.75_p0d_64_128/psi4modes.bbh". This entry's metadta file is invalid.
   62	[Log for <nrutils.core.nrsc.scentry instance at 0x7f7fb133bea8>] The file is "/raid/data/ReducedData/q3_a0_a0.75_p0d_64_128/q3_a0_a0.75_p0d_64_128/q3_a0_a0.75_p0d_64_128.raw.bbh". This entry's metadta file is invalid.
   63	[Log for <nrutils.core.nrsc.scentry instance at 0x7f7fb133bea8>] The file is "/raid/data/ReducedData/q3_a0_a0.75_p0d_64_128/q3_a0_a0.75_p0d_64_128/q3_a0_a0.75_p0d_64_128.bbh". This entry's metadata file is valid.
   64	[Log for <nrutils.core.nrsc.scentry instance at 0x7f7fb1056c68>] The file is "/raid/data/ReducedData/q2a055deg0/q2a055deg0/psi4modes.bbh". This entry's metadta file is invalid.
   65	[Log for <nrutils.core.nrsc.scentry instance at 0x7f7fb1056c68>] The file is "/raid/data/ReducedData/q2a055deg0/q2a055deg0/q2a055deg0.raw.bbh". This entry's metadta file is invalid.
   66	[Log for <nrutils.core.nrsc.scentry instance at 0x7f7fb1056c68>] The file is "/raid/data/ReducedData/q2a055deg0/q2a055deg0/q2a055deg0.bbh". This entry's metadata file is valid.
   67	[Log for <nrutils.core.nrsc.scentry instance at 0x7f7fb10a0440>] The file is "/raid/data/ReducedData/q4aM075aM075/q4aM075rerun_T_96_384/psi4modes.bbh". This entry's metadta file is invalid.
   68	[Log for <nrutils.core.nrsc.scentry instance at 0x7f7fb133b290>] The file is "/raid/data/ReducedData/q4aM075aM075/q4aM075rerun_T_96_384/q4aM075rerun_T_96_384.bbh". This entry's metadata file is valid.
   69	[Log for <nrutils.core.nrsc.scentry instance at 0x7f7fb13476c8>] The file is "/raid/data/ReducedData/q4aM075aM075/q4aM075rerun_T_96_384/q4aM075rerun_T_96_384.raw.bbh". This entry's metadta file is invalid.
   70	[Log for <nrutils.core.nrsc.scentry instance at 0x7f7fb13476c8>] The file is "/raid/data/ReducedData/q4aM075aM075/q4aM075_dtfac035_T_80_320/q4aM075_dtfac035_T_80_320.bbh". This entry's metadata file is valid.
   71	[Log for <nrutils.core.nrsc.scentry instance at 0x7f7fb1e92878>] The file is "/raid/data/ReducedData/q4aM075aM075/q4aM075_dtfac035_T_80_320/psi4modes.bbh". This entry's metadta file is invalid.
   72	[Log for <nrutils.core.nrsc.scentry instance at 0x7f7fb1e92878>] The file is "/raid/data/ReducedData/q4aM075aM075/q4aM075_dtfac035_T_80_320/q4aM075_dtfac035_T_80_320.raw.bbh". This entry's metadta file is invalid.
   73	[Log for <nrutils.core.nrsc.scentry instance at 0x7f7fb1e92878>] The file is "/raid/data/ReducedData/q4aM075aM075/q4aM075_T_80_320/q4aM075_T_80_320.bbh". This entry's metadata file is valid.
   74	[Log for <nrutils.core.nrsc.scentry instance at 0x7f7fb10a08c0>] The file is "/raid/data/ReducedData/q4aM075aM075/q4aM075_T_80_320/psi4modes.bbh". This entry's metadta file is invalid.
   75	[Log for <nrutils.core.nrsc.scentry instance at 0x7f7fb10a08c0>] The file is "/raid/data/ReducedData/q4aM075aM075/q4aM075_T_80_320/q4aM075_T_80_320.raw.bbh". This entry's metadta file is invalid.
   76	[Log for <nrutils.core.nrsc.scentry instance at 0x7f7fb10a08c0>] The file is "/raid/data/ReducedData/q4aM075aM075/q4aM075_dtfac05_T_80_320/q4aM075_dtfac05_T_80_320.raw.bbh". This entry's metadta file is invalid.
   77	[Log for <nrutils.core.nrsc.scentry instance at 0x7f7fb10a08c0>] The file is "/raid/data/ReducedData/q4aM075aM075/q4aM075_dtfac05_T_80_320/psi4modes.bbh". This entry's metadta file is invalid.
   78	[Log for <nrutils.core.nrsc.scentry instance at 0x7f7fb10a08c0>] The file is "/raid/data/ReducedData/q4aM075aM075/q4aM075_dtfac05_T_80_320/q4aM075_dtfac05_T_80_320.bbh". This entry's metadata file is valid.
   79	[Log for <nrutils.core.nrsc.scentry instance at 0x7f7fb11c64d0>] The file is "/raid/data/ReducedData/q4aM075aM075/q4aM075_T_112_448/q4aM075_T_112_448.raw.bbh". This entry's metadta file is invalid.
   80	[Log for <nrutils.core.nrsc.scentry instance at 0x7f7fb11c64d0>] The file is "/raid/data/ReducedData/q4aM075aM075/q4aM075_T_112_448/psi4modes.bbh". This entry's metadta file is invalid.
   81	[Log for <nrutils.core.nrsc.scentry instance at 0x7f7fb11c64d0>] The file is "/raid/data/ReducedData/q4aM075aM075/q4aM075_T_112_448/q4aM075_T_112_448.bbh". This entry's metadata file is valid.
   82	[Log for <nrutils.core.nrsc.scentry instance at 0x7f7fb1359c20>] The file is "/raid/data/ReducedData/q2a045deg0/q2a045deg0/psi4modes.bbh". This entry's metadta file is invalid.
   83	[Log for <nrutils.core.nrsc.scentry instance at 0x7f7fb1359c20>] The file is "/raid/data/ReducedData/q2a045deg0/q2a045deg0/q2a045deg0.raw.bbh". This entry's metadta file is invalid.
   84	[Log for <nrutils.core.nrsc.scentry instance at 0x7f7fb1359c20>] The file is "/raid/data/ReducedData/q2a045deg0/q2a045deg0/q2a045deg0.bbh". This entry's metadata file is valid.
   85	[Log for <nrutils.core.nrsc.scentry instance at 0x7f7fb0ff97e8>] The file is "/raid/data/ReducedData/q8am085v6D10_96c025_backup/q8am085v6D10_96c025/q8am085v6D10_96c025.raw.bbh". This entry's metadta file is invalid.
   86	[Log for <nrutils.core.nrsc.scentry instance at 0x7f7fb0ff97e8>] The file is "/raid/data/ReducedData/q8am085v6D10_96c025_backup/q8am085v6D10_96c025/q8am085v6D10_96c025.bbh". This entry's metadta file is invalid.
   87	[Log for <nrutils.core.nrsc.scentry instance at 0x7f7fb0ff97e8>] The file is "/raid/data/ReducedData/q8am085v6D10_96c025_backup/q8am085v6D10_96c025/psi4modes.bbh". This entry's metadta file is invalid.
   88	[Log for <nrutils.core.nrsc.scentry instance at 0x7f7fb0ff97e8>] The file is "/raid/data/ReducedData/q2a05deg90/q2a05deg90/psi4modes.bbh". This entry's metadta file is invalid.
   89	[Log for <nrutils.core.nrsc.scentry instance at 0x7f7fb0ff97e8>] The file is "/raid/data/ReducedData/q2a05deg90/q2a05deg90/q2a05deg90.bbh". This entry's metadata file is valid.
   90	[Log for <nrutils.core.nrsc.scentry instance at 0x7f7fb0ff9dd0>] The file is "/raid/data/ReducedData/q2a05deg90/q2a05deg90/q2a05deg90.raw.bbh". This entry's metadta file is invalid.
   91	[Log for <nrutils.core.nrsc.scentry instance at 0x7f7fb0ff9dd0>] The file is "/raid/data/ReducedData/q4a025a025/q4a025_T_96_384/q4a025_T_96_384.bbh". This entry's metadata file is valid.
   92	[Log for <nrutils.core.nrsc.scentry instance at 0x7f7fb10756c8>] The file is "/raid/data/ReducedData/q4a025a025/q4a025_T_96_384/psi4modes.bbh". This entry's metadta file is invalid.
   93	[Log for <nrutils.core.nrsc.scentry instance at 0x7f7fb10756c8>] The file is "/raid/data/ReducedData/q4a025a025/q4a025_T_96_384/q4a025_T_96_384.raw.bbh". This entry's metadta file is invalid.
   94	[Log for <nrutils.core.nrsc.scentry instance at 0x7f7fb10756c8>] The file is "/raid/data/ReducedData/q2a05deg180a05deg0/q2a05deg180a05deg0/psi4modes.bbh". This entry's metadta file is invalid.
   95	[Log for <nrutils.core.nrsc.scentry instance at 0x7f7fb10756c8>] The file is "/raid/data/ReducedData/q2a05deg180a05deg0/q2a05deg180a05deg0/q2a05deg180a05deg0.raw.bbh". This entry's metadta file is invalid.
   96	[Log for <nrutils.core.nrsc.scentry instance at 0x7f7fb10756c8>] The file is "/raid/data/ReducedData/q2a05deg180a05deg0/q2a05deg180a05deg0/q2a05deg180a05deg0.bbh". This entry's metadata file is valid.
   97	[Log for <nrutils.core.nrsc.scentry instance at 0x7f7fb10144d0>] The file is "/raid/data/ReducedData/q4aM075a075_T_80_320_ERit2_AH_opt_C0.4/q4aM075a075_T_80_320_ERit2_AH_opt_C0.4/q4aM075a075_T_80_320_ERit2_AH_opt_C0.4.raw.bbh". This entry's metadta file is invalid.
   98	[Log for <nrutils.core.nrsc.scentry instance at 0x7f7fb10144d0>] The file is "/raid/data/ReducedData/q4aM075a075_T_80_320_ERit2_AH_opt_C0.4/q4aM075a075_T_80_320_ERit2_AH_opt_C0.4/psi4modes.bbh". This entry's metadta file is invalid.
   99	[Log for <nrutils.core.nrsc.scentry instance at 0x7f7fb10144d0>] The file is "/raid/data/ReducedData/q4aM075a075_T_80_320_ERit2_AH_opt_C0.4/q4aM075a075_T_80_320_ERit2_AH_opt_C0.4/q4aM075a075_T_80_320_ERit2_AH_opt_C0.4.bbh". This entry's metadata file is valid.
  100	[Log for <nrutils.core.nrsc.scentry instance at 0x7f7fb137b878>] The file is "/raid/data/ReducedData/q4a075a0375_T_80_320_ERit2_AH_opt_C0.4/q4a075a0375_T_80_320_ERit2_AH_opt_C0.4/psi4modes.bbh". This entry's metadta file is invalid.
  101	[Log for <nrutils.core.nrsc.scentry instance at 0x7f7fb137b878>] The file is "/raid/data/ReducedData/q4a075a0375_T_80_320_ERit2_AH_opt_C0.4/q4a075a0375_T_80_320_ERit2_AH_opt_C0.4/q4a075a0375_T_80_320_ERit2_AH_opt_C0.4.raw.bbh". This entry's metadta file is invalid.
  102	[Log for <nrutils.core.nrsc.scentry instance at 0x7f7fb137b878>] The file is "/raid/data/ReducedData/q4a075a0375_T_80_320_ERit2_AH_opt_C0.4/q4a075a0375_T_80_320_ERit2_AH_opt_C0.4/q4a075a0375_T_80_320_ERit2_AH_opt_C0.4.bbh". This entry's metadata file is valid.
  103	[Log for <nrutils.core.nrsc.scentry instance at 0x7f7fb11affc8>] The file is "/raid/data/ReducedData/q10S0/q10c25eC_T_80_420/q10c25eC_T_80_420.bbh". This entry's metadata file is valid.
  104	[Log for <nrutils.core.nrsc.scentry instance at 0x7f7fb1097fc8>] The file is "/raid/data/ReducedData/q10S0/q10c25eC_T_80_420/psi4modes.bbh". This entry's metadta file is invalid.
  105	[Log for <nrutils.core.nrsc.scentry instance at 0x7f7fb1097fc8>] The file is "/raid/data/ReducedData/q10S0/q10c25eC_T_80_420/q10c25eC_T_80_420.raw.bbh". This entry's metadta file is invalid.
  106	[Log for <nrutils.core.nrsc.scentry instance at 0x7f7fb1097fc8>] The file is "/raid/data/ReducedData/q10S0/q10c25eB_T_80_320/q10c25eB_T_80_320.bbh". This entry's metadta file is invalid.
  107	[Log for <nrutils.core.nrsc.scentry instance at 0x7f7fb1097fc8>] The file is "/raid/data/ReducedData/q10S0/q10c25eB_T_80_320/psi4modes.bbh". This entry's metadta file is invalid.
  108	[Log for <nrutils.core.nrsc.scentry instance at 0x7f7fb1097fc8>] The file is "/raid/data/ReducedData/q10S0/q10c25eB_T_80_320/q10c25eB_T_80_320.raw.bbh". This entry's metadta file is invalid.
  109	[Log for <nrutils.core.nrsc.scentry instance at 0x7f7fb1097fc8>] The file is "/raid/data/ReducedData/q3_a0_a0.75_p45d_64_128/q3_a0_a0.75_p45d_64_128/psi4modes.bbh". This entry's metadta file is invalid.
  110	[Log for <nrutils.core.nrsc.scentry instance at 0x7f7fb1097fc8>] The file is "/raid/data/ReducedData/q3_a0_a0.75_p45d_64_128/q3_a0_a0.75_p45d_64_128/q3_a0_a0.75_p45d_64_128.bbh". This entry's metadata file is valid.
  111	[Log for <nrutils.core.nrsc.scentry instance at 0x7f7fb10975f0>] The file is "/raid/data/ReducedData/q3_a0_a0.75_p45d_64_128/q3_a0_a0.75_p45d_64_128/q3_a0_a0.75_p45d_64_128.raw.bbh". This entry's metadta file is invalid.
  112	[Log for <nrutils.core.nrsc.scentry instance at 0x7f7fb10975f0>] The file is "/raid/data/ReducedData/q4a0a0/q4a0_T_112_448/q4a0_T_112_448.bbh". This entry's metadata file is valid.
  113	[Log for <nrutils.core.nrsc.scentry instance at 0x7f7fb13847a0>] The file is "/raid/data/ReducedData/q4a0a0/q4a0_T_112_448/psi4modes.bbh". This entry's metadta file is invalid.
  114	[Log for <nrutils.core.nrsc.scentry instance at 0x7f7fb13847a0>] The file is "/raid/data/ReducedData/q4a0a0/q4a0_T_112_448/q4a0_T_112_448.raw.bbh". This entry's metadta file is invalid.
  115	[Log for <nrutils.core.nrsc.scentry instance at 0x7f7fb13847a0>] The file is "/raid/data/ReducedData/q4a0a0/q4a0_T_80_320/q4a0_T_80_320.bbh". This entry's metadata file is valid.
  116	[Log for <nrutils.core.nrsc.scentry instance at 0x7f7fb1057128>] The file is "/raid/data/ReducedData/q4a0a0/q4a0_T_80_320/psi4modes.bbh". This entry's metadta file is invalid.
  117	[Log for <nrutils.core.nrsc.scentry instance at 0x7f7fb1057128>] The file is "/raid/data/ReducedData/q4a0a0/q4a0_T_80_320/q4a0_T_80_320.raw.bbh". This entry's metadta file is invalid.
  118	[Log for <nrutils.core.nrsc.scentry instance at 0x7f7fb1057128>] The file is "/raid/data/ReducedData/q4a0a0/q4a0_T_96_384/q4a0_T_96_384.bbh". This entry's metadata file is valid.
  119	[Log for <nrutils.core.nrsc.scentry instance at 0x7f7fb119ca28>] The file is "/raid/data/ReducedData/q4a0a0/q4a0_T_96_384/psi4modes.bbh". This entry's metadta file is invalid.
  120	[Log for <nrutils.core.nrsc.scentry instance at 0x7f7fb119ca28>] The file is "/raid/data/ReducedData/q4a0a0/q4a0_T_96_384/q4a0_T_96_384.raw.bbh". This entry's metadta file is invalid.
  121	[Log for <nrutils.core.nrsc.scentry instance at 0x7f7fb119ca28>] The file is "/raid/data/ReducedData/q4a0a0/q4a0_dtfac05_T_80_320/psi4modes.bbh". This entry's metadta file is invalid.
  122	[Log for <nrutils.core.nrsc.scentry instance at 0x7f7fb119ca28>] The file is "/raid/data/ReducedData/q4a0a0/q4a0_dtfac05_T_80_320/q4a0_dtfac05_T_80_320.raw.bbh". This entry's metadta file is invalid.
  123	[Log for <nrutils.core.nrsc.scentry instance at 0x7f7fb119ca28>] The file is "/raid/data/ReducedData/q4a0a0/q4a0_dtfac05_T_80_320/q4a0_dtfac05_T_80_320.bbh". This entry's metadata file is valid.
  124	[Log for <nrutils.core.nrsc.scentry instance at 0x7f7fb1046758>] The file is "/raid/data/ReducedData/q4a0a0/q4a0_dtfac035_T_80_320/psi4modes.bbh". This entry's metadta file is invalid.
  125	[Log for <nrutils.core.nrsc.scentry instance at 0x7f7fb1046758>] The file is "/raid/data/ReducedData/q4a0a0/q4a0_dtfac035_T_80_320/q4a0_dtfac035_T_80_320.bbh". This entry's metadata file is valid.
  126	[Log for <nrutils.core.nrsc.scentry instance at 0x7f7fb10114d0>] The file is "/raid/data/ReducedData/q4a0a0/q4a0_dtfac035_T_80_320/q4a0_dtfac035_T_80_320.raw.bbh". This entry's metadta file is invalid.
  127	[Log for <nrutils.core.nrsc.scentry instance at 0x7f7fb10114d0>] The file is "/raid/data/ReducedData/q3_a-0.5_a0.75_64_128_all/q3_a-0.5_a0.75_64_128/psi4modes.bbh". This entry's metadta file is invalid.
  128	[Log for <nrutils.core.nrsc.scentry instance at 0x7f7fb10114d0>] The file is "/raid/data/ReducedData/q3_a-0.5_a0.75_64_128_all/q3_a-0.5_a0.75_64_128/q3_a-0.5_a0.75_64_128.raw.bbh". This entry's metadta file is invalid.
  129	[Log for <nrutils.core.nrsc.scentry instance at 0x7f7fb10114d0>] The file is "/raid/data/ReducedData/q3_a-0.5_a0.75_64_128_all/q3_a-0.5_a0.75_64_128/q3_a-0.5_a0.75_64_128.bbh". This entry's metadata file is valid.
  130	[Log for <nrutils.core.nrsc.scentry instance at 0x7f7fb1011290>] The file is "/raid/data/ReducedData/q8a0am08_T_64_336/q8a0am08_T_64_336/q8a0am08_T_64_336.raw.bbh". This entry's metadta file is invalid.
  131	[Log for <nrutils.core.nrsc.scentry instance at 0x7f7fb1011290>] The file is "/raid/data/ReducedData/q8a0am08_T_64_336/q8a0am08_T_64_336/psi4modes.bbh". This entry's metadta file is invalid.
  132	[Log for <nrutils.core.nrsc.scentry instance at 0x7f7fb1011290>] The file is "/raid/data/ReducedData/q8a0am08_T_64_336/q8a0am08_T_64_336/q8a0am08_T_64_336.bbh". This entry's metadata file is valid.
  133	[Log for <nrutils.core.nrsc.scentry instance at 0x7f7fb1011c68>] The file is "/raid/data/ReducedData/q4a025a05_T_80_320_ERit2/q4a025a05_T_80_320_ERit2/q4a025a05_T_80_320_ERit2.bbh". This entry's metadta file is invalid.
  134	[Log for <nrutils.core.nrsc.scentry instance at 0x7f7fb1011c68>] The file is "/raid/data/ReducedData/q4a025a05_T_80_320_ERit2/q4a025a05_T_80_320_ERit2/psi4modes.bbh". This entry's metadta file is invalid.
  135	[Log for <nrutils.core.nrsc.scentry instance at 0x7f7fb1011c68>] The file is "/raid/data/ReducedData/q4a025a05_T_80_320_ERit2/q4a025a05_T_80_320_ERit2/q4a025a05_T_80_320_ERit2.raw.bbh". This entry's metadta file is invalid.
  136	[Log for <nrutils.core.nrsc.scentry instance at 0x7f7fb1011c68>] The file is "/raid/data/ReducedData/q18a0aM04c025_96_fine/q18a0aM04c025_96_fine/q18a0aM04c025_96_fine.raw.bbh". This entry's metadta file is invalid.
  137	[Log for <nrutils.core.nrsc.scentry instance at 0x7f7fb1011c68>] The file is "/raid/data/ReducedData/q18a0aM04c025_96_fine/q18a0aM04c025_96_fine/psi4modes.bbh". This entry's metadta file is invalid.
  138	[Log for <nrutils.core.nrsc.scentry instance at 0x7f7fb1011c68>] The file is "/raid/data/ReducedData/q18a0aM04c025_96_fine/q18a0aM04c025_96_fine/q18a0aM04c025_96_fine.bbh". This entry's metadata file is valid.
  139	[Log for <nrutils.core.nrsc.scentry instance at 0x7f7fb1354b48>] The file is "/raid/data/ReducedData/q4aM05aM05/q4aM05_T_96_384/q4aM05_T_96_384.bbh". This entry's metadata file is valid.
  140	[Log for <nrutils.core.nrsc.scentry instance at 0x7f7fb12589e0>] The file is "/raid/data/ReducedData/q4aM05aM05/q4aM05_T_96_384/psi4modes.bbh". This entry's metadta file is invalid.
  141	[Log for <nrutils.core.nrsc.scentry instance at 0x7f7fb12589e0>] The file is "/raid/data/ReducedData/q4aM05aM05/q4aM05_T_96_384/q4aM05_T_96_384.raw.bbh". This entry's metadta file is invalid.
  142	[Log for <nrutils.core.nrsc.scentry instance at 0x7f7fb12589e0>] The file is "/raid/data/ReducedData/q3_a0_a0.75_p270d_64_128/q3_a0_a0.75_p225d_64_128/q3_a0_a0.75_p225d_64_128.bbh". This entry's metadata file is valid.
  143	[Log for <nrutils.core.nrsc.scentry instance at 0x7f7fb1258ef0>] The file is "/raid/data/ReducedData/q3_a0_a0.75_p270d_64_128/q3_a0_a0.75_p225d_64_128/q3_a0_a0.75_p225d_64_128.raw.bbh". This entry's metadta file is invalid.
  144	[Log for <nrutils.core.nrsc.scentry instance at 0x7f7fb1258ef0>] The file is "/raid/data/ReducedData/q3_a0_a0.75_p270d_64_128/q3_a0_a0.75_p225d_64_128/psi4modes.bbh". This entry's metadta file is invalid.
  145	[Log for <nrutils.core.nrsc.scentry instance at 0x7f7fb1258ef0>] The file is "/raid/data/ReducedData/q3_a0_a0.75_p270d_64_128/q3_a0_a0.75_p225d_64_128/psi4BAMmodes.bbh". This entry's metadta file is invalid.
  146	[Log for <nrutils.core.nrsc.scentry instance at 0x7f7fb1258ef0>] The file is "/raid/data/ReducedData/q8a0a04/q8a0a04_T_80_420/q8a0a04_T_80_420.bbh". This entry's metadata file is valid.
  147	[Log for <nrutils.core.nrsc.scentry instance at 0x7f7fb1258908>] The file is "/raid/data/ReducedData/q8a0a04/q8a0a04_T_80_420/q8a0a04_T_80_420.raw.bbh". This entry's metadta file is invalid.
  148	[Log for <nrutils.core.nrsc.scentry instance at 0x7f7fb1096680>] The file is "/raid/data/ReducedData/q8a0a04/q8a0a04_T_80_420/psi4modes.bbh". This entry's metadta file is invalid.
  149	[Log for <nrutils.core.nrsc.scentry instance at 0x7f7fb1096680>] The file is "/raid/data/ReducedData/q8a0a04/q8a0a04_T_80_420/psi4BAMmodes.bbh". This entry's metadta file is invalid.
  150	[Log for <nrutils.core.nrsc.scentry instance at 0x7f7fb1096680>] The file is "/raid/data/ReducedData/q2a05deg180/q2a05deg180/q2a05deg180.raw.bbh". This entry's metadta file is invalid.
  151	[Log for <nrutils.core.nrsc.scentry instance at 0x7f7fb1096680>] The file is "/raid/data/ReducedData/q2a05deg180/q2a05deg180/psi4modes.bbh". This entry's metadta file is invalid.
  152	[Log for <nrutils.core.nrsc.scentry instance at 0x7f7fb1096680>] The file is "/raid/data/ReducedData/q2a05deg180/q2a05deg180/q2a05deg180.bbh". This entry's metadata file is valid.
  153	[Log for <nrutils.core.nrsc.scentry instance at 0x7f7fb1096320>] The file is "/raid/data/ReducedData/q2a05deg90a05deg0/q2a05deg90a05deg0/q2a05deg90a05deg0.raw.bbh". This entry's metadta file is invalid.
  154	[Log for <nrutils.core.nrsc.scentry instance at 0x7f7fb1096320>] The file is "/raid/data/ReducedData/q2a05deg90a05deg0/q2a05deg90a05deg0/psi4modes.bbh". This entry's metadta file is invalid.
  155	[Log for <nrutils.core.nrsc.scentry instance at 0x7f7fb1096320>] The file is "/raid/data/ReducedData/q2a05deg90a05deg0/q2a05deg90a05deg0/q2a05deg90a05deg0.bbh". This entry's metadata file is valid.
  156	[Log for <nrutils.core.nrsc.scentry instance at 0x7f7fb1258950>] The file is "/raid/data/ReducedData/q2a05deg0a05deg0/q2a05deg0a05deg0/q2a05deg0a05deg0.bbh". This entry's metadata file is valid.
  157	[Log for <nrutils.core.nrsc.scentry instance at 0x7f7fb12587e8>] The file is "/raid/data/ReducedData/q2a05deg0a05deg0/q2a05deg0a05deg0/psi4modes.bbh". This entry's metadta file is invalid.
  158	[Log for <nrutils.core.nrsc.scentry instance at 0x7f7fb12587e8>] The file is "/raid/data/ReducedData/q2a05deg0a05deg0/q2a05deg0a05deg0/q2a05deg0a05deg0.raw.bbh". This entry's metadta file is invalid.
  159	[Log for <nrutils.core.nrsc.scentry instance at 0x7f7fb12587e8>] The file is "/raid/data/ReducedData/q3_a-0.5_a0.75_90d_64_128_all/q3_a-0.5_a0.75_90d_64_128/q3_a-0.5_a0.75_90d_64_128.raw.bbh". This entry's metadta file is invalid.
  160	[Log for <nrutils.core.nrsc.scentry instance at 0x7f7fb12587e8>] The file is "/raid/data/ReducedData/q3_a-0.5_a0.75_90d_64_128_all/q3_a-0.5_a0.75_90d_64_128/q3_a-0.5_a0.75_90d_64_128.bbh". This entry's metadata file is valid.
  161	[Log for <nrutils.core.nrsc.scentry instance at 0x7f7fb1258b48>] The file is "/raid/data/ReducedData/q3_a-0.5_a0.75_90d_64_128_all/q3_a-0.5_a0.75_90d_64_128/psi4modes.bbh". This entry's metadta file is invalid.
  162	[Log for <nrutils.core.nrsc.scentry instance at 0x7f7fb1258b48>] The file is "/raid/data/ReducedData/q3_a-0.5_a0.75_76d_64_128_all/q3_a-0.5_a0.75_76d_64_128/q3_a-0.5_a0.75_76d_64_128.raw.bbh". This entry's metadta file is invalid.
  163	[Log for <nrutils.core.nrsc.scentry instance at 0x7f7fb1258b48>] The file is "/raid/data/ReducedData/q3_a-0.5_a0.75_76d_64_128_all/q3_a-0.5_a0.75_76d_64_128/q3_a-0.5_a0.75_76d_64_128.bbh". This entry's metadata file is valid.
  164	[Log for <nrutils.core.nrsc.scentry instance at 0x7f7fb10ad638>] The file is "/raid/data/ReducedData/q3_a-0.5_a0.75_76d_64_128_all/q3_a-0.5_a0.75_76d_64_128/psi4modes.bbh". This entry's metadta file is invalid.
  165	[Log for <nrutils.core.nrsc.scentry instance at 0x7f7fb12f6248>] The file is "/raid/data/ReducedData/q3_a0_a0.75_p90d_64_128/q3_a0_a0.75_p90d_64_128_FV/psi4modes.bbh". This entry's metadta file is invalid.
  166	[Log for <nrutils.core.nrsc.scentry instance at 0x7f7fb12f6248>] The file is "/raid/data/ReducedData/q3_a0_a0.75_p90d_64_128/q3_a0_a0.75_p90d_64_128_FV/q3_a0_a0.75_p90d_64_128_FV.bbh". This entry's metadata file is valid.
  167	[Log for <nrutils.core.nrsc.scentry instance at 0x7f7fb13814d0>] The file is "/raid/data/ReducedData/q3_a0_a0.75_p90d_64_128/q3_a0_a0.75_p90d_64_128_FV/q3_a0_a0.75_p90d_64_128_FV.raw.bbh". This entry's metadta file is invalid.
  168	[Log for <nrutils.core.nrsc.scentry instance at 0x7f7fb13814d0>] The file is "/raid/data/ReducedData/q2_a-0.5_a0.75_64_128_all/q2_a-0.5_a0.75_64_128/q2_a-0.5_a0.75_64_128.raw.bbh". This entry's metadta file is invalid.
  169	[Log for <nrutils.core.nrsc.scentry instance at 0x7f7fb13814d0>] The file is "/raid/data/ReducedData/q2_a-0.5_a0.75_64_128_all/q2_a-0.5_a0.75_64_128/psi4modes.bbh". This entry's metadta file is invalid.
  170	[Log for <nrutils.core.nrsc.scentry instance at 0x7f7fb13814d0>] The file is "/raid/data/ReducedData/q2_a-0.5_a0.75_64_128_all/q2_a-0.5_a0.75_64_128/q2_a-0.5_a0.75_64_128.bbh". This entry's metadata file is valid.
  171	[Log for <nrutils.core.nrsc.scentry instance at 0x7f7fb1238710>] The file is "/raid/data/ReducedData/q18a0a0c025_120/q18a0a0c025_120/q18a0a0c025_120.raw.bbh". This entry's metadta file is invalid.
  172	[Log for <nrutils.core.nrsc.scentry instance at 0x7f7fb1238710>] The file is "/raid/data/ReducedData/q18a0a0c025_120/q18a0a0c025_120/q18a0a0c025_120.bbh". This entry's metadata file is valid.
  173	[Log for <nrutils.core.nrsc.scentry instance at 0x7f7fb1021560>] The file is "/raid/data/ReducedData/q18a0a0c025_120/q18a0a0c025_120/psi4modes.bbh". This entry's metadta file is invalid.
  174	[Log for <nrutils.core.nrsc.scentry instance at 0x7f7fb1021560>] The file is "/raid/data/ReducedData/q2a05deg45a05deg0/q2a05deg45a05deg0/q2a05deg45a05deg0.raw.bbh". This entry's metadta file is invalid.
  175	[Log for <nrutils.core.nrsc.scentry instance at 0x7f7fb1021560>] The file is "/raid/data/ReducedData/q2a05deg45a05deg0/q2a05deg45a05deg0/psi4modes.bbh". This entry's metadta file is invalid.
  176	[Log for <nrutils.core.nrsc.scentry instance at 0x7f7fb1021560>] The file is "/raid/data/ReducedData/q2a05deg45a05deg0/q2a05deg45a05deg0/q2a05deg45a05deg0.bbh". This entry's metadata file is valid.
  177	[Log for <nrutils.core.nrsc.scentry instance at 0x7f7fb11ead40>] The file is "/raid/data/ReducedData/q2a05deg270a05deg0/q2a05deg270a05deg0/psi4modes.bbh". This entry's metadta file is invalid.
  178	[Log for <nrutils.core.nrsc.scentry instance at 0x7f7fb11ead40>] The file is "/raid/data/ReducedData/q2a05deg270a05deg0/q2a05deg270a05deg0/q2a05deg270a05deg0.bbh". This entry's metadata file is valid.
  179	[Log for <nrutils.core.nrsc.scentry instance at 0x7f7fb136b6c8>] The file is "/raid/data/ReducedData/q2a05deg270a05deg0/q2a05deg270a05deg0/q2a05deg270a05deg0.raw.bbh". This entry's metadta file is invalid.
  180	[Log for <nrutils.core.nrsc.scentry instance at 0x7f7fb136b6c8>] The file is "/raid/data/ReducedData/q4a05a05/q4a05_T_96_384/q4a05_T_96_384.raw.bbh". This entry's metadta file is invalid.
  181	[Log for <nrutils.core.nrsc.scentry instance at 0x7f7fb136b6c8>] The file is "/raid/data/ReducedData/q4a05a05/q4a05_T_96_384/psi4modes.bbh". This entry's metadta file is invalid.
  182	[Log for <nrutils.core.nrsc.scentry instance at 0x7f7fb136b6c8>] The file is "/raid/data/ReducedData/q4a05a05/q4a05_T_96_384/q4a05_T_96_384.bbh". This entry's metadata file is valid.
  183	[Log for <nrutils.core.nrsc.scentry instance at 0x7f7fb1240ea8>] The file is "/raid/data/ReducedData/q4a05a05/q4a05_T_80_320/q4a05_T_80_320.raw.bbh". This entry's metadta file is invalid.
  184	[Log for <nrutils.core.nrsc.scentry instance at 0x7f7fb1240ea8>] The file is "/raid/data/ReducedData/q4a05a05/q4a05_T_80_320/psi4modes.bbh". This entry's metadta file is invalid.
  185	[Log for <nrutils.core.nrsc.scentry instance at 0x7f7fb1240ea8>] The file is "/raid/data/ReducedData/q4a05a05/q4a05_T_80_320/q4a05_T_80_320.bbh". This entry's metadata file is valid.
  186	[Log for <nrutils.core.nrsc.scentry instance at 0x7f7fb133b488>] The file is "/raid/data/ReducedData/q2a05deg315a05deg0/q2a05deg315a05deg0/psi4modes.bbh". This entry's metadta file is invalid.
  187	[Log for <nrutils.core.nrsc.scentry instance at 0x7f7fb133b488>] The file is "/raid/data/ReducedData/q2a05deg315a05deg0/q2a05deg315a05deg0/q2a05deg315a05deg0.bbh". This entry's metadata file is valid.
  188	[Log for <nrutils.core.nrsc.scentry instance at 0x7f7fb133b5f0>] The file is "/raid/data/ReducedData/q2a05deg315a05deg0/q2a05deg315a05deg0/q2a05deg315a05deg0.raw.bbh". This entry's metadta file is invalid.
  189	[Log for <nrutils.core.nrsc.scentry instance at 0x7f7fb133b5f0>] The file is "/raid/data/ReducedData/q4aM025aM025/q4aM025_T_80_320/q4aM025_T_80_320.bbh". This entry's metadata file is valid.
  190	[Log for <nrutils.core.nrsc.scentry instance at 0x7f7fa3964b90>] The file is "/raid/data/ReducedData/q4aM025aM025/q4aM025_T_80_320/psi4modes.bbh". This entry's metadta file is invalid.
  191	[Log for <nrutils.core.nrsc.scentry instance at 0x7f7fa3964b90>] The file is "/raid/data/ReducedData/q4aM025aM025/q4aM025_T_80_320/q4aM025_T_80_320.raw.bbh". This entry's metadta file is invalid.
  192	[Log for <nrutils.core.nrsc.scentry instance at 0x7f7fa3964b90>] The file is "/raid/data/ReducedData/q4aM025aM025/q4aM025_T_112_448/q4aM025_T_112_448.bbh". This entry's metadata file is valid.
  193	[Log for <nrutils.core.nrsc.scentry instance at 0x7f7fb13a2f80>] The file is "/raid/data/ReducedData/q4aM025aM025/q4aM025_T_112_448/psi4modes.bbh". This entry's metadta file is invalid.
  194	[Log for <nrutils.core.nrsc.scentry instance at 0x7f7fb1370cf8>] The file is "/raid/data/ReducedData/q4aM025aM025/q4aM025_T_112_448/q4aM025_T_112_448.raw.bbh". This entry's metadta file is invalid.
  195	[Log for <nrutils.core.nrsc.scentry instance at 0x7f7fb1370cf8>] The file is "/raid/data/ReducedData/q4aM025aM025/q4aM025_T_96_384/q4aM025_T_96_384.bbh". This entry's metadata file is valid.
  196	[Log for <nrutils.core.nrsc.scentry instance at 0x7f7fb1e86e60>] The file is "/raid/data/ReducedData/q4aM025aM025/q4aM025_T_96_384/psi4modes.bbh". This entry's metadta file is invalid.
  197	[Log for <nrutils.core.nrsc.scentry instance at 0x7f7fb1e86e60>] The file is "/raid/data/ReducedData/q4aM025aM025/q4aM025_T_96_384/q4aM025_T_96_384.raw.bbh". This entry's metadta file is invalid.
  198	[Log for <nrutils.core.nrsc.scentry instance at 0x7f7fb1e86e60>] The file is "/raid/data/ReducedData/q8S0/q8a0a0_T_112_588n768/q8a0a0_T_112_588n768.bbh". This entry's metadata file is valid.
  199	[Log for <nrutils.core.nrsc.scentry instance at 0x7f7fb1093b48>] The file is "/raid/data/ReducedData/q8S0/q8a0a0_T_112_588n768/psi4modes.bbh". This entry's metadta file is invalid.
  200	[Log for <nrutils.core.nrsc.scentry instance at 0x7f7fb1093b48>] The file is "/raid/data/ReducedData/q8S0/q8a0a0_T_112_588n768/q8a0a0_T_112_588n768.raw.bbh". This entry's metadta file is invalid.
  201	[Log for <nrutils.core.nrsc.scentry instance at 0x7f7fb1093b48>] The file is "/raid/data/ReducedData/q8S0/q8a0a0_T_112_588n768/psi4BAMmodes.bbh". This entry's metadta file is invalid.
  202	[Log for <nrutils.core.nrsc.scentry instance at 0x7f7fb1093b48>] The file is "/raid/data/ReducedData/q8S0/q8a0a0c035_T_80_420/q8a0a0c035_T_80_420.bbh". This entry's metadata file is valid.
  203	[Log for <nrutils.core.nrsc.scentry instance at 0x7f7fb1093638>] The file is "/raid/data/ReducedData/q8S0/q8a0a0c035_T_80_420/psi4modes.bbh". This entry's metadta file is invalid.
  204	[Log for <nrutils.core.nrsc.scentry instance at 0x7f7fb1093638>] The file is "/raid/data/ReducedData/q8S0/q8a0a0c035_T_80_420/q8a0a0c035_T_80_420.raw.bbh". This entry's metadta file is invalid.
  205	[Log for <nrutils.core.nrsc.scentry instance at 0x7f7fb1093638>] The file is "/raid/data/ReducedData/q8S0/q8a0a0c035_T_80_420/psi4BAMmodes.bbh". This entry's metadta file is invalid.
  206	[Log for <nrutils.core.nrsc.scentry instance at 0x7f7fb1093638>] The file is "/raid/data/ReducedData/q8S0/q8a0a0_T_80_420/q8a0a0_T_80_420.bbh". This entry's metadata file is valid.
  207	[Log for <nrutils.core.nrsc.scentry instance at 0x7f7fb1093560>] The file is "/raid/data/ReducedData/q8S0/q8a0a0_T_80_420/q8a0a0_T_80_420.raw.bbh". This entry's metadta file is invalid.
  208	[Log for <nrutils.core.nrsc.scentry instance at 0x7f7fb1093560>] The file is "/raid/data/ReducedData/q8S0/q8a0a0_T_80_420/psi4modes.bbh". This entry's metadta file is invalid.
  209	[Log for <nrutils.core.nrsc.scentry instance at 0x7f7fb1093560>] The file is "/raid/data/ReducedData/q8S0/q8a0a0c05_T_80_420/q8a0a0c05_T_80_420.raw.bbh". This entry's metadta file is invalid.
  210	[Log for <nrutils.core.nrsc.scentry instance at 0x7f7fb1093560>] The file is "/raid/data/ReducedData/q8S0/q8a0a0c05_T_80_420/psi4modes.bbh". This entry's metadta file is invalid.
  211	[Log for <nrutils.core.nrsc.scentry instance at 0x7f7fb1093560>] The file is "/raid/data/ReducedData/q8S0/q8a0a0c05_T_80_420/q8a0a0c05_T_80_420.bbh". This entry's metadata file is valid.
  212	[Log for <nrutils.core.nrsc.scentry instance at 0x7f7fb1093ab8>] The file is "/raid/data/ReducedData/q8S0/q8a0a0c05_T_80_420/psi4BAMmodes.bbh". This entry's metadta file is invalid.
  213	[Log for <nrutils.core.nrsc.scentry instance at 0x7f7fb11a9488>] The file is "/raid/data/ReducedData/q8S0/q8a0a0_T_96_504n512/psi4modes.bbh". This entry's metadta file is invalid.
  214	[Log for <nrutils.core.nrsc.scentry instance at 0x7f7fb11a9488>] The file is "/raid/data/ReducedData/q8S0/q8a0a0_T_96_504n512/q8a0a0_T_96_504n512.bbh". This entry's metadata file is valid.
  215	[Log for <nrutils.core.nrsc.scentry instance at 0x7f7fb11a98c0>] The file is "/raid/data/ReducedData/q8S0/q8a0a0_T_96_504n512/psi4BAMmodes.bbh". This entry's metadta file is invalid.
  216	[Log for <nrutils.core.nrsc.scentry instance at 0x7f7fb11a98c0>] The file is "/raid/data/ReducedData/q8S0/q8a0a0_T_96_504n512/q8a0a0_T_96_504n512.raw.bbh". This entry's metadta file is invalid.
  217	[Log for <nrutils.core.nrsc.scentry instance at 0x7f7fb11a98c0>] The file is "/raid/data/ReducedData/q2a05deg270/q2a05deg270/psi4modes.bbh". This entry's metadta file is invalid.
  218	[Log for <nrutils.core.nrsc.scentry instance at 0x7f7fb11a98c0>] The file is "/raid/data/ReducedData/q2a05deg270/q2a05deg270/q2a05deg270.raw.bbh". This entry's metadta file is invalid.
  219	[Log for <nrutils.core.nrsc.scentry instance at 0x7f7fb11a98c0>] The file is "/raid/data/ReducedData/q2a05deg270/q2a05deg270/q2a05deg270.bbh". This entry's metadata file is valid.
  220	[Log for <nrutils.core.nrsc.scentry instance at 0x7f7fb13af290>] The file is "/raid/data/ReducedData/q2a05deg135/q2a05deg135/q2a05deg135.bbh". This entry's metadata file is valid.
  221	[Log for <nrutils.core.nrsc.scentry instance at 0x7f7fb11a9290>] The file is "/raid/data/ReducedData/q2a05deg135/q2a05deg135/psi4modes.bbh". This entry's metadta file is invalid.
  222	[Log for <nrutils.core.nrsc.scentry instance at 0x7f7fb11a9290>] The file is "/raid/data/ReducedData/q2a05deg135/q2a05deg135/q2a05deg135.raw.bbh". This entry's metadta file is invalid.
  223	[Log for <nrutils.core.nrsc.scentry instance at 0x7f7fb11a9290>] The file is "/raid/data/ReducedData/q4a075a075/q4a075_T_80_320/q4a075_T_80_320.bbh". This entry's metadata file is valid.
  224	[Log for <nrutils.core.nrsc.scentry instance at 0x7f7fb1392440>] The file is "/raid/data/ReducedData/q4a075a075/q4a075_T_80_320/q4a075_T_80_320.raw.bbh". This entry's metadta file is invalid.
  225	[Log for <nrutils.core.nrsc.scentry instance at 0x7f7fb1392440>] The file is "/raid/data/ReducedData/q4a075a075/q4a075_T_80_320/psi4modes.bbh". This entry's metadta file is invalid.
  226	[Log for <nrutils.core.nrsc.scentry instance at 0x7f7fb1392440>] The file is "/raid/data/ReducedData/q4a075a075/q4a075_dtfac05_T_80_320/q4a075_dtfac05_T_80_320.bbh". This entry's metadata file is valid.
  227	[Log for <nrutils.core.nrsc.scentry instance at 0x7f7fb1392cb0>] The file is "/raid/data/ReducedData/q4a075a075/q4a075_dtfac05_T_80_320/psi4modes.bbh". This entry's metadta file is invalid.
  228	[Log for <nrutils.core.nrsc.scentry instance at 0x7f7fb1392cb0>] The file is "/raid/data/ReducedData/q4a075a075/q4a075_dtfac05_T_80_320/q4a075_dtfac05_T_80_320.raw.bbh". This entry's metadta file is invalid.
  229	[Log for <nrutils.core.nrsc.scentry instance at 0x7f7fb1392cb0>] The file is "/raid/data/ReducedData/q4a075a075/q4a075_T_112_448/psi4modes.bbh". This entry's metadta file is invalid.
  230	[Log for <nrutils.core.nrsc.scentry instance at 0x7f7fb1392cb0>] The file is "/raid/data/ReducedData/q4a075a075/q4a075_T_112_448/q4a075_T_112_448.bbh". This entry's metadata file is valid.
  231	[Log for <nrutils.core.nrsc.scentry instance at 0x7f7fb1392908>] The file is "/raid/data/ReducedData/q4a075a075/q4a075_T_112_448/q4a075_T_112_448.raw.bbh". This entry's metadta file is invalid.
  232	[Log for <nrutils.core.nrsc.scentry instance at 0x7f7fb1392908>] The file is "/raid/data/ReducedData/q4a075a075/q4a075rerun_T_96_384/q4a075rerun_T_96_384.raw.bbh". This entry's metadta file is invalid.
  233	[Log for <nrutils.core.nrsc.scentry instance at 0x7f7fb1392908>] The file is "/raid/data/ReducedData/q4a075a075/q4a075rerun_T_96_384/psi4modes.bbh". This entry's metadta file is invalid.
  234	[Log for <nrutils.core.nrsc.scentry instance at 0x7f7fb1392908>] The file is "/raid/data/ReducedData/q4a075a075/q4a075rerun_T_96_384/q4a075rerun_T_96_384.bbh". This entry's metadata file is valid.
  235	[Log for <nrutils.core.nrsc.scentry instance at 0x7f7fb105f0e0>] The file is "/raid/data/ReducedData/q4a075a075/q4a075_dtfac035_T_80_320/q4a075_dtfac035_T_80_320.bbh". This entry's metadata file is valid.
  236	[Log for <nrutils.core.nrsc.scentry instance at 0x7f7fb11e8b00>] The file is "/raid/data/ReducedData/q4a075a075/q4a075_dtfac035_T_80_320/psi4modes.bbh". This entry's metadta file is invalid.
  237	[Log for <nrutils.core.nrsc.scentry instance at 0x7f7fb11e8b00>] The file is "/raid/data/ReducedData/q4a075a075/q4a075_dtfac035_T_80_320/q4a075_dtfac035_T_80_320.raw.bbh". This entry's metadta file is invalid.
  238	[Log for <nrutils.core.nrsc.scentry instance at 0x7f7fa394f3f8>] The file is "/raid/data/ReducedData/q2a05deg135a05deg0/q2a05deg135a05deg0/psi4modes.bbh". This entry's metadta file is invalid.
  239	[Log for <nrutils.core.nrsc.scentry instance at 0x7f7fa394f3f8>] The file is "/raid/data/ReducedData/q2a05deg135a05deg0/q2a05deg135a05deg0/q2a05deg135a05deg0.raw.bbh". This entry's metadta file is invalid.
  240	[Log for <nrutils.core.nrsc.scentry instance at 0x7f7fa394f3f8>] The file is "/raid/data/ReducedData/q2a05deg135a05deg0/q2a05deg135a05deg0/q2a05deg135a05deg0.bbh". This entry's metadata file is valid.
  241	[Log for <nrutils.core.nrsc.scentry instance at 0x7f7fb11f2c68>] The file is "/raid/data/ReducedData/q3_a-0.5_a0.75_64_128_mdh/q3_a-0.5_a0.75_64_128/psi4modes.bbh". This entry's metadta file is invalid.
  242	[Log for <nrutils.core.nrsc.scentry instance at 0x7f7fb11f2c68>] The file is "/raid/data/ReducedData/q3_a-0.5_a0.75_64_128_mdh/q3_a-0.5_a0.75_64_128/q3_a-0.5_a0.75_64_128.raw.bbh". This entry's metadta file is invalid.
  243	[Log for <nrutils.core.nrsc.scentry instance at 0x7f7fb11f2c68>] The file is "/raid/data/ReducedData/q3_a-0.5_a0.75_64_128_mdh/q3_a-0.5_a0.75_64_128/q3_a-0.5_a0.75_64_128.bbh". This entry's metadata file is valid.
  244	[Log for <nrutils.core.nrsc.scentry instance at 0x7f7fb11d6e18>] The file is "/raid/data/ReducedData/q3_a-0.5_a0.75_64_128_mdh/q3_a-0.5_a0.75_64_128/psi4BAMmodes.bbh". This entry's metadta file is invalid.
  245	[Log for <nrutils.core.nrsc.scentry instance at 0x7f7fb11d6e18>] The file is "/raid/data/ReducedData/q18c05v4_eta1_T_80fine_dxmaxmod/q18c05v4_eta1_T_80fine_dxmaxmod/q18c05v4_eta1_T_80fine_dxmaxmod.bbh". This entry's metadata file is valid.
  246	[Log for <nrutils.core.nrsc.scentry instance at 0x7f7fb11836c8>] The file is "/raid/data/ReducedData/q18c05v4_eta1_T_80fine_dxmaxmod/q18c05v4_eta1_T_80fine_dxmaxmod/psi4modes.bbh". This entry's metadta file is invalid.
  247	[Log for <nrutils.core.nrsc.scentry instance at 0x7f7fb11836c8>] The file is "/raid/data/ReducedData/q18c05v4_eta1_T_80fine_dxmaxmod/q18c05v4_eta1_T_80fine_dxmaxmod/q18c05v4_eta1_T_80fine_dxmaxmod.raw.bbh". This entry's metadta file is invalid.
  248	[Log for <nrutils.core.nrsc.scentry instance at 0x7f7fb11836c8>] The file is "/raid/data/ReducedData/q8am085v6D10_96/q8am085v6D10_96/q8am085v6D10_96.raw.bbh". This entry's metadta file is invalid.
  249	[Log for <nrutils.core.nrsc.scentry instance at 0x7f7fb11836c8>] The file is "/raid/data/ReducedData/q8am085v6D10_96/q8am085v6D10_96/q8am085v6D10_96.bbh". This entry's metadata file is valid.
  250	[Log for <nrutils.core.nrsc.scentry instance at 0x7f7fb10285f0>] The file is "/raid/data/ReducedData/q8am085v6D10_96/q8am085v6D10_96/psi4modes.bbh". This entry's metadta file is invalid.
  251	[Log for <nrutils.core.nrsc.scentry instance at 0x7f7fb10285f0>] The file is "/raid/data/ReducedData/q2a05deg315/q2a05deg315/q2a05deg315.bbh". This entry's metadata file is valid.
  252	[Log for <nrutils.core.nrsc.scentry instance at 0x7f7fb1028488>] The file is "/raid/data/ReducedData/q2a05deg315/q2a05deg315/psi4modes.bbh". This entry's metadta file is invalid.
  253	[Log for <nrutils.core.nrsc.scentry instance at 0x7f7fb1028488>] The file is "/raid/data/ReducedData/q2a05deg315/q2a05deg315/q2a05deg315.raw.bbh". This entry's metadta file is invalid.
  254	[Log for <nrutils.core.nrsc.scentry instance at 0x7f7fb1028488>] The file is "/raid/data/ReducedData/q4a045a045_T_80_320_ERit2_AH_opt_C0.4/q4a045a045_T_80_320_ERit2_AH_opt_C0.4/psi4modes.bbh". This entry's metadta file is invalid.
  255	[Log for <nrutils.core.nrsc.scentry instance at 0x7f7fb1028488>] The file is "/raid/data/ReducedData/q4a045a045_T_80_320_ERit2_AH_opt_C0.4/q4a045a045_T_80_320_ERit2_AH_opt_C0.4/q4a045a045_T_80_320_ERit2_AH_opt_C0.4.bbh". This entry's metadta file is invalid.
  256	[Log for <nrutils.core.nrsc.scentry instance at 0x7f7fb1028488>] The file is "/raid/data/ReducedData/q4a045a045_T_80_320_ERit2_AH_opt_C0.4/q4a045a045_T_80_320_ERit2_AH_opt_C0.4/q4a045a045_T_80_320_ERit2_AH_opt_C0.4.raw.bbh". This entry's metadta file is invalid.
  257	[Log for <nrutils.core.nrsc.scentry instance at 0x7f7fb1028488>] The file is "/raid/data/ReducedData/q3_a-0.5_a0.75_90d_64_128/q3_a-0.5_a0.75_90d_64_128.raw.bbh". This entry's metadta file is invalid.
  258	[Log for <nrutils.core.nrsc.scentry instance at 0x7f7fb1028488>] The file is "/raid/data/ReducedData/q3_a-0.5_a0.75_90d_64_128/q3_a-0.5_a0.75_90d_64_128.bbh". This entry's metadata file is valid.
  259	[Log for <nrutils.core.nrsc.scentry instance at 0x7f7fb1028320>] The file is "/raid/data/ReducedData/q3_a-0.5_a0.75_90d_64_128/psi4modes.bbh". This entry's metadta file is invalid.
  260	[Log for <nrutils.core.nrsc.scentry instance at 0x7f7fb1028320>] The file is "/raid/data/ReducedData/q3_a-0.5_a0.75_90d_64_128/psi4BAMmodes.bbh". This entry's metadta file is invalid.
  261	[Log for <nrutils.core.nrsc.scentry instance at 0x7f7fb1028320>] The file is "/raid/data/ReducedData/q3_a0_a0.75_p225d_64_128/q3_a0_a0.75_p225d_64_128/q3_a0_a0.75_p225d_64_128.bbh". This entry's metadata file is valid.
  262	[Log for <nrutils.core.nrsc.scentry instance at 0x7f7fb11b5050>] The file is "/raid/data/ReducedData/q3_a0_a0.75_p225d_64_128/q3_a0_a0.75_p225d_64_128/q3_a0_a0.75_p225d_64_128.raw.bbh". This entry's metadta file is invalid.
  263	[Log for <nrutils.core.nrsc.scentry instance at 0x7f7fb11b5050>] The file is "/raid/data/ReducedData/q3_a0_a0.75_p225d_64_128/q3_a0_a0.75_p225d_64_128/psi4modes.bbh". This entry's metadta file is invalid.
  264	[Log for <nrutils.core.nrsc.scentry instance at 0x7f7fb11b5050>] The file is "/raid/data/ReducedData/q3_a0_a0.75_p225d_64_128/q3_a0_a0.75_p225d_64_128/psi4BAMmodes.bbh". This entry's metadta file is invalid.
  265	[Log for <nrutils.core.nrsc.scentry instance at 0x7f7fb11b5050>] The file is "/raid/data/ReducedData/q18a0a0c025_144/q18a0a0c025_144/q18a0a0c025_144.raw.bbh". This entry's metadta file is invalid.
  266	[Log for <nrutils.core.nrsc.scentry instance at 0x7f7fb11b5050>] The file is "/raid/data/ReducedData/q18a0a0c025_144/q18a0a0c025_144/q18a0a0c025_144.bbh". This entry's metadata file is valid.
  267	[Log for <nrutils.core.nrsc.scentry instance at 0x7f7fb12520e0>] The file is "/raid/data/ReducedData/q18a0a0c025_144/q18a0a0c025_144/psi4modes.bbh". This entry's metadta file is invalid.
  268	[Log for <nrutils.core.nrsc.scentry instance at 0x7f7fb10a1200>] The file is "/raid/data/ReducedData/q18a0a0c025_144/q18a0a0c025_144/q18a0a0c025_144.hFFI.bbh". This entry's metadta file is invalid.
